Domain: ../resources/IPC4/PIPESWORLD/domain/DOMAIN.PDDL
Problem: ../resources/IPC4/PIPESWORLD/problems/P01_NET1_B6_G2.PDDL
DETAILED SOLUTION
7
0 init(<Instance>)[A1,A2,A3,lco,gasoleo,rat-a,oca1,oc1b,B0,B3,B1,B4,B2,B5,S12,S13] {} {+on[B1,A3],+last[B5,S13],+first[B5,S13],+last[B4,S12],+first[B4,S12],+on[B0,A1],+on[B2,A1],+on[B3,A1]} {}
1 goal(<Instance>)[A1,A2,A3,lco,gasoleo,rat-a,oca1,oc1b,B0,B3,B1,B4,B2,B5,S12,S13] {+on[B2,A3],+on[B5,A2]} {} {}
2 PUSH-UNITARYPIPE[S12,B0,A1,A2,B5,oc1b,oca1] {+first[B5,S12],+on[B0,A1]} {+first[B0,S12],+on[B5,A2],+last[B0,S12]} {+last[B5,S12],+first[B5,S12],+on[B0,A1]}
3 PUSH-UNITARYPIPE[S13,B3,A1,A3,B2,rat-a,gasoleo] {+first[B2,S13],+on[B3,A1]} {+first[B3,S13],+on[B2,A3],+last[B3,S13]} {+last[B2,S13],+first[B2,S13],+on[B3,A1]}
4 PUSH-UNITARYPIPE[S12,B5,A1,A2,B4,oca1,lco] {+first[B4,S12],+on[B5,A1]} {+last[B5,S12],+first[B5,S12],+on[B4,A2]} {+last[B4,S12],+first[B4,S12],+on[B5,A1]}
5 POP-UNITARYPIPE[S13,B1,A1,A3,B5,lco,oca1] {+last[B5,S13],+on[B1,A3]} {+last[B1,S13],+on[B5,A1],+first[B1,S13]} {+first[B5,S13],+last[B5,S13],+on[B1,A3]}
6 PUSH-UNITARYPIPE[S13,B2,A1,A3,B1,gasoleo,lco] {+first[B1,S13],+on[B2,A1]} {+on[B1,A3],+first[B2,S13],+last[B2,S13]} {+last[B1,S13],+on[B2,A1],+first[B1,S13]}
12
2 +on[B5,A2] 1
3 +on[B2,A3] 1
4 +first[B5,S12] 2
0 +on[B3,A1] 3
5 +on[B5,A1] 4
0 +on[B1,A3] 5
0 +on[B0,A1] 2
6 +first[B2,S13] 3
0 +last[B5,S13] 5
5 +first[B1,S13] 6
0 +first[B4,S12] 4
0 +on[B2,A1] 6
17
0 1
0 2
0 3
0 4
0 5
0 6
5 1
5 2
5 3
5 4
5 6
6 1
6 3
2 1
3 1
4 1
4 2
Domain: ../resources/IPC4/PIPESWORLD/domain/DOMAIN.PDDL
Problem: ../resources/IPC4/PIPESWORLD/problems/P03_NET1_B8_G3.PDDL
DETAILED SOLUTION
11
0 init(<Instance>)[A1,A2,A3,lco,gasoleo,rat-a,oca1,oc1b,B0,B1,B4,B6,B7,B3,B2,B5,S12,S13] {} {+on[B1,A3],+on[B7,A1],+last[B5,S12],+first[B2,S13],+on[B0,A1],+first[B5,S12],+last[B2,S13],+on[B3,A1],+on[B6,A3],+on[B4,A2]} {}
1 goal(<Instance>)[A1,A2,A3,lco,gasoleo,rat-a,oca1,oc1b,B0,B1,B4,B6,B7,B3,B2,B5,S12,S13] {+on[B0,A3],+on[B1,A1],+on[B6,A2]} {} {}
2 PUSH-UNITARYPIPE[S13,B5,A1,A3,B0,gasoleo,rat-a] {+first[B0,S13],+on[B5,A1]} {+on[B0,A3],+last[B5,S13],+first[B5,S13]} {+first[B0,S13],+last[B0,S13],+on[B5,A1]}
3 PUSH-UNITARYPIPE[S12,B7,A1,A2,B6,oca1,lco] {+first[B6,S12],+on[B7,A1]} {+last[B7,S12],+first[B7,S12],+on[B6,A2]} {+on[B7,A1],+last[B6,S12],+first[B6,S12]}
4 PUSH-UNITARYPIPE[S13,B0,A1,A3,B2,rat-a,rat-a] {+first[B2,S13],+on[B0,A1]} {+on[B2,A3],+last[B0,S13],+first[B0,S13]} {+last[B2,S13],+first[B2,S13],+on[B0,A1]}
5 POP-UNITARYPIPE[S13,B6,A1,A3,B1,lco,gasoleo] {+last[B1,S13],+on[B6,A3]} {+last[B6,S13],+first[B6,S13],+on[B1,A1]} {+last[B1,S13],+on[B6,A3],+first[B1,S13]}
6 POP-UNITARYPIPE[S12,B4,A1,A2,B5,gasoleo,gasoleo] {+last[B5,S12],+on[B4,A2]} {+on[B5,A1],+last[B4,S12],+first[B4,S12]} {+on[B4,A2],+last[B5,S12],+first[B5,S12]}
7 PUSH-UNITARYPIPE[S12,B6,A1,A2,B5,lco,gasoleo] {+first[B5,S12],+on[B6,A1]} {+last[B6,S12],+first[B6,S12],+on[B5,A2]} {+last[B5,S12],+first[B5,S12],+on[B6,A1]}
8 POP-UNITARYPIPE[S13,B1,A1,A3,B5,gasoleo,gasoleo] {+last[B5,S13],+on[B1,A3]} {+last[B1,S13],+on[B5,A1],+first[B1,S13]} {+first[B5,S13],+last[B5,S13],+on[B1,A3]}
9 POP-UNITARYPIPE[S13,B2,A1,A3,B6,rat-a,lco] {+last[B6,S13],+on[B2,A3]} {+on[B6,A1],+first[B2,S13],+last[B2,S13]} {+last[B6,S13],+on[B2,A3],+first[B6,S13]}
10 PUSH-UNITARYPIPE[S12,B5,A1,A2,B4,gasoleo,gasoleo] {+first[B4,S12],+on[B5,A1]} {+last[B5,S12],+first[B5,S12],+on[B4,A2]} {+last[B4,S12],+first[B4,S12],+on[B5,A1]}
21
2 +on[B0,A3] 1
3 +on[B6,A2] 1
4 +first[B0,S13] 2
0 +on[B7,A1] 3
0 +first[B2,S13] 4
0 +on[B0,A1] 4
5 +on[B1,A1] 1
0 +on[B6,A3] 5
6 +on[B5,A1] 2
0 +on[B4,A2] 6
7 +first[B6,S12] 3
8 +last[B1,S13] 5
0 +on[B1,A3] 8
9 +on[B6,A1] 7
4 +on[B2,A3] 9
2 +last[B5,S13] 8
5 +last[B6,S13] 9
0 +last[B5,S12] 6
10 +first[B5,S12] 7
6 +first[B4,S12] 10
8 +on[B5,A1] 10
52
0 1
0 2
0 3
0 4
0 5
0 6
0 7
0 8
0 9
0 10
5 1
5 3
5 7
5 9
10 1
10 3
10 7
6 1
6 2
6 3
6 5
6 7
6 8
6 9
6 10
9 1
9 3
9 7
2 1
2 3
2 5
2 7
2 8
2 9
2 10
7 1
7 3
3 1
8 1
8 3
8 5
8 7
8 9
8 10
4 1
4 2
4 3
4 5
4 7
4 8
4 9
4 10
Domain: ../resources/IPC4/PIPESWORLD/domain/DOMAIN.PDDL
Problem: ../resources/IPC4/PIPESWORLD/problems/P05_NET1_B10_G4.PDDL
DETAILED SOLUTION
10
0 init(<Instance>)[A1,A2,A3,lco,gasoleo,rat-a,oca1,oc1b,B0,B1,B4,B6,B7,B9,B3,B8,B2,B5,S12,S13] {} {+on[B1,A3],+on[B7,A1],+last[B6,S12],+first[B6,S12],+first[B2,S13],+on[B8,A1],+on[B3,A3],+on[B0,A2],+on[B4,A1],+last[B2,S13],+on[B5,A2],+on[B9,A2]} {}
1 goal(<Instance>)[A1,A2,A3,lco,gasoleo,rat-a,oca1,oc1b,B0,B1,B4,B6,B7,B9,B3,B8,B2,B5,S12,S13] {+on[B6,A3],+on[B7,A2],+on[B9,A1],+on[B5,A1]} {} {}
2 PUSH-UNITARYPIPE[S13,B8,A1,A3,B6,lco,rat-a] {+first[B6,S13],+on[B8,A1]} {+last[B8,S13],+first[B8,S13],+on[B6,A3]} {+last[B6,S13],+on[B8,A1],+first[B6,S13]}
3 PUSH-UNITARYPIPE[S12,B8,A1,A2,B7,lco,gasoleo] {+first[B7,S12],+on[B8,A1]} {+first[B8,S12],+on[B7,A2],+last[B8,S12]} {+first[B7,S12],+on[B8,A1],+last[B7,S12]}
4 POP-UNITARYPIPE[S12,B5,A1,A2,B9,gasoleo,oc1b] {+last[B9,S12],+on[B5,A2]} {+last[B5,S12],+on[B9,A1],+first[B5,S12]} {+first[B9,S12],+last[B9,S12],+on[B5,A2]}
5 PUSH-UNITARYPIPE[S13,B6,A1,A3,B2,rat-a,gasoleo] {+first[B2,S13],+on[B6,A1]} {+on[B2,A3],+last[B6,S13],+first[B6,S13]} {+on[B6,A1],+last[B2,S13],+first[B2,S13]}
6 POP-UNITARYPIPE[S12,B9,A1,A2,B8,oc1b,lco] {+last[B8,S12],+on[B9,A2]} {+last[B9,S12],+on[B8,A1],+first[B9,S12]} {+on[B9,A2],+last[B8,S12],+first[B8,S12]}
7 POP-UNITARYPIPE[S12,B0,A1,A2,B6,rat-a,rat-a] {+last[B6,S12],+on[B0,A2]} {+on[B6,A1],+first[B0,S12],+last[B0,S12]} {+on[B0,A2],+last[B6,S12],+first[B6,S12]}
8 POP-UNITARYPIPE[S12,B0,A1,A2,B5,rat-a,gasoleo] {+last[B5,S12],+on[B0,A2]} {+on[B5,A1],+first[B0,S12],+last[B0,S12]} {+on[B0,A2],+last[B5,S12],+first[B5,S12]}
9 PUSH-UNITARYPIPE[S12,B7,A1,A2,B0,gasoleo,rat-a] {+first[B0,S12],+on[B7,A1]} {+last[B7,S12],+first[B7,S12],+on[B0,A2]} {+last[B0,S12],+first[B0,S12],+on[B7,A1]}
20
2 +on[B6,A3] 1
3 +on[B7,A2] 1
4 +on[B9,A1] 1
0 +on[B5,A2] 4
5 +first[B6,S13] 2
6 +last[B9,S12] 4
0 +on[B9,A2] 6
7 +on[B6,A1] 5
0 +on[B0,A2] 7
0 +last[B6,S12] 7
8 +on[B5,A1] 1
9 +on[B0,A2] 8
7 +first[B0,S12] 9
9 +first[B7,S12] 3
3 +last[B8,S12] 6
4 +last[B5,S12] 8
0 +on[B8,A1] 3
0 +first[B2,S13] 5
0 +on[B7,A1] 9
6 +on[B8,A1] 2
38
0 1
0 2
0 3
0 4
0 5
0 6
0 7
0 8
0 9
5 1
5 2
6 1
6 2
6 4
6 8
9 1
9 2
9 3
9 4
9 6
9 8
2 1
7 1
7 2
7 3
7 4
7 5
7 6
7 8
7 9
3 1
3 2
3 4
3 6
3 8
8 1
4 1
4 8
Domain: ../resources/IPC4/PIPESWORLD/domain/DOMAIN.PDDL
Problem: ../resources/IPC4/PIPESWORLD/problems/P06_NET1_B10_G6.PDDL
DETAILED SOLUTION
13
0 init(<Instance>)[A1,A2,A3,lco,gasoleo,rat-a,oca1,oc1b,B0,B1,B4,B6,B7,B9,B3,B8,B2,B5,S12,S13] {} {+on[B1,A3],+on[B7,A1],+last[B6,S12],+first[B6,S12],+first[B2,S13],+on[B8,A1],+on[B3,A3],+on[B0,A2],+on[B4,A1],+last[B2,S13],+on[B5,A2],+on[B9,A2]} {}
1 goal(<Instance>)[A1,A2,A3,lco,gasoleo,rat-a,oca1,oc1b,B0,B1,B4,B6,B7,B9,B3,B8,B2,B5,S12,S13] {+on[B6,A3],+on[B7,A2],+on[B9,A1],+on[B3,A1],+on[B2,A3],+on[B5,A1]} {} {}
2 PUSH-UNITARYPIPE[S13,B8,A1,A3,B6,lco,rat-a] {+first[B6,S13],+on[B8,A1]} {+last[B8,S13],+first[B8,S13],+on[B6,A3]} {+last[B6,S13],+on[B8,A1],+first[B6,S13]}
3 PUSH-UNITARYPIPE[S12,B8,A1,A2,B7,lco,gasoleo] {+first[B7,S12],+on[B8,A1]} {+first[B8,S12],+on[B7,A2],+last[B8,S12]} {+first[B7,S12],+on[B8,A1],+last[B7,S12]}
4 PUSH-UNITARYPIPE[S13,B6,A1,A3,B2,rat-a,gasoleo] {+first[B2,S13],+on[B6,A1]} {+on[B2,A3],+last[B6,S13],+first[B6,S13]} {+on[B6,A1],+last[B2,S13],+first[B2,S13]}
5 POP-UNITARYPIPE[S12,B5,A1,A2,B9,gasoleo,oc1b] {+last[B9,S12],+on[B5,A2]} {+last[B5,S12],+on[B9,A1],+first[B5,S12]} {+first[B9,S12],+last[B9,S12],+on[B5,A2]}
6 POP-UNITARYPIPE[S13,B1,A1,A3,B3,gasoleo,oca1] {+last[B3,S13],+on[B1,A3]} {+last[B1,S13],+first[B1,S13],+on[B3,A1]} {+last[B3,S13],+first[B3,S13],+on[B1,A3]}
7 POP-UNITARYPIPE[S12,B0,A1,A2,B6,rat-a,rat-a] {+last[B6,S12],+on[B0,A2]} {+on[B6,A1],+first[B0,S12],+last[B0,S12]} {+on[B0,A2],+last[B6,S12],+first[B6,S12]}
8 POP-UNITARYPIPE[S12,B9,A1,A2,B8,oc1b,lco] {+last[B8,S12],+on[B9,A2]} {+last[B9,S12],+on[B8,A1],+first[B9,S12]} {+on[B9,A2],+last[B8,S12],+first[B8,S12]}
9 POP-UNITARYPIPE[S13,B3,A1,A3,B2,oca1,gasoleo] {+last[B2,S13],+on[B3,A3]} {+first[B3,S13],+last[B3,S13],+on[B2,A1]} {+last[B2,S13],+on[B3,A3],+first[B2,S13]}
10 POP-UNITARYPIPE[S12,B0,A1,A2,B5,rat-a,gasoleo] {+last[B5,S12],+on[B0,A2]} {+on[B5,A1],+first[B0,S12],+last[B0,S12]} {+on[B0,A2],+last[B5,S12],+first[B5,S12]}
11 PUSH-UNITARYPIPE[S12,B7,A1,A2,B0,gasoleo,rat-a] {+first[B0,S12],+on[B7,A1]} {+last[B7,S12],+first[B7,S12],+on[B0,A2]} {+last[B0,S12],+first[B0,S12],+on[B7,A1]}
12 PUSH-UNITARYPIPE[S13,B2,A1,A3,B1,gasoleo,gasoleo] {+first[B1,S13],+on[B2,A1]} {+on[B1,A3],+first[B2,S13],+last[B2,S13]} {+last[B1,S13],+on[B2,A1],+first[B1,S13]}
28
2 +on[B6,A3] 1
3 +on[B7,A2] 1
4 +on[B2,A3] 1
5 +on[B9,A1] 1
0 +on[B5,A2] 5
6 +on[B3,A1] 1
0 +on[B1,A3] 6
7 +on[B6,A1] 4
0 +on[B0,A2] 7
8 +last[B9,S12] 5
0 +on[B9,A2] 8
9 +last[B3,S13] 6
0 +on[B3,A3] 9
4 +first[B6,S13] 2
0 +last[B6,S12] 7
10 +on[B5,A1] 1
11 +on[B0,A2] 10
7 +first[B0,S12] 11
11 +first[B7,S12] 3
3 +last[B8,S12] 8
5 +last[B5,S12] 10
0 +on[B8,A1] 3
12 +first[B2,S13] 4
6 +first[B1,S13] 12
9 +on[B2,A1] 12
0 +last[B2,S13] 9
0 +on[B7,A1] 11
8 +on[B8,A1] 2
53
0 1
0 2
0 3
0 4
0 5
0 6
0 7
0 8
0 9
0 10
0 11
0 12
5 1
5 10
10 1
6 1
6 2
6 4
6 12
9 1
9 2
9 4
9 6
9 12
2 1
12 1
12 2
12 4
7 1
7 2
7 3
7 4
7 5
7 8
7 10
7 11
3 1
3 2
3 5
3 8
3 10
11 1
11 2
11 3
11 5
11 8
11 10
8 1
8 2
8 5
8 10
4 1
4 2
Domain: ../resources/IPC4/PIPESWORLD/domain/DOMAIN.PDDL
Problem: ../resources/IPC4/PIPESWORLD/problems/P07_NET1_B12_G5.PDDL
DETAILED SOLUTION
10
0 init(<Instance>)[A1,A2,A3,lco,gasoleo,rat-a,oca1,oc1b,B10,B0,B1,B4,B6,B7,B9,B3,B8,B2,B11,B5,S12,S13] {} {+first[B8,S12],+on[B10,A1],+on[B7,A3],+last[B1,S13],+on[B11,A3],+first[B1,S13],+on[B2,A2],+on[B0,A1],+on[B3,A3],+last[B8,S12],+on[B5,A2],+on[B9,A2],+on[B6,A3],+on[B4,A2]} {}
1 goal(<Instance>)[A1,A2,A3,lco,gasoleo,rat-a,oca1,oc1b,B10,B0,B1,B4,B6,B7,B9,B3,B8,B2,B11,B5,S12,S13] {+on[B1,A2],+on[B4,A1],+on[B7,A1],+on[B9,A1],+on[B11,A1]} {} {}
2 PUSH-UNITARYPIPE[S12,B0,A1,A2,B1,lco,oc1b] {+first[B1,S12],+on[B0,A1]} {+first[B0,S12],+last[B0,S12],+on[B1,A2]} {+first[B1,S12],+on[B0,A1],+last[B1,S12]}
3 PUSH-UNITARYPIPE[S12,B1,A1,A2,B8,oc1b,oc1b] {+first[B8,S12],+on[B1,A1]} {+first[B1,S12],+last[B1,S12],+on[B8,A2]} {+last[B8,S12],+on[B1,A1],+first[B8,S12]}
4 POP-UNITARYPIPE[S13,B11,A1,A3,B1,gasoleo,oc1b] {+last[B1,S13],+on[B11,A3]} {+last[B11,S13],+on[B1,A1],+first[B11,S13]} {+last[B1,S13],+on[B11,A3],+first[B1,S13]}
5 POP-UNITARYPIPE[S13,B6,A1,A3,B7,lco,rat-a] {+last[B7,S13],+on[B6,A3]} {+on[B7,A1],+last[B6,S13],+first[B6,S13]} {+last[B7,S13],+on[B6,A3],+first[B7,S13]}
6 POP-UNITARYPIPE[S13,B7,A1,A3,B11,rat-a,gasoleo] {+last[B11,S13],+on[B7,A3]} {+last[B7,S13],+on[B11,A1],+first[B7,S13]} {+last[B11,S13],+on[B7,A3],+first[B11,S13]}
7 POP-UNITARYPIPE[S12,B2,A1,A2,B4,rat-a,lco] {+last[B4,S12],+on[B2,A2]} {+on[B4,A1],+last[B2,S12],+first[B2,S12]} {+last[B4,S12],+on[B2,A2],+first[B4,S12]}
8 POP-UNITARYPIPE[S12,B4,A1,A2,B9,lco,lco] {+last[B9,S12],+on[B4,A2]} {+last[B4,S12],+first[B4,S12],+on[B9,A1]} {+first[B9,S12],+on[B4,A2],+last[B9,S12]}
9 POP-UNITARYPIPE[S12,B9,A1,A2,B0,lco,lco] {+last[B0,S12],+on[B9,A2]} {+last[B9,S12],+on[B0,A1],+first[B9,S12]} {+last[B0,S12],+first[B0,S12],+on[B9,A2]}
21
2 +on[B1,A2] 1
3 +first[B1,S12] 2
4 +on[B1,A1] 3
0 +on[B11,A3] 4
5 +on[B7,A1] 1
0 +on[B6,A3] 5
0 +first[B8,S12] 3
0 +last[B1,S13] 4
6 +last[B7,S13] 5
0 +on[B7,A3] 6
7 +on[B4,A1] 1
0 +on[B2,A2] 7
8 +on[B9,A1] 1
0 +on[B4,A2] 8
9 +last[B9,S12] 8
0 +on[B9,A2] 9
6 +on[B11,A1] 1
4 +last[B11,S13] 6
8 +last[B4,S12] 7
2 +last[B0,S12] 9
0 +on[B0,A1] 2
35
0 1
0 2
0 3
0 4
0 5
0 6
0 7
0 8
0 9
5 1
6 1
6 5
9 1
9 7
9 8
2 1
2 7
2 8
2 9
7 1
3 1
3 2
3 7
3 8
3 9
8 1
8 7
4 1
4 2
4 3
4 5
4 6
4 7
4 8
4 9
Domain: ../resources/IPC4/PIPESWORLD/domain/DOMAIN.PDDL
Problem: ../resources/IPC4/PIPESWORLD/problems/P08_NET1_B12_G7.PDDL
DETAILED SOLUTION
12
0 init(<Instance>)[A1,A2,A3,lco,gasoleo,rat-a,oca1,oc1b,B10,B0,B1,B4,B6,B7,B9,B3,B8,B2,B11,B5,S12,S13] {} {+first[B8,S12],+on[B10,A1],+on[B7,A3],+last[B1,S13],+on[B11,A3],+first[B1,S13],+on[B2,A2],+on[B0,A1],+on[B3,A3],+last[B8,S12],+on[B5,A2],+on[B9,A2],+on[B6,A3],+on[B4,A2]} {}
1 goal(<Instance>)[A1,A2,A3,lco,gasoleo,rat-a,oca1,oc1b,B10,B0,B1,B4,B6,B7,B9,B3,B8,B2,B11,B5,S12,S13] {+on[B1,A2],+on[B4,A1],+on[B7,A1],+on[B9,A1],+on[B3,A1],+on[B11,A1],+on[B5,A1]} {} {}
2 PUSH-UNITARYPIPE[S12,B0,A1,A2,B1,lco,oc1b] {+first[B1,S12],+on[B0,A1]} {+first[B0,S12],+last[B0,S12],+on[B1,A2]} {+first[B1,S12],+on[B0,A1],+last[B1,S12]}
3 PUSH-UNITARYPIPE[S12,B1,A1,A2,B8,oc1b,oc1b] {+first[B8,S12],+on[B1,A1]} {+first[B1,S12],+last[B1,S12],+on[B8,A2]} {+last[B8,S12],+on[B1,A1],+first[B8,S12]}
4 POP-UNITARYPIPE[S13,B11,A1,A3,B1,gasoleo,oc1b] {+last[B1,S13],+on[B11,A3]} {+last[B11,S13],+on[B1,A1],+first[B11,S13]} {+last[B1,S13],+on[B11,A3],+first[B1,S13]}
5 POP-UNITARYPIPE[S13,B6,A1,A3,B7,lco,rat-a] {+last[B7,S13],+on[B6,A3]} {+on[B7,A1],+last[B6,S13],+first[B6,S13]} {+last[B7,S13],+on[B6,A3],+first[B7,S13]}
6 POP-UNITARYPIPE[S12,B4,A1,A2,B5,lco,rat-a] {+last[B5,S12],+on[B4,A2]} {+on[B5,A1],+last[B4,S12],+first[B4,S12]} {+on[B4,A2],+last[B5,S12],+first[B5,S12]}
7 POP-UNITARYPIPE[S13,B7,A1,A3,B3,rat-a,gasoleo] {+last[B3,S13],+on[B7,A3]} {+last[B7,S13],+first[B7,S13],+on[B3,A1]} {+on[B7,A3],+last[B3,S13],+first[B3,S13]}
8 POP-UNITARYPIPE[S12,B5,A1,A2,B0,rat-a,lco] {+last[B0,S12],+on[B5,A2]} {+last[B5,S12],+on[B0,A1],+first[B5,S12]} {+last[B0,S12],+first[B0,S12],+on[B5,A2]}
9 POP-UNITARYPIPE[S12,B9,A1,A2,B4,lco,lco] {+last[B4,S12],+on[B9,A2]} {+last[B9,S12],+on[B4,A1],+first[B9,S12]} {+last[B4,S12],+on[B9,A2],+first[B4,S12]}
10 POP-UNITARYPIPE[S12,B2,A1,A2,B9,rat-a,lco] {+last[B9,S12],+on[B2,A2]} {+on[B9,A1],+last[B2,S12],+first[B2,S12]} {+first[B9,S12],+on[B2,A2],+last[B9,S12]}
11 POP-UNITARYPIPE[S13,B3,A1,A3,B11,gasoleo,gasoleo] {+last[B11,S13],+on[B3,A3]} {+first[B3,S13],+last[B3,S13],+on[B11,A1]} {+last[B11,S13],+on[B3,A3],+first[B11,S13]}
27
2 +on[B1,A2] 1
3 +first[B1,S12] 2
4 +on[B1,A1] 3
0 +on[B11,A3] 4
5 +on[B7,A1] 1
0 +on[B6,A3] 5
6 +on[B5,A1] 1
0 +on[B4,A2] 6
0 +first[B8,S12] 3
0 +last[B1,S13] 4
7 +last[B7,S13] 5
0 +on[B7,A3] 7
8 +last[B5,S12] 6
0 +on[B5,A2] 8
9 +on[B4,A1] 1
0 +on[B9,A2] 9
10 +on[B9,A1] 1
0 +on[B2,A2] 10
11 +on[B11,A1] 1
0 +on[B3,A3] 11
7 +on[B3,A1] 1
11 +last[B3,S13] 7
2 +last[B0,S12] 8
6 +last[B4,S12] 9
9 +last[B9,S12] 10
4 +last[B11,S13] 11
0 +on[B0,A1] 2
48
0 1
0 2
0 3
0 4
0 5
0 6
0 7
0 8
0 9
0 10
0 11
5 1
10 1
6 1
6 9
6 10
9 1
9 10
2 1
2 6
2 8
2 9
2 10
7 1
7 5
3 1
3 2
3 6
3 8
3 9
3 10
11 1
11 5
11 7
8 1
8 6
8 9
8 10
4 1
4 2
4 3
4 5
4 6
4 7
4 8
4 9
4 10
4 11
Domain: ../resources/IPC4/PIPESWORLD/domain/DOMAIN.PDDL
Problem: ../resources/IPC4/PIPESWORLD/problems/P09_NET1_B14_G6.PDDL
DETAILED SOLUTION
18
0 init(<Instance>)[A1,A2,A3,lco,gasoleo,rat-a,oca1,oc1b,B10,B0,B1,B4,B6,B7,B12,B9,B3,B13,B8,B2,B11,B5,S12,S13] {} {+last[B7,S13],+on[B10,A2],+on[B6,A2],+on[B8,A3],+on[B11,A2],+on[B12,A3],+on[B0,A1],+first[B7,S13],+on[B3,A3],+on[B5,A2],+on[B13,A2],+on[B1,A2],+on[B9,A2],+last[B2,S12],+first[B2,S12],+on[B4,A2]} {}
1 goal(<Instance>)[A1,A2,A3,lco,gasoleo,rat-a,oca1,oc1b,B10,B0,B1,B4,B6,B7,B12,B9,B3,B13,B8,B2,B11,B5,S12,S13] {+on[B10,A3],+on[B4,A1],+on[B6,A1],+on[B12,A2],+on[B8,A2],+on[B5,A1]} {} {}
2 PUSH-UNITARYPIPE[S13,B0,A1,A3,B10,lco,oca1] {+first[B10,S13],+on[B0,A1]} {+last[B0,S13],+on[B10,A3],+first[B0,S13]} {+first[B10,S13],+last[B10,S13],+on[B0,A1]}
3 PUSH-UNITARYPIPE[S12,B0,A1,A2,B12,lco,rat-a] {+first[B12,S12],+on[B0,A1]} {+on[B12,A2],+first[B0,S12],+last[B0,S12]} {+first[B12,S12],+last[B12,S12],+on[B0,A1]}
4 PUSH-UNITARYPIPE[S12,B0,A1,A2,B8,lco,rat-a] {+first[B8,S12],+on[B0,A1]} {+first[B0,S12],+on[B8,A2],+last[B0,S12]} {+last[B8,S12],+on[B0,A1],+first[B8,S12]}
5 POP-UNITARYPIPE[S12,B10,A1,A2,B5,oca1,oca1] {+last[B5,S12],+on[B10,A2]} {+last[B10,S12],+on[B5,A1],+first[B10,S12]} {+last[B5,S12],+first[B5,S12],+on[B10,A2]}
6 PUSH-UNITARYPIPE[S13,B10,A1,A3,B7,oca1,oca1] {+first[B7,S13],+on[B10,A1]} {+first[B10,S13],+on[B7,A3],+last[B10,S13]} {+on[B10,A1],+last[B7,S13],+first[B7,S13]}
7 POP-UNITARYPIPE[S12,B5,A1,A2,B2,oca1,gasoleo] {+last[B2,S12],+on[B5,A2]} {+last[B5,S12],+first[B5,S12],+on[B2,A1]} {+last[B2,S12],+first[B2,S12],+on[B5,A2]}
8 POP-UNITARYPIPE[S12,B6,A1,A2,B10,lco,oca1] {+last[B10,S12],+on[B6,A2]} {+on[B10,A1],+last[B6,S12],+first[B6,S12]} {+on[B6,A2],+last[B10,S12],+first[B10,S12]}
9 PUSH-UNITARYPIPE[S12,B12,A1,A2,B2,rat-a,gasoleo] {+first[B2,S12],+on[B12,A1]} {+on[B2,A2],+first[B12,S12],+last[B12,S12]} {+last[B2,S12],+first[B2,S12],+on[B12,A1]}
10 PUSH-UNITARYPIPE[S12,B8,A1,A2,B2,rat-a,gasoleo] {+first[B2,S12],+on[B8,A1]} {+first[B8,S12],+on[B2,A2],+last[B8,S12]} {+last[B2,S12],+first[B2,S12],+on[B8,A1]}
11 POP-UNITARYPIPE[S13,B8,A1,A3,B12,rat-a,rat-a] {+last[B12,S13],+on[B8,A3]} {+last[B8,S13],+first[B8,S13],+on[B12,A1]} {+first[B12,S13],+on[B8,A3],+last[B12,S13]}
12 POP-UNITARYPIPE[S13,B3,A1,A3,B8,lco,rat-a] {+last[B8,S13],+on[B3,A3]} {+first[B3,S13],+last[B3,S13],+on[B8,A1]} {+on[B3,A3],+first[B8,S13],+last[B8,S13]}
13 POP-UNITARYPIPE[S13,B12,A1,A3,B0,rat-a,lco] {+last[B0,S13],+on[B12,A3]} {+last[B12,S13],+first[B12,S13],+on[B0,A1]} {+first[B0,S13],+last[B0,S13],+on[B12,A3]}
14 POP-UNITARYPIPE[S12,B9,A1,A2,B4,rat-a,lco] {+last[B4,S12],+on[B9,A2]} {+last[B9,S12],+on[B4,A1],+first[B9,S12]} {+last[B4,S12],+on[B9,A2],+first[B4,S12]}
15 POP-UNITARYPIPE[S12,B4,A1,A2,B6,lco,lco] {+last[B6,S12],+on[B4,A2]} {+last[B4,S12],+on[B6,A1],+first[B4,S12]} {+on[B4,A2],+last[B6,S12],+first[B6,S12]}
16 POP-UNITARYPIPE[S12,B2,A1,A2,B0,gasoleo,lco] {+last[B0,S12],+on[B2,A2]} {+on[B0,A1],+last[B2,S12],+first[B2,S12]} {+last[B0,S12],+first[B0,S12],+on[B2,A2]}
17 PUSH-UNITARYPIPE[S12,B2,A1,A2,B9,gasoleo,rat-a] {+first[B9,S12],+on[B2,A1]} {+on[B9,A2],+last[B2,S12],+first[B2,S12]} {+first[B9,S12],+on[B2,A1],+last[B9,S12]}
38
2 +on[B10,A3] 1
3 +on[B12,A2] 1
4 +on[B8,A2] 1
5 +on[B5,A1] 1
0 +on[B10,A2] 5
6 +first[B10,S13] 2
7 +last[B5,S12] 5
0 +on[B5,A2] 7
8 +on[B10,A1] 6
0 +on[B6,A2] 8
5 +last[B10,S12] 8
9 +first[B12,S12] 3
10 +first[B8,S12] 4
0 +first[B7,S13] 6
11 +on[B12,A1] 9
0 +on[B8,A3] 11
12 +on[B8,A1] 10
0 +on[B3,A3] 12
13 +last[B12,S13] 11
0 +on[B12,A3] 13
11 +last[B8,S13] 12
14 +on[B4,A1] 1
0 +on[B9,A2] 14
15 +on[B6,A1] 1
0 +on[B4,A2] 15
2 +last[B0,S13] 13
15 +last[B4,S12] 14
8 +last[B6,S12] 15
0 +on[B0,A1] 2
0 +last[B2,S12] 7
16 +first[B2,S12] 9
10 +on[B2,A2] 16
4 +last[B0,S12] 16
17 +first[B2,S12] 10
14 +first[B9,S12] 17
7 +on[B2,A1] 17
13 +on[B0,A1] 4
16 +on[B0,A1] 3
138
0 1
0 2
0 3
0 4
0 5
0 6
0 7
0 8
0 9
0 10
0 11
0 12
0 13
0 14
0 15
0 16
0 17
5 1
5 2
5 3
5 4
5 6
5 8
5 9
5 10
5 11
5 12
5 13
5 14
5 15
5 16
5 17
10 1
10 3
10 4
10 9
10 16
14 1
14 3
14 4
14 9
14 10
14 16
14 17
6 1
6 2
6 3
6 4
6 9
6 10
6 11
6 12
6 13
6 16
9 1
9 3
13 1
13 3
13 4
13 9
13 10
13 11
13 12
13 16
2 1
2 3
2 4
2 9
2 10
2 11
2 12
2 13
2 16
17 1
17 3
17 4
17 9
17 10
17 16
12 1
12 3
12 4
12 9
12 10
12 16
7 1
7 2
7 3
7 4
7 5
7 6
7 8
7 9
7 10
7 11
7 12
7 13
7 14
7 15
7 16
7 17
3 1
16 1
16 3
16 9
11 1
11 3
11 4
11 9
11 10
11 12
11 16
8 1
8 2
8 3
8 4
8 6
8 9
8 10
8 11
8 12
8 13
8 14
8 15
8 16
8 17
4 1
4 3
4 9
4 16
15 1
15 3
15 4
15 9
15 10
15 14
15 16
15 17
Domain: ../resources/IPC4/PIPESWORLD/domain/DOMAIN.PDDL
Problem: ../resources/IPC4/PIPESWORLD/problems/P21_NET3_B12_G2.PDDL
DETAILED SOLUTION
16
0 init(<Instance>)[A1,A2,A3,A4,lco,gasoleo,rat-a,oca1,oc1b,B10,B0,B1,B4,B6,B7,B9,B3,B8,B2,B11,B5,S12,S13,S34] {} {+on[B8,A4],+on[B10,A4],+follow[B9,B7],+last[B9,S13],+on[B2,A2],+on[B6,A1],+on[B1,A1],+on[B11,A2],+normal[S13],+follow[B0,B5],+first[B5,S12],+first[B7,S13],+first[B4,S34],+last[B0,S12],+normal[S12],+on[B3,A4],+last[B4,S34]} {}
1 goal(<Instance>)[A1,A2,A3,A4,lco,gasoleo,rat-a,oca1,oc1b,B10,B0,B1,B4,B6,B7,B9,B3,B8,B2,B11,B5,S12,S13,S34] {+on[B6,A2],+on[B11,A1]} {} {}
2 PUSH-END[S12,A1,A2,B6,B1] {+push-updating[S12],+last[B6,S12],+follow[B6,B1]} {+last[B1,S12],+on[B6,A2],+normal[S12]} {+last[B6,S12],+follow[B6,B1],+push-updating[S12]}
3 PUSH-START[S12,B1,A1,A2,B6,gasoleo,rat-a] {+normal[S12],+first[B6,S12],+on[B1,A1]} {+first[B1,S12],+follow[B6,B1],+push-updating[S12]} {+normal[S12],+on[B1,A1],+first[B6,S12]}
4 PUSH-END[S12,A1,A2,B0,B6] {+push-updating[S12],+last[B0,S12],+follow[B0,B6]} {+last[B6,S12],+on[B0,A2],+normal[S12]} {+last[B0,S12],+follow[B0,B6],+push-updating[S12]}
5 PUSH-START[S12,B6,A1,A2,B0,rat-a,lco] {+normal[S12],+first[B0,S12],+on[B6,A1]} {+follow[B0,B6],+push-updating[S12],+first[B6,S12]} {+first[B0,S12],+normal[S12],+on[B6,A1]}
6 POP-END[S12,A1,A2,B11,B0] {+pop-updating[S12],+first[B11,S12],+follow[B0,B11]} {+on[B11,A1],+first[B0,S12],+normal[S12]} {+first[B11,S12],+follow[B0,B11],+pop-updating[S12]}
7 POP-START[S12,B0,A1,A2,B11,lco,gasoleo] {+normal[S12],+last[B11,S12],+on[B0,A2]} {+pop-updating[S12],+follow[B0,B11],+last[B0,S12]} {+on[B0,A2],+normal[S12],+last[B11,S12]}
8 PUSH-END[S12,A1,A2,B0,B5] {+push-updating[S12],+last[B0,S12],+follow[B0,B5]} {+last[B5,S12],+on[B0,A2],+normal[S12]} {+last[B0,S12],+follow[B0,B5],+push-updating[S12]}
9 POP-END[S12,A1,A2,B5,B11] {+pop-updating[S12],+first[B5,S12],+follow[B11,B5]} {+on[B5,A1],+first[B11,S12],+normal[S12]} {+first[B5,S12],+follow[B11,B5],+pop-updating[S12]}
10 POP-START[S12,B11,A1,A2,B5,gasoleo,oc1b] {+normal[S12],+last[B5,S12],+on[B11,A2]} {+last[B11,S12],+pop-updating[S12],+follow[B11,B5]} {+normal[S12],+last[B5,S12],+on[B11,A2]}
11 POP-END[S12,A1,A2,B1,B5] {+pop-updating[S12],+first[B1,S12],+follow[B5,B1]} {+on[B1,A1],+first[B5,S12],+normal[S12]} {+first[B1,S12],+follow[B5,B1],+pop-updating[S12]}
12 PUSH-START[S12,B1,A1,A2,B5,gasoleo,oc1b] {+normal[S12],+first[B5,S12],+on[B1,A1]} {+first[B1,S12],+follow[B5,B1],+push-updating[S12]} {+normal[S12],+first[B5,S12],+on[B1,A1]}
13 PUSH-END[S12,A1,A2,B2,B0] {+push-updating[S12],+last[B2,S12],+follow[B2,B0]} {+on[B2,A2],+last[B0,S12],+normal[S12]} {+last[B2,S12],+follow[B2,B0],+push-updating[S12]}
14 POP-START[S12,B2,A1,A2,B0,rat-a,lco] {+normal[S12],+last[B0,S12],+on[B2,A2]} {+pop-updating[S12],+last[B2,S12],+follow[B2,B0]} {+last[B0,S12],+on[B2,A2],+normal[S12]}
15 PUSH-START[S12,B5,A1,A2,B1,oc1b,gasoleo] {+normal[S12],+first[B1,S12],+on[B5,A1]} {+push-updating[S12],+follow[B1,B5],+first[B5,S12]} {+normal[S12],+first[B1,S12],+on[B5,A1]}
44
2 +on[B6,A2] 1
3 +follow[B6,B1] 2
4 +last[B6,S12] 2
5 +follow[B0,B6] 4
5 +first[B6,S12] 3
0 +on[B6,A1] 5
6 +on[B11,A1] 1
7 +follow[B0,B11] 6
8 +on[B0,A2] 7
0 +follow[B0,B5] 8
9 +first[B11,S12] 6
10 +follow[B11,B5] 9
0 +on[B11,A2] 10
8 +last[B5,S12] 10
11 +first[B5,S12] 9
12 +follow[B5,B1] 11
0 +first[B5,S12] 12
6 +first[B0,S12] 5
10 +last[B11,S12] 7
12 +first[B1,S12] 11
0 +last[B0,S12] 8
0 +on[B1,A1] 12
11 +on[B1,A1] 3
13 +last[B0,S12] 4
14 +follow[B2,B0] 13
0 +on[B2,A2] 14
14 +last[B2,S12] 13
7 +last[B0,S12] 14
12 +push-updating[S12] 8
15 +push-updating[S12] 2
9 +on[B5,A1] 15
3 +first[B1,S12] 15
3 +push-updating[S12] 4
5 +push-updating[S12] 13
14 +pop-updating[S12] 6
7 +pop-updating[S12] 9
10 +pop-updating[S12] 11
0 +normal[S12] 12
8 +normal[S12] 10
11 +normal[S12] 7
9 +normal[S12] 14
6 +normal[S12] 5
13 +normal[S12] 3
4 +normal[S12] 15
120
0 1
0 2
0 3
0 4
0 5
0 6
0 7
0 8
0 9
0 10
0 11
0 12
0 13
0 14
0 15
5 1
5 2
5 3
5 4
5 13
5 15
10 1
10 2
10 3
10 4
10 5
10 6
10 7
10 9
10 11
10 13
10 14
10 15
14 1
14 2
14 3
14 4
14 5
14 6
14 13
14 15
6 1
6 2
6 3
6 4
6 5
6 13
6 15
9 1
9 2
9 3
9 4
9 5
9 6
9 13
9 14
9 15
13 1
13 2
13 3
13 4
13 15
2 1
12 1
12 2
12 3
12 4
12 5
12 6
12 7
12 8
12 9
12 10
12 11
12 13
12 14
12 15
7 1
7 2
7 3
7 4
7 5
7 6
7 9
7 13
7 14
7 15
3 1
3 2
3 4
3 15
11 1
11 2
11 3
11 4
11 5
11 6
11 7
11 9
11 13
11 14
11 15
8 1
8 2
8 3
8 4
8 5
8 6
8 7
8 9
8 10
8 11
8 13
8 14
8 15
4 1
4 2
4 15
15 1
15 2
