Domain: ../resources/IPC2/miconic/domain/domain.pddl
Problem: ../resources/IPC2/miconic/problems/s01-0.pddl
DETAILED SOLUTION
6
0 init(<Instance>)[p0,f0,f1] {} {+lift-at[f0]} {}
1 goal(<Instance>)[p0,f0,f1] {+served[p0]} {} {}
2 depart[f0,p0] {+lift-at[f0],+boarded[p0]} {+served[p0]} {+boarded[p0]}
3 board[f1,p0] {+lift-at[f1]} {+boarded[p0]} {}
4 up[f0,f1] {+lift-at[f0]} {+lift-at[f1]} {+lift-at[f0]}
5 down[f1,f0] {+lift-at[f1]} {+lift-at[f0]} {+lift-at[f1]}
6
2 +served[p0] 1
3 +boarded[p0] 2
4 +lift-at[f1] 3
5 +lift-at[f0] 2
4 +lift-at[f1] 5
0 +lift-at[f0] 4
15
0 1
0 2
0 3
0 4
0 5
5 1
5 2
2 1
3 1
3 2
3 5
4 1
4 2
4 3
4 5
Domain: ../resources/IPC2/miconic/domain/domain.pddl
Problem: ../resources/IPC2/miconic/problems/s01-1.pddl
DETAILED SOLUTION
5
0 init(<Instance>)[p0,f0,f1] {} {+lift-at[f0]} {}
1 goal(<Instance>)[p0,f0,f1] {+served[p0]} {} {}
2 depart[f1,p0] {+lift-at[f1],+boarded[p0]} {+served[p0]} {+boarded[p0]}
3 up[f0,f1] {+lift-at[f0]} {+lift-at[f1]} {+lift-at[f0]}
4 board[f0,p0] {+lift-at[f0]} {+boarded[p0]} {}
5
2 +served[p0] 1
3 +lift-at[f1] 2
4 +boarded[p0] 2
0 +lift-at[f0] 3
0 +lift-at[f0] 4
10
0 1
0 2
0 3
0 4
2 1
3 1
3 2
4 1
4 2
4 3
Domain: ../resources/IPC2/miconic/domain/domain.pddl
Problem: ../resources/IPC2/miconic/problems/s01-2.pddl
DETAILED SOLUTION
6
0 init(<Instance>)[p0,f0,f1] {} {+lift-at[f0]} {}
1 goal(<Instance>)[p0,f0,f1] {+served[p0]} {} {}
2 depart[f0,p0] {+lift-at[f0],+boarded[p0]} {+served[p0]} {+boarded[p0]}
3 board[f1,p0] {+lift-at[f1]} {+boarded[p0]} {}
4 up[f0,f1] {+lift-at[f0]} {+lift-at[f1]} {+lift-at[f0]}
5 down[f1,f0] {+lift-at[f1]} {+lift-at[f0]} {+lift-at[f1]}
6
2 +served[p0] 1
3 +boarded[p0] 2
4 +lift-at[f1] 3
5 +lift-at[f0] 2
4 +lift-at[f1] 5
0 +lift-at[f0] 4
15
0 1
0 2
0 3
0 4
0 5
5 1
5 2
2 1
3 1
3 2
3 5
4 1
4 2
4 3
4 5
Domain: ../resources/IPC2/miconic/domain/domain.pddl
Problem: ../resources/IPC2/miconic/problems/s01-3.pddl
DETAILED SOLUTION
6
0 init(<Instance>)[p0,f0,f1] {} {+lift-at[f0]} {}
1 goal(<Instance>)[p0,f0,f1] {+served[p0]} {} {}
2 depart[f0,p0] {+lift-at[f0],+boarded[p0]} {+served[p0]} {+boarded[p0]}
3 board[f1,p0] {+lift-at[f1]} {+boarded[p0]} {}
4 up[f0,f1] {+lift-at[f0]} {+lift-at[f1]} {+lift-at[f0]}
5 down[f1,f0] {+lift-at[f1]} {+lift-at[f0]} {+lift-at[f1]}
6
2 +served[p0] 1
3 +boarded[p0] 2
4 +lift-at[f1] 3
5 +lift-at[f0] 2
4 +lift-at[f1] 5
0 +lift-at[f0] 4
15
0 1
0 2
0 3
0 4
0 5
5 1
5 2
2 1
3 1
3 2
3 5
4 1
4 2
4 3
4 5
Domain: ../resources/IPC2/miconic/domain/domain.pddl
Problem: ../resources/IPC2/miconic/problems/s01-4.pddl
DETAILED SOLUTION
6
0 init(<Instance>)[p0,f0,f1] {} {+lift-at[f0]} {}
1 goal(<Instance>)[p0,f0,f1] {+served[p0]} {} {}
2 depart[f0,p0] {+lift-at[f0],+boarded[p0]} {+served[p0]} {+boarded[p0]}
3 board[f1,p0] {+lift-at[f1]} {+boarded[p0]} {}
4 up[f0,f1] {+lift-at[f0]} {+lift-at[f1]} {+lift-at[f0]}
5 down[f1,f0] {+lift-at[f1]} {+lift-at[f0]} {+lift-at[f1]}
6
2 +served[p0] 1
3 +boarded[p0] 2
4 +lift-at[f1] 3
5 +lift-at[f0] 2
4 +lift-at[f1] 5
0 +lift-at[f0] 4
15
0 1
0 2
0 3
0 4
0 5
5 1
5 2
2 1
3 1
3 2
3 5
4 1
4 2
4 3
4 5
Domain: ../resources/IPC2/miconic/domain/domain.pddl
Problem: ../resources/IPC2/miconic/problems/s02-0.pddl
DETAILED SOLUTION
10
0 init(<Instance>)[p0,p1,f0,f1,f2,f3] {} {+lift-at[f0]} {}
1 goal(<Instance>)[p0,p1,f0,f1,f2,f3] {+served[p0],+served[p1]} {} {}
2 depart[f2,p0] {+lift-at[f2],+boarded[p0]} {+served[p0]} {+boarded[p0]}
3 depart[f3,p1] {+lift-at[f3],+boarded[p1]} {+served[p1]} {+boarded[p1]}
4 board[f3,p0] {+lift-at[f3]} {+boarded[p0]} {}
5 board[f1,p1] {+lift-at[f1]} {+boarded[p1]} {}
6 down[f3,f2] {+lift-at[f3]} {+lift-at[f2]} {+lift-at[f3]}
7 up[f0,f3] {+lift-at[f0]} {+lift-at[f3]} {+lift-at[f0]}
8 up[f0,f1] {+lift-at[f0]} {+lift-at[f1]} {+lift-at[f0]}
9 down[f1,f0] {+lift-at[f1]} {+lift-at[f0]} {+lift-at[f1]}
12
2 +served[p0] 1
3 +served[p1] 1
4 +boarded[p0] 2
5 +boarded[p1] 3
6 +lift-at[f2] 2
7 +lift-at[f3] 3
8 +lift-at[f1] 5
7 +lift-at[f3] 4
7 +lift-at[f3] 6
9 +lift-at[f0] 7
8 +lift-at[f1] 9
0 +lift-at[f0] 8
44
0 1
0 2
0 3
0 4
0 5
0 6
0 7
0 8
0 9
5 1
5 2
5 3
5 4
5 6
5 7
5 9
6 1
6 2
9 1
9 2
9 3
9 4
9 6
9 7
2 1
7 1
7 2
7 3
7 4
7 6
3 1
3 2
3 6
8 1
8 2
8 3
8 4
8 5
8 6
8 7
8 9
4 1
4 2
4 6
Domain: ../resources/IPC2/miconic/domain/domain.pddl
Problem: ../resources/IPC2/miconic/problems/s02-1.pddl
DETAILED SOLUTION
9
0 init(<Instance>)[p0,p1,f0,f1,f2,f3] {} {+lift-at[f0]} {}
1 goal(<Instance>)[p0,p1,f0,f1,f2,f3] {+served[p0],+served[p1]} {} {}
2 depart[f1,p0] {+lift-at[f1],+boarded[p0]} {+served[p0]} {+boarded[p0]}
3 depart[f0,p1] {+lift-at[f0],+boarded[p1]} {+served[p1]} {+boarded[p1]}
4 board[f0,p0] {+lift-at[f0]} {+boarded[p0]} {}
5 board[f3,p1] {+lift-at[f3]} {+boarded[p1]} {}
6 up[f0,f1] {+lift-at[f0]} {+lift-at[f1]} {+lift-at[f0]}
7 up[f1,f3] {+lift-at[f1]} {+lift-at[f3]} {+lift-at[f1]}
8 down[f3,f0] {+lift-at[f3]} {+lift-at[f0]} {+lift-at[f3]}
11
2 +served[p0] 1
3 +served[p1] 1
4 +boarded[p0] 2
5 +boarded[p1] 3
6 +lift-at[f1] 2
7 +lift-at[f3] 5
6 +lift-at[f1] 7
8 +lift-at[f0] 3
7 +lift-at[f3] 8
0 +lift-at[f0] 4
0 +lift-at[f0] 6
36
0 1
0 2
0 3
0 4
0 5
0 6
0 7
0 8
5 1
5 3
5 8
6 1
6 2
6 3
6 5
6 7
6 8
2 1
2 3
2 5
2 7
2 8
7 1
7 3
7 5
7 8
3 1
8 1
8 3
4 1
4 2
4 3
4 5
4 6
4 7
4 8
Domain: ../resources/IPC2/miconic/domain/domain.pddl
Problem: ../resources/IPC2/miconic/problems/s02-2.pddl
DETAILED SOLUTION
9
0 init(<Instance>)[p0,p1,f0,f1,f2,f3] {} {+lift-at[f0]} {}
1 goal(<Instance>)[p0,p1,f0,f1,f2,f3] {+served[p0],+served[p1]} {} {}
2 depart[f0,p0] {+lift-at[f0],+boarded[p0]} {+served[p0]} {+boarded[p0]}
3 depart[f2,p1] {+lift-at[f2],+boarded[p1]} {+served[p1]} {+boarded[p1]}
4 board[f3,p0] {+lift-at[f3]} {+boarded[p0]} {}
5 board[f0,p1] {+lift-at[f0]} {+boarded[p1]} {}
6 up[f0,f2] {+lift-at[f0]} {+lift-at[f2]} {+lift-at[f0]}
7 up[f2,f3] {+lift-at[f2]} {+lift-at[f3]} {+lift-at[f2]}
8 down[f3,f0] {+lift-at[f3]} {+lift-at[f0]} {+lift-at[f3]}
11
2 +served[p0] 1
3 +served[p1] 1
4 +boarded[p0] 2
5 +boarded[p1] 3
6 +lift-at[f2] 3
7 +lift-at[f3] 4
6 +lift-at[f2] 7
8 +lift-at[f0] 2
7 +lift-at[f3] 8
0 +lift-at[f0] 5
0 +lift-at[f0] 6
36
0 1
0 2
0 3
0 4
0 5
0 6
0 7
0 8
5 1
5 2
5 3
5 4
5 6
5 7
5 8
6 1
6 2
6 3
6 4
6 7
6 8
2 1
7 1
7 2
7 4
7 8
3 1
3 2
3 4
3 7
3 8
8 1
8 2
4 1
4 2
4 8
Domain: ../resources/IPC2/miconic/domain/domain.pddl
Problem: ../resources/IPC2/miconic/problems/s02-3.pddl
DETAILED SOLUTION
10
0 init(<Instance>)[p0,p1,f0,f1,f2,f3] {} {+lift-at[f0]} {}
1 goal(<Instance>)[p0,p1,f0,f1,f2,f3] {+served[p0],+served[p1]} {} {}
2 depart[f3,p0] {+lift-at[f3],+boarded[p0]} {+served[p0]} {+boarded[p0]}
3 depart[f3,p1] {+lift-at[f3],+boarded[p1]} {+served[p1]} {+boarded[p1]}
4 board[f1,p0] {+lift-at[f1]} {+boarded[p0]} {}
5 board[f2,p1] {+lift-at[f2]} {+boarded[p1]} {}
6 up[f0,f3] {+lift-at[f0]} {+lift-at[f3]} {+lift-at[f0]}
7 up[f0,f1] {+lift-at[f0]} {+lift-at[f1]} {+lift-at[f0]}
8 up[f1,f2] {+lift-at[f1]} {+lift-at[f2]} {+lift-at[f1]}
9 down[f2,f0] {+lift-at[f2]} {+lift-at[f0]} {+lift-at[f2]}
12
2 +served[p0] 1
3 +served[p1] 1
4 +boarded[p0] 2
5 +boarded[p1] 3
6 +lift-at[f3] 2
7 +lift-at[f1] 4
8 +lift-at[f2] 5
6 +lift-at[f3] 3
7 +lift-at[f1] 8
9 +lift-at[f0] 6
8 +lift-at[f2] 9
0 +lift-at[f0] 7
44
0 1
0 2
0 3
0 4
0 5
0 6
0 7
0 8
0 9
5 1
5 2
5 3
5 6
5 9
6 1
6 2
6 3
9 1
9 2
9 3
9 6
2 1
7 1
7 2
7 3
7 4
7 5
7 6
7 8
7 9
3 1
8 1
8 2
8 3
8 5
8 6
8 9
4 1
4 2
4 3
4 5
4 6
4 8
4 9
Domain: ../resources/IPC2/miconic/domain/domain.pddl
Problem: ../resources/IPC2/miconic/problems/s02-4.pddl
DETAILED SOLUTION
9
0 init(<Instance>)[p0,p1,f0,f1,f2,f3] {} {+lift-at[f0]} {}
1 goal(<Instance>)[p0,p1,f0,f1,f2,f3] {+served[p0],+served[p1]} {} {}
2 depart[f2,p0] {+lift-at[f2],+boarded[p0]} {+served[p0]} {+boarded[p0]}
3 depart[f0,p1] {+lift-at[f0],+boarded[p1]} {+served[p1]} {+boarded[p1]}
4 board[f3,p0] {+lift-at[f3]} {+boarded[p0]} {}
5 board[f2,p1] {+lift-at[f2]} {+boarded[p1]} {}
6 down[f3,f2] {+lift-at[f3]} {+lift-at[f2]} {+lift-at[f3]}
7 up[f0,f3] {+lift-at[f0]} {+lift-at[f3]} {+lift-at[f0]}
8 down[f2,f0] {+lift-at[f2]} {+lift-at[f0]} {+lift-at[f2]}
11
2 +served[p0] 1
3 +served[p1] 1
4 +boarded[p0] 2
5 +boarded[p1] 3
6 +lift-at[f2] 2
7 +lift-at[f3] 4
6 +lift-at[f2] 5
7 +lift-at[f3] 6
8 +lift-at[f0] 3
6 +lift-at[f2] 8
0 +lift-at[f0] 7
35
0 1
0 2
0 3
0 4
0 5
0 6
0 7
0 8
5 1
5 3
5 8
6 1
6 2
6 3
6 5
6 8
2 1
2 3
2 8
7 1
7 2
7 3
7 4
7 5
7 6
7 8
3 1
8 1
8 3
4 1
4 2
4 3
4 5
4 6
4 8
Domain: ../resources/IPC2/miconic/domain/domain.pddl
Problem: ../resources/IPC2/miconic/problems/s03-0.pddl
DETAILED SOLUTION
14
0 init(<Instance>)[p0,p1,p2,f0,f1,f2,f3,f4,f5] {} {+lift-at[f0]} {}
1 goal(<Instance>)[p0,p1,p2,f0,f1,f2,f3,f4,f5] {+served[p0],+served[p1],+served[p2]} {} {}
2 depart[f4,p0] {+lift-at[f4],+boarded[p0]} {+served[p0]} {+boarded[p0]}
3 depart[f1,p1] {+lift-at[f1],+boarded[p1]} {+served[p1]} {+boarded[p1]}
4 depart[f1,p2] {+lift-at[f1],+boarded[p2]} {+served[p2]} {+boarded[p2]}
5 board[f1,p0] {+lift-at[f1]} {+boarded[p0]} {}
6 board[f3,p1] {+lift-at[f3]} {+boarded[p1]} {}
7 board[f5,p2] {+lift-at[f5]} {+boarded[p2]} {}
8 up[f0,f4] {+lift-at[f0]} {+lift-at[f4]} {+lift-at[f0]}
9 up[f0,f1] {+lift-at[f0]} {+lift-at[f1]} {+lift-at[f0]}
10 up[f0,f3] {+lift-at[f0]} {+lift-at[f3]} {+lift-at[f0]}
11 up[f3,f5] {+lift-at[f3]} {+lift-at[f5]} {+lift-at[f3]}
12 down[f1,f0] {+lift-at[f1]} {+lift-at[f0]} {+lift-at[f1]}
13 down[f5,f0] {+lift-at[f5]} {+lift-at[f0]} {+lift-at[f5]}
18
2 +served[p0] 1
3 +served[p1] 1
4 +served[p2] 1
5 +boarded[p0] 2
6 +boarded[p1] 3
7 +boarded[p2] 4
8 +lift-at[f4] 2
9 +lift-at[f1] 3
10 +lift-at[f3] 6
11 +lift-at[f5] 7
9 +lift-at[f1] 4
9 +lift-at[f1] 5
10 +lift-at[f3] 11
12 +lift-at[f0] 8
9 +lift-at[f1] 12
13 +lift-at[f0] 9
11 +lift-at[f5] 13
0 +lift-at[f0] 10
88
0 1
0 2
0 3
0 4
0 5
0 6
0 7
0 8
0 9
0 10
0 11
0 12
0 13
5 1
5 2
5 8
5 12
10 1
10 2
10 3
10 4
10 5
10 6
10 7
10 8
10 9
10 11
10 12
10 13
6 1
6 2
6 3
6 4
6 5
6 7
6 8
6 9
6 11
6 12
6 13
9 1
9 2
9 3
9 4
9 5
9 8
9 12
13 1
13 2
13 3
13 4
13 5
13 8
13 9
13 12
2 1
12 1
12 2
12 8
7 1
7 2
7 3
7 4
7 5
7 8
7 9
7 12
7 13
3 1
3 2
3 8
3 12
11 1
11 2
11 3
11 4
11 5
11 7
11 8
11 9
11 12
11 13
8 1
8 2
4 1
4 2
4 8
4 12
Domain: ../resources/IPC2/miconic/domain/domain.pddl
Problem: ../resources/IPC2/miconic/problems/s03-1.pddl
DETAILED SOLUTION
15
0 init(<Instance>)[p0,p1,p2,f0,f1,f2,f3,f4,f5] {} {+lift-at[f0]} {}
1 goal(<Instance>)[p0,p1,p2,f0,f1,f2,f3,f4,f5] {+served[p0],+served[p1],+served[p2]} {} {}
2 depart[f5,p0] {+lift-at[f5],+boarded[p0]} {+served[p0]} {+boarded[p0]}
3 depart[f2,p1] {+lift-at[f2],+boarded[p1]} {+served[p1]} {+boarded[p1]}
4 depart[f1,p2] {+lift-at[f1],+boarded[p2]} {+served[p2]} {+boarded[p2]}
5 board[f2,p0] {+lift-at[f2]} {+boarded[p0]} {}
6 board[f5,p1] {+lift-at[f5]} {+boarded[p1]} {}
7 board[f4,p2] {+lift-at[f4]} {+boarded[p2]} {}
8 up[f0,f5] {+lift-at[f0]} {+lift-at[f5]} {+lift-at[f0]}
9 up[f0,f2] {+lift-at[f0]} {+lift-at[f2]} {+lift-at[f0]}
10 down[f2,f1] {+lift-at[f2]} {+lift-at[f1]} {+lift-at[f2]}
11 up[f0,f4] {+lift-at[f0]} {+lift-at[f4]} {+lift-at[f0]}
12 up[f4,f5] {+lift-at[f4]} {+lift-at[f5]} {+lift-at[f4]}
13 down[f1,f0] {+lift-at[f1]} {+lift-at[f0]} {+lift-at[f1]}
14 down[f5,f0] {+lift-at[f5]} {+lift-at[f0]} {+lift-at[f5]}
19
2 +served[p0] 1
3 +served[p1] 1
4 +served[p2] 1
5 +boarded[p0] 2
6 +boarded[p1] 3
7 +boarded[p2] 4
8 +lift-at[f5] 2
9 +lift-at[f2] 3
10 +lift-at[f1] 4
11 +lift-at[f4] 7
9 +lift-at[f2] 5
12 +lift-at[f5] 6
9 +lift-at[f2] 10
11 +lift-at[f4] 12
13 +lift-at[f0] 8
10 +lift-at[f1] 13
14 +lift-at[f0] 9
12 +lift-at[f5] 14
0 +lift-at[f0] 11
104
0 1
0 2
0 3
0 4
0 5
0 6
0 7
0 8
0 9
0 10
0 11
0 12
0 13
0 14
5 1
5 2
5 4
5 8
5 10
5 13
10 1
10 2
10 4
10 8
10 13
14 1
14 2
14 3
14 4
14 5
14 8
14 9
14 10
14 13
6 1
6 2
6 3
6 4
6 5
6 8
6 9
6 10
6 13
6 14
9 1
9 2
9 3
9 4
9 5
9 8
9 10
9 13
13 1
13 2
13 8
2 1
12 1
12 2
12 3
12 4
12 5
12 6
12 8
12 9
12 10
12 13
12 14
7 1
7 2
7 3
7 4
7 5
7 6
7 8
7 9
7 10
7 12
7 13
7 14
3 1
3 2
3 4
3 8
3 10
3 13
11 1
11 2
11 3
11 4
11 5
11 6
11 7
11 8
11 9
11 10
11 12
11 13
11 14
8 1
8 2
4 1
4 2
4 8
4 13
Domain: ../resources/IPC2/miconic/domain/domain.pddl
Problem: ../resources/IPC2/miconic/problems/s03-2.pddl
DETAILED SOLUTION
12
0 init(<Instance>)[p0,p1,p2,f0,f1,f2,f3,f4,f5] {} {+lift-at[f0]} {}
1 goal(<Instance>)[p0,p1,p2,f0,f1,f2,f3,f4,f5] {+served[p0],+served[p1],+served[p2]} {} {}
2 depart[f0,p0] {+lift-at[f0],+boarded[p0]} {+served[p0]} {+boarded[p0]}
3 depart[f0,p1] {+lift-at[f0],+boarded[p1]} {+served[p1]} {+boarded[p1]}
4 depart[f0,p2] {+lift-at[f0],+boarded[p2]} {+served[p2]} {+boarded[p2]}
5 board[f1,p0] {+lift-at[f1]} {+boarded[p0]} {}
6 board[f4,p1] {+lift-at[f4]} {+boarded[p1]} {}
7 board[f3,p2] {+lift-at[f3]} {+boarded[p2]} {}
8 up[f0,f1] {+lift-at[f0]} {+lift-at[f1]} {+lift-at[f0]}
9 up[f1,f4] {+lift-at[f1]} {+lift-at[f4]} {+lift-at[f1]}
10 down[f4,f3] {+lift-at[f4]} {+lift-at[f3]} {+lift-at[f4]}
11 down[f3,f0] {+lift-at[f3]} {+lift-at[f0]} {+lift-at[f3]}
16
2 +served[p0] 1
3 +served[p1] 1
4 +served[p2] 1
5 +boarded[p0] 2
6 +boarded[p1] 3
7 +boarded[p2] 4
8 +lift-at[f1] 5
9 +lift-at[f4] 6
10 +lift-at[f3] 7
8 +lift-at[f1] 9
9 +lift-at[f4] 10
11 +lift-at[f0] 2
10 +lift-at[f3] 11
0 +lift-at[f0] 8
11 +lift-at[f0] 3
11 +lift-at[f0] 4
63
0 1
0 2
0 3
0 4
0 5
0 6
0 7
0 8
0 9
0 10
0 11
5 1
5 2
5 3
5 4
5 6
5 7
5 9
5 10
5 11
10 1
10 2
10 3
10 4
10 7
10 11
6 1
6 2
6 3
6 4
6 7
6 10
6 11
9 1
9 2
9 3
9 4
9 6
9 7
9 10
9 11
2 1
7 1
7 2
7 3
7 4
7 11
3 1
11 1
11 2
11 3
11 4
8 1
8 2
8 3
8 4
8 5
8 6
8 7
8 9
8 10
8 11
4 1
Domain: ../resources/IPC2/miconic/domain/domain.pddl
Problem: ../resources/IPC2/miconic/problems/s03-3.pddl
DETAILED SOLUTION
12
0 init(<Instance>)[p0,p1,p2,f0,f1,f2,f3,f4,f5] {} {+lift-at[f0]} {}
1 goal(<Instance>)[p0,p1,p2,f0,f1,f2,f3,f4,f5] {+served[p0],+served[p1],+served[p2]} {} {}
2 depart[f0,p0] {+lift-at[f0],+boarded[p0]} {+served[p0]} {+boarded[p0]}
3 depart[f3,p1] {+lift-at[f3],+boarded[p1]} {+served[p1]} {+boarded[p1]}
4 depart[f5,p2] {+lift-at[f5],+boarded[p2]} {+served[p2]} {+boarded[p2]}
5 board[f5,p0] {+lift-at[f5]} {+boarded[p0]} {}
6 board[f1,p1] {+lift-at[f1]} {+boarded[p1]} {}
7 board[f0,p2] {+lift-at[f0]} {+boarded[p2]} {}
8 up[f0,f3] {+lift-at[f0]} {+lift-at[f3]} {+lift-at[f0]}
9 up[f0,f5] {+lift-at[f0]} {+lift-at[f5]} {+lift-at[f0]}
10 down[f5,f1] {+lift-at[f5]} {+lift-at[f1]} {+lift-at[f5]}
11 down[f1,f0] {+lift-at[f1]} {+lift-at[f0]} {+lift-at[f1]}
16
2 +served[p0] 1
3 +served[p1] 1
4 +served[p2] 1
5 +boarded[p0] 2
6 +boarded[p1] 3
7 +boarded[p2] 4
8 +lift-at[f3] 3
9 +lift-at[f5] 4
10 +lift-at[f1] 6
9 +lift-at[f5] 5
9 +lift-at[f5] 10
11 +lift-at[f0] 2
10 +lift-at[f1] 11
0 +lift-at[f0] 7
0 +lift-at[f0] 9
11 +lift-at[f0] 8
65
0 1
0 2
0 3
0 4
0 5
0 6
0 7
0 8
0 9
0 10
0 11
5 1
5 2
5 3
5 6
5 8
5 10
5 11
10 1
10 2
10 3
10 6
10 8
10 11
6 1
6 2
6 3
6 8
6 11
9 1
9 2
9 3
9 4
9 5
9 6
9 8
9 10
9 11
2 1
2 3
2 8
7 1
7 2
7 3
7 4
7 5
7 6
7 8
7 9
7 10
7 11
3 1
11 1
11 2
11 3
11 8
8 1
8 3
4 1
4 2
4 3
4 6
4 8
4 10
4 11
Domain: ../resources/IPC2/miconic/domain/domain.pddl
Problem: ../resources/IPC2/miconic/problems/s03-4.pddl
DETAILED SOLUTION
12
0 init(<Instance>)[p0,p1,p2,f0,f1,f2,f3,f4,f5] {} {+lift-at[f0]} {}
1 goal(<Instance>)[p0,p1,p2,f0,f1,f2,f3,f4,f5] {+served[p0],+served[p1],+served[p2]} {} {}
2 depart[f0,p0] {+lift-at[f0],+boarded[p0]} {+served[p0]} {+boarded[p0]}
3 depart[f0,p1] {+lift-at[f0],+boarded[p1]} {+served[p1]} {+boarded[p1]}
4 depart[f4,p2] {+lift-at[f4],+boarded[p2]} {+served[p2]} {+boarded[p2]}
5 board[f3,p0] {+lift-at[f3]} {+boarded[p0]} {}
6 board[f2,p1] {+lift-at[f2]} {+boarded[p1]} {}
7 board[f0,p2] {+lift-at[f0]} {+boarded[p2]} {}
8 up[f0,f4] {+lift-at[f0]} {+lift-at[f4]} {+lift-at[f0]}
9 up[f0,f3] {+lift-at[f0]} {+lift-at[f3]} {+lift-at[f0]}
10 down[f3,f2] {+lift-at[f3]} {+lift-at[f2]} {+lift-at[f3]}
11 down[f2,f0] {+lift-at[f2]} {+lift-at[f0]} {+lift-at[f2]}
16
2 +served[p0] 1
3 +served[p1] 1
4 +served[p2] 1
5 +boarded[p0] 2
6 +boarded[p1] 3
7 +boarded[p2] 4
8 +lift-at[f4] 4
9 +lift-at[f3] 5
10 +lift-at[f2] 6
9 +lift-at[f3] 10
11 +lift-at[f0] 2
10 +lift-at[f2] 11
0 +lift-at[f0] 9
11 +lift-at[f0] 3
11 +lift-at[f0] 7
11 +lift-at[f0] 8
63
0 1
0 2
0 3
0 4
0 5
0 6
0 7
0 8
0 9
0 10
0 11
5 1
5 2
5 3
5 4
5 6
5 7
5 8
5 10
5 11
10 1
10 2
10 3
10 4
10 6
10 7
10 8
10 11
6 1
6 2
6 3
6 4
6 7
6 8
6 11
9 1
9 2
9 3
9 4
9 5
9 6
9 7
9 8
9 10
9 11
2 1
2 4
2 8
7 1
7 4
7 8
3 1
3 4
3 8
11 1
11 2
11 3
11 4
11 7
11 8
8 1
8 4
4 1
Domain: ../resources/IPC2/miconic/domain/domain.pddl
Problem: ../resources/IPC2/miconic/problems/s04-1.pddl
DETAILED SOLUTION
17
0 init(<Instance>)[p0,p1,p2,p3,f0,f1,f2,f3,f4,f5,f6,f7] {} {+lift-at[f0]} {}
1 goal(<Instance>)[p0,p1,p2,p3,f0,f1,f2,f3,f4,f5,f6,f7] {+served[p0],+served[p1],+served[p2],+served[p3]} {} {}
2 depart[f5,p0] {+lift-at[f5],+boarded[p0]} {+served[p0]} {+boarded[p0]}
3 depart[f4,p1] {+lift-at[f4],+boarded[p1]} {+served[p1]} {+boarded[p1]}
4 depart[f7,p2] {+lift-at[f7],+boarded[p2]} {+served[p2]} {+boarded[p2]}
5 depart[f6,p3] {+lift-at[f6],+boarded[p3]} {+served[p3]} {+boarded[p3]}
6 board[f0,p0] {+lift-at[f0]} {+boarded[p0]} {}
7 board[f7,p1] {+lift-at[f7]} {+boarded[p1]} {}
8 board[f0,p2] {+lift-at[f0]} {+boarded[p2]} {}
9 board[f1,p3] {+lift-at[f1]} {+boarded[p3]} {}
10 up[f0,f5] {+lift-at[f0]} {+lift-at[f5]} {+lift-at[f0]}
11 up[f0,f4] {+lift-at[f0]} {+lift-at[f4]} {+lift-at[f0]}
12 up[f0,f7] {+lift-at[f0]} {+lift-at[f7]} {+lift-at[f0]}
13 up[f4,f6] {+lift-at[f4]} {+lift-at[f6]} {+lift-at[f4]}
14 down[f7,f1] {+lift-at[f7]} {+lift-at[f1]} {+lift-at[f7]}
15 down[f6,f0] {+lift-at[f6]} {+lift-at[f0]} {+lift-at[f6]}
16 down[f1,f0] {+lift-at[f1]} {+lift-at[f0]} {+lift-at[f1]}
23
2 +served[p0] 1
3 +served[p1] 1
4 +served[p2] 1
5 +served[p3] 1
6 +boarded[p0] 2
7 +boarded[p1] 3
8 +boarded[p2] 4
9 +boarded[p3] 5
10 +lift-at[f5] 2
11 +lift-at[f4] 3
12 +lift-at[f7] 4
13 +lift-at[f6] 5
14 +lift-at[f1] 9
12 +lift-at[f7] 7
11 +lift-at[f4] 13
12 +lift-at[f7] 14
0 +lift-at[f0] 6
0 +lift-at[f0] 8
15 +lift-at[f0] 10
13 +lift-at[f6] 15
16 +lift-at[f0] 11
14 +lift-at[f1] 16
0 +lift-at[f0] 12
134
0 1
0 2
0 3
0 4
0 5
0 6
0 7
0 8
0 9
0 10
0 11
0 12
0 13
0 14
0 15
0 16
5 1
5 2
5 10
5 15
10 1
10 2
14 1
14 2
14 3
14 5
14 9
14 10
14 11
14 13
14 15
14 16
6 1
6 2
6 3
6 4
6 5
6 7
6 9
6 10
6 11
6 12
6 13
6 14
6 15
6 16
9 1
9 2
9 3
9 5
9 10
9 11
9 13
9 15
9 16
13 1
13 2
13 5
13 10
13 15
2 1
12 1
12 2
12 3
12 4
12 5
12 7
12 9
12 10
12 11
12 13
12 14
12 15
12 16
7 1
7 2
7 3
7 5
7 9
7 10
7 11
7 13
7 14
7 15
7 16
3 1
3 2
3 5
3 10
3 13
3 15
16 1
16 2
16 3
16 5
16 10
16 11
16 13
16 15
11 1
11 2
11 3
11 5
11 10
11 13
11 15
8 1
8 2
8 3
8 4
8 5
8 7
8 9
8 10
8 11
8 12
8 13
8 14
8 15
8 16
4 1
4 2
4 3
4 5
4 9
4 10
4 11
4 13
4 14
4 15
4 16
15 1
15 2
15 10
Domain: ../resources/IPC2/miconic/domain/domain.pddl
Problem: ../resources/IPC2/miconic/problems/s05-2.pddl
DETAILED SOLUTION
18
0 init(<Instance>)[p0,p1,p2,p3,p4,f0,f1,f2,f3,f4,f5,f6,f7,f8,f9] {} {+lift-at[f0]} {}
1 goal(<Instance>)[p0,p1,p2,p3,p4,f0,f1,f2,f3,f4,f5,f6,f7,f8,f9] {+served[p0],+served[p1],+served[p2],+served[p3],+served[p4]} {} {}
2 depart[f0,p0] {+lift-at[f0],+boarded[p0]} {+served[p0]} {+boarded[p0]}
3 depart[f2,p1] {+lift-at[f2],+boarded[p1]} {+served[p1]} {+boarded[p1]}
4 depart[f4,p2] {+lift-at[f4],+boarded[p2]} {+served[p2]} {+boarded[p2]}
5 depart[f4,p3] {+lift-at[f4],+boarded[p3]} {+served[p3]} {+boarded[p3]}
6 depart[f0,p4] {+lift-at[f0],+boarded[p4]} {+served[p4]} {+boarded[p4]}
7 board[f3,p0] {+lift-at[f3]} {+boarded[p0]} {}
8 board[f4,p1] {+lift-at[f4]} {+boarded[p1]} {}
9 board[f3,p2] {+lift-at[f3]} {+boarded[p2]} {}
10 board[f0,p3] {+lift-at[f0]} {+boarded[p3]} {}
11 board[f9,p4] {+lift-at[f9]} {+boarded[p4]} {}
12 up[f0,f2] {+lift-at[f0]} {+lift-at[f2]} {+lift-at[f0]}
13 up[f0,f4] {+lift-at[f0]} {+lift-at[f4]} {+lift-at[f0]}
14 up[f0,f3] {+lift-at[f0]} {+lift-at[f3]} {+lift-at[f0]}
15 up[f3,f9] {+lift-at[f3]} {+lift-at[f9]} {+lift-at[f3]}
16 down[f4,f0] {+lift-at[f4]} {+lift-at[f0]} {+lift-at[f4]}
17 down[f9,f0] {+lift-at[f9]} {+lift-at[f0]} {+lift-at[f9]}
26
2 +served[p0] 1
3 +served[p1] 1
4 +served[p2] 1
5 +served[p3] 1
6 +served[p4] 1
7 +boarded[p0] 2
8 +boarded[p1] 3
9 +boarded[p2] 4
10 +boarded[p3] 5
11 +boarded[p4] 6
12 +lift-at[f2] 3
13 +lift-at[f4] 4
14 +lift-at[f3] 7
15 +lift-at[f9] 11
13 +lift-at[f4] 5
13 +lift-at[f4] 8
14 +lift-at[f3] 9
14 +lift-at[f3] 15
16 +lift-at[f0] 2
13 +lift-at[f4] 16
0 +lift-at[f0] 10
17 +lift-at[f0] 13
15 +lift-at[f9] 17
0 +lift-at[f0] 14
16 +lift-at[f0] 6
16 +lift-at[f0] 12
148
0 1
0 2
0 3
0 4
0 5
0 6
0 7
0 8
0 9
0 10
0 11
0 12
0 13
0 14
0 15
0 16
0 17
5 1
5 2
5 3
5 6
5 12
5 16
10 1
10 2
10 3
10 4
10 5
10 6
10 7
10 8
10 9
10 11
10 12
10 13
10 14
10 15
10 16
10 17
14 1
14 2
14 3
14 4
14 5
14 6
14 7
14 8
14 9
14 11
14 12
14 13
14 15
14 16
14 17
6 1
6 3
6 12
9 1
9 2
9 3
9 4
9 5
9 6
9 8
9 11
9 12
9 13
9 15
9 16
9 17
13 1
13 2
13 3
13 4
13 5
13 6
13 8
13 12
13 16
2 1
2 3
2 12
17 1
17 2
17 3
17 4
17 5
17 6
17 8
17 12
17 13
17 16
12 1
12 3
7 1
7 2
7 3
7 4
7 5
7 6
7 8
7 11
7 12
7 13
7 15
7 16
7 17
3 1
16 1
16 2
16 3
16 6
16 12
11 1
11 2
11 3
11 4
11 5
11 6
11 8
11 12
11 13
11 16
11 17
8 1
8 2
8 3
8 6
8 12
8 16
4 1
4 2
4 3
4 6
4 12
4 16
15 1
15 2
15 3
15 4
15 5
15 6
15 8
15 11
15 12
15 13
15 16
15 17
