#
# There is insufficient memory for the Java Runtime Environment to continue.
# Native memory allocation (mmap) failed to map 456130560 bytes for committing reserved memory.
# Possible reasons:
#   The system is out of physical RAM or swap space
#   The process is running with CompressedOops enabled, and the Java Heap may be blocking the growth of the native heap
# Possible solutions:
#   Reduce memory load on the system
#   Increase physical memory or swap space
#   Check if swap backing store is full
#   Decrease Java heap size (-Xmx/-Xms)
#   Decrease number of Java threads
#   Decrease Java thread stack sizes (-Xss)
#   Set larger code cache with -XX:ReservedCodeCacheSize=
#   JVM is running with Unscaled Compressed Oops mode in which the Java heap is
#     placed in the first 4GB address space. The Java Heap base address is the
#     maximum limit for the native heap growth. Please use -XX:HeapBaseMinAddress
#     to set the Java Heap base and to place the Java Heap above 4GB virtual address.
# This output file may be truncated or incomplete.
#
#  Out of Memory Error (os_linux.cpp:2647), pid=31211, tid=31253
#
# JRE version: Java(TM) SE Runtime Environment (9.0+11) (build 9.0.4+11)
# Java VM: Java HotSpot(TM) 64-Bit Server VM (9.0.4+11, mixed mode, tiered, compressed oops, g1 gc, linux-amd64)
# Core dump will be written. Default location: Core dumps may be processed with "/usr/lib/systemd/systemd-coredump %P %u %g %s %t %c %h %e" (or dumping to /home/linus/diepold-bachelorthesis/code/core.31211)
#

---------------  S U M M A R Y ------------

Command Line: -javaagent:/opt/intellij-idea-ce/lib/idea_rt.jar=33959:/opt/intellij-idea-ce/bin -Dfile.encoding=UTF-8 com.company.Main input/IPC2/logistic.log

Host: Intel(R) Core(TM) i5-8250U CPU @ 1.60GHz, 8 cores, 7G, Arch Linux
Time: Fri Aug  9 23:03:13 2019 CEST elapsed time: 44 seconds (0d 0h 0m 44s)

---------------  T H R E A D  ---------------

Current thread (0x00007f0e34169000):  VMThread "VM Thread" [stack: 0x00007f0dccc28000,0x00007f0dccd28000] [id=31253]

Stack: [0x00007f0dccc28000,0x00007f0dccd28000],  sp=0x00007f0dccd26010,  free space=1016k
Native frames: (J=compiled Java code, A=aot compiled Java code, j=interpreted, Vv=VM code, C=native code)
V  [libjvm.so+0xd4c6c2]  VMError::report_and_die(int, char const*, char const*, __va_list_tag*, Thread*, unsigned char*, void*, void*, char const*, int, unsigned long)+0x162
V  [libjvm.so+0xd4d32b]  VMError::report_and_die(Thread*, char const*, int, unsigned long, VMErrorType, char const*, __va_list_tag*)+0x2b
V  [libjvm.so+0x654ac8]  report_vm_out_of_memory(char const*, int, unsigned long, VMErrorType, char const*, ...)+0xd8
V  [libjvm.so+0xb68241]  os::pd_commit_memory_or_exit(char*, unsigned long, unsigned long, bool, char const*)+0x101
V  [libjvm.so+0xb628cd]  os::commit_memory_or_exit(char*, unsigned long, unsigned long, bool, char const*)+0x1d
V  [libjvm.so+0x763492]  G1PageBasedVirtualSpace::commit_preferred_pages(unsigned long, unsigned long)+0x62
V  [libjvm.so+0x7637ae]  G1PageBasedVirtualSpace::commit(unsigned long, unsigned long)+0x11e
V  [libjvm.so+0x766713]  G1RegionsLargerThanCommitSizeMapper::commit_regions(unsigned int, unsigned long, WorkGang*)+0x43
V  [libjvm.so+0x7f760c]  HeapRegionManager::commit_regions(unsigned int, unsigned long, WorkGang*)+0x7c
V  [libjvm.so+0x7f81d4]  HeapRegionManager::make_regions_available(unsigned int, unsigned int, WorkGang*)+0x34
V  [libjvm.so+0x7f86f1]  HeapRegionManager::expand_by(unsigned int, WorkGang*)+0x71
V  [libjvm.so+0x729a87]  G1CollectedHeap::expand(unsigned long, WorkGang*, double*)+0xd7
V  [libjvm.so+0x7309ca]  G1CollectedHeap::do_collection_pause_at_safepoint(double)+0x104a
V  [libjvm.so+0xd5e4c2]  VM_G1IncCollectionPause::doit()+0x82
V  [libjvm.so+0xd5d4f9]  VM_Operation::evaluate()+0x59
V  [libjvm.so+0xd5b243]  VMThread::evaluate_operation(VM_Operation*)+0xc3
V  [libjvm.so+0xd5b7b0]  VMThread::loop()+0x210
V  [libjvm.so+0xd5bcc2]  VMThread::run()+0x72
V  [libjvm.so+0xb6e132]  thread_native_entry(Thread*)+0xf2

VM_Operation (0x00007f0e39a123d0): G1IncCollectionPause, mode: safepoint, requested by thread 0x00007f0e34013800


---------------  P R O C E S S  ---------------

Java Threads: ( => current thread )
  0x00007f0db4001000 JavaThread "Attach Listener" daemon [_thread_blocked, id=31288, stack(0x00007f0d9f7d3000,0x00007f0d9f8d4000)]
  0x00007f0e342e3800 JavaThread "Service Thread" daemon [_thread_blocked, id=31282, stack(0x00007f0d9f9d6000,0x00007f0d9fad7000)]
  0x00007f0e342e2800 JavaThread "Monitor Ctrl-Break" daemon [_thread_in_native, id=31281, stack(0x00007f0d9fad7000,0x00007f0d9fbd8000)]
  0x00007f0e341ae800 JavaThread "Common-Cleaner" daemon [_thread_blocked, id=31275, stack(0x00007f0dcc038000,0x00007f0dcc139000)]
  0x00007f0e3419f800 JavaThread "Sweeper thread" daemon [_thread_blocked, id=31270, stack(0x00007f0dcc139000,0x00007f0dcc23a000)]
  0x00007f0e3419e000 JavaThread "C1 CompilerThread3" daemon [_thread_blocked, id=31269, stack(0x00007f0dcc23a000,0x00007f0dcc33b000)]
  0x00007f0e3419c000 JavaThread "C2 CompilerThread2" daemon [_thread_blocked, id=31268, stack(0x00007f0dcc33b000,0x00007f0dcc43c000)]
  0x00007f0e3419a000 JavaThread "C2 CompilerThread1" daemon [_thread_blocked, id=31267, stack(0x00007f0dcc43c000,0x00007f0dcc53d000)]
  0x00007f0e34196000 JavaThread "C2 CompilerThread0" daemon [_thread_blocked, id=31265, stack(0x00007f0dcc53d000,0x00007f0dcc63e000)]
  0x00007f0e34198000 JavaThread "Signal Dispatcher" daemon [_thread_blocked, id=31264, stack(0x00007f0dcc63e000,0x00007f0dcc73f000)]
  0x00007f0e3417b000 JavaThread "Finalizer" daemon [_thread_blocked, id=31261, stack(0x00007f0dcca24000,0x00007f0dccb25000)]
  0x00007f0e34173000 JavaThread "Reference Handler" daemon [_thread_blocked, id=31260, stack(0x00007f0dccb25000,0x00007f0dccc26000)]
  0x00007f0e34013800 JavaThread "main" [_thread_blocked, id=31212, stack(0x00007f0e39915000,0x00007f0e39a14000)]

Other Threads:
=>0x00007f0e34169000 VMThread "VM Thread" [stack: 0x00007f0dccc28000,0x00007f0dccd28000] [id=31253]
  0x00007f0e342e5800 WatcherThread [stack: 0x00007f0d9f8d6000,0x00007f0d9f9d6000] [id=31283]
  0x00007f0e3402a800 GCTaskThread "GC Thread#0" [stack: 0x00007f0e38bbb000,0x00007f0e38cbb000] [id=31213]
  0x00007f0e3402c000 GCTaskThread "GC Thread#1" [stack: 0x00007f0e38ab9000,0x00007f0e38bb9000] [id=31214]
  0x00007f0e3402d800 GCTaskThread "GC Thread#2" [stack: 0x00007f0e389b7000,0x00007f0e38ab7000] [id=31215]
  0x00007f0e3402f800 GCTaskThread "GC Thread#3" [stack: 0x00007f0e388b5000,0x00007f0e389b5000] [id=31216]
  0x00007f0e34031000 GCTaskThread "GC Thread#4" [stack: 0x00007f0e387b3000,0x00007f0e388b3000] [id=31221]
  0x00007f0e34033000 GCTaskThread "GC Thread#5" [stack: 0x00007f0e386b1000,0x00007f0e387b1000] [id=31222]
  0x00007f0e34034800 GCTaskThread "GC Thread#6" [stack: 0x00007f0e385af000,0x00007f0e386af000] [id=31224]
  0x00007f0e34036800 GCTaskThread "GC Thread#7" [stack: 0x00007f0e384ad000,0x00007f0e385ad000] [id=31225]
  0x00007f0e3406c000 ConcurrentGCThread "G1 Main Marker" [stack: 0x00007f0e1812a000,0x00007f0e1822a000] [id=31236]
  0x00007f0e3406e000 ConcurrentGCThread "G1 Marker#0" [stack: 0x00007f0e18028000,0x00007f0e18128000] [id=31237]
  0x00007f0e3406f800 ConcurrentGCThread "G1 Marker#1" [stack: 0x00007f0dcfda8000,0x00007f0dcfea8000] [id=31238]
  0x00007f0e34045000 ConcurrentGCThread "G1 Refine#0" [stack: 0x00007f0e18f31000,0x00007f0e19031000] [id=31234]
  0x00007f0e34043000 ConcurrentGCThread "G1 Refine#1" [stack: 0x00007f0e19033000,0x00007f0e19133000] [id=31233]
  0x00007f0e34041800 ConcurrentGCThread "G1 Refine#2" [stack: 0x00007f0e19135000,0x00007f0e19235000] [id=31232]
  0x00007f0e3403f800 ConcurrentGCThread "G1 Refine#3" [stack: 0x00007f0e19237000,0x00007f0e19337000] [id=31231]
  0x00007f0e3403e000 ConcurrentGCThread "G1 Refine#4" [stack: 0x00007f0e19339000,0x00007f0e19439000] [id=31230]
  0x00007f0e3403c000 ConcurrentGCThread "G1 Refine#5" [stack: 0x00007f0e1943b000,0x00007f0e1953b000] [id=31229]
  0x00007f0e3403a800 ConcurrentGCThread "G1 Refine#6" [stack: 0x00007f0e1953d000,0x00007f0e1963d000] [id=31228]
  0x00007f0e34038800 ConcurrentGCThread "G1 Refine#7" [stack: 0x00007f0e1963f000,0x00007f0e1973f000] [id=31227]
  0x00007f0e34046800 ConcurrentGCThread "G1 Young RemSet Sampling" [stack: 0x00007f0e18e2f000,0x00007f0e18f2f000] [id=31235]

Threads with active compile tasks:
C2 CompilerThread1 727       4       java.nio.CharBuffer::position (6 bytes)

VM state:at safepoint (normal execution)

VM Mutex/Monitor currently owned by a thread:  ([mutex/lock_event])
[0x00007f0e34010330] Threads_lock - owner thread: 0x00007f0e34169000
[0x00007f0e340108d0] Heap_lock - owner thread: 0x00007f0e34013800

Heap address: 0x0000000085000000, size: 1968 MB, Compressed Oops mode: 32-bit
Narrow klass base: 0x0000000000000000, Narrow klass shift: 3
Compressed class space size: 1073741824 Address: 0x0000000100000000

Heap:
 garbage-first heap   total 687104K, used 2088K [0x0000000085000000, 0x00000000851014f8, 0x0000000100000000)
  region size 1024K, 1 young (1024K), 1 survivors (1024K)
 Metaspace       used 8010K, capacity 8214K, committed 8448K, reserved 1056768K
  class space    used 675K, capacity 734K, committed 768K, reserved 1048576K
Heap Regions: E=young(eden), S=young(survivor), O=old, HS=humongous(starts), HC=humongous(continues), CS=collection set, F=free, A=archive, TS=gc time stamp, AC=allocation context, TAMS=top-at-mark-start (previous, next)
|   0|0x0000000085000000, 0x0000000085100000, 0x0000000085100000|100%| O|  |TS 31|AC  0|TAMS 0x0000000085000000, 0x0000000085000000|
|   1|0x0000000085100000, 0x00000000851ff000, 0x0000000085200000| 99%| O|  |TS101|AC  0|TAMS 0x0000000085100000, 0x0000000085100000|
|   2|0x0000000085200000, 0x0000000085200000, 0x0000000085300000|  0%| F|  |TS  0|AC  0|TAMS 0x0000000085200000, 0x0000000085200000|
|   3|0x0000000085300000, 0x0000000085300000, 0x0000000085400000|  0%| F|  |TS  0|AC  0|TAMS 0x0000000085300000, 0x0000000085300000|
|   4|0x0000000085400000, 0x0000000085400000, 0x0000000085500000|  0%| F|  |TS  0|AC  0|TAMS 0x0000000085400000, 0x0000000085400000|
|   5|0x0000000085500000, 0x0000000085500000, 0x0000000085600000|  0%| F|  |TS  0|AC  0|TAMS 0x0000000085500000, 0x0000000085500000|
|   6|0x0000000085600000, 0x0000000085600000, 0x0000000085700000|  0%| F|  |TS  0|AC  0|TAMS 0x0000000085600000, 0x0000000085600000|
|   7|0x0000000085700000, 0x0000000085700000, 0x0000000085800000|  0%| F|  |TS  0|AC  0|TAMS 0x0000000085700000, 0x0000000085700000|
|   8|0x0000000085800000, 0x0000000085800000, 0x0000000085900000|  0%| F|  |TS  0|AC  0|TAMS 0x0000000085800000, 0x0000000085800000|
|   9|0x0000000085900000, 0x0000000085900000, 0x0000000085a00000|  0%| F|  |TS  0|AC  0|TAMS 0x0000000085900000, 0x0000000085900000|
|  10|0x0000000085a00000, 0x0000000085a00000, 0x0000000085b00000|  0%| F|  |TS  0|AC  0|TAMS 0x0000000085a00000, 0x0000000085a00000|
|  11|0x0000000085b00000, 0x0000000085b00000, 0x0000000085c00000|  0%| F|  |TS  0|AC  0|TAMS 0x0000000085b00000, 0x0000000085b00000|
|  12|0x0000000085c00000, 0x0000000085c00000, 0x0000000085d00000|  0%| F|  |TS  0|AC  0|TAMS 0x0000000085c00000, 0x0000000085c00000|
|  13|0x0000000085d00000, 0x0000000085d00000, 0x0000000085e00000|  0%| F|  |TS  0|AC  0|TAMS 0x0000000085d00000, 0x0000000085d00000|
|  14|0x0000000085e00000, 0x0000000085e00000, 0x0000000085f00000|  0%| F|  |TS  0|AC  0|TAMS 0x0000000085e00000, 0x0000000085e00000|
|  15|0x0000000085f00000, 0x0000000085f00000, 0x0000000086000000|  0%| F|  |TS  0|AC  0|TAMS 0x0000000085f00000, 0x0000000085f00000|
|  16|0x0000000086000000, 0x0000000086000000, 0x0000000086100000|  0%| F|  |TS  0|AC  0|TAMS 0x0000000086000000, 0x0000000086000000|
|  17|0x0000000086100000, 0x0000000086100000, 0x0000000086200000|  0%| F|  |TS  0|AC  0|TAMS 0x0000000086100000, 0x0000000086100000|
|  18|0x0000000086200000, 0x0000000086200000, 0x0000000086300000|  0%| F|  |TS  0|AC  0|TAMS 0x0000000086200000, 0x0000000086200000|
|  19|0x0000000086300000, 0x0000000086300000, 0x0000000086400000|  0%| F|  |TS  0|AC  0|TAMS 0x0000000086300000, 0x0000000086300000|
|  20|0x0000000086400000, 0x0000000086400000, 0x0000000086500000|  0%| F|  |TS  0|AC  0|TAMS 0x0000000086400000, 0x0000000086400000|
|  21|0x0000000086500000, 0x0000000086500000, 0x0000000086600000|  0%| F|  |TS  0|AC  0|TAMS 0x0000000086500000, 0x0000000086500000|
|  22|0x0000000086600000, 0x0000000086600000, 0x0000000086700000|  0%| F|  |TS  0|AC  0|TAMS 0x0000000086600000, 0x0000000086600000|
|  23|0x0000000086700000, 0x0000000086700000, 0x0000000086800000|  0%| F|  |TS  0|AC  0|TAMS 0x0000000086700000, 0x0000000086700000|
|  24|0x0000000086800000, 0x0000000086800000, 0x0000000086900000|  0%| F|  |TS  0|AC  0|TAMS 0x0000000086800000, 0x0000000086800000|
|  25|0x0000000086900000, 0x0000000086900000, 0x0000000086a00000|  0%| F|  |TS  0|AC  0|TAMS 0x0000000086900000, 0x0000000086900000|
|  26|0x0000000086a00000, 0x0000000086a00000, 0x0000000086b00000|  0%| F|  |TS  0|AC  0|TAMS 0x0000000086a00000, 0x0000000086a00000|
|  27|0x0000000086b00000, 0x0000000086b00000, 0x0000000086c00000|  0%| F|  |TS  0|AC  0|TAMS 0x0000000086b00000, 0x0000000086b00000|
|  28|0x0000000086c00000, 0x0000000086c00000, 0x0000000086d00000|  0%| F|  |TS  0|AC  0|TAMS 0x0000000086c00000, 0x0000000086c00000|
|  29|0x0000000086d00000, 0x0000000086d00000, 0x0000000086e00000|  0%| F|  |TS  0|AC  0|TAMS 0x0000000086d00000, 0x0000000086d00000|
|  30|0x0000000086e00000, 0x0000000086e00000, 0x0000000086f00000|  0%| F|  |TS  0|AC  0|TAMS 0x0000000086e00000, 0x0000000086e00000|
|  31|0x0000000086f00000, 0x0000000086f00000, 0x0000000087000000|  0%| F|  |TS  0|AC  0|TAMS 0x0000000086f00000, 0x0000000086f00000|
|  32|0x0000000087000000, 0x0000000087000000, 0x0000000087100000|  0%| F|  |TS  0|AC  0|TAMS 0x0000000087000000, 0x0000000087000000|
|  33|0x0000000087100000, 0x0000000087100000, 0x0000000087200000|  0%| F|  |TS  0|AC  0|TAMS 0x0000000087100000, 0x0000000087100000|
|  34|0x0000000087200000, 0x0000000087200000, 0x0000000087300000|  0%| F|  |TS  0|AC  0|TAMS 0x0000000087200000, 0x0000000087200000|
|  35|0x0000000087300000, 0x0000000087300000, 0x0000000087400000|  0%| F|  |TS  0|AC  0|TAMS 0x0000000087300000, 0x0000000087300000|
|  36|0x0000000087400000, 0x0000000087400000, 0x0000000087500000|  0%| F|  |TS  0|AC  0|TAMS 0x0000000087400000, 0x0000000087400000|
|  37|0x0000000087500000, 0x0000000087500000, 0x0000000087600000|  0%| F|  |TS  0|AC  0|TAMS 0x0000000087500000, 0x0000000087500000|
|  38|0x0000000087600000, 0x0000000087600000, 0x0000000087700000|  0%| F|  |TS  0|AC  0|TAMS 0x0000000087600000, 0x0000000087600000|
|  39|0x0000000087700000, 0x0000000087700000, 0x0000000087800000|  0%| F|  |TS  0|AC  0|TAMS 0x0000000087700000, 0x0000000087700000|
|  40|0x0000000087800000, 0x0000000087800000, 0x0000000087900000|  0%| F|  |TS  0|AC  0|TAMS 0x0000000087800000, 0x0000000087800000|
|  41|0x0000000087900000, 0x0000000087900000, 0x0000000087a00000|  0%| F|  |TS  0|AC  0|TAMS 0x0000000087900000, 0x0000000087900000|
|  42|0x0000000087a00000, 0x0000000087a00000, 0x0000000087b00000|  0%| F|  |TS  0|AC  0|TAMS 0x0000000087a00000, 0x0000000087a00000|
|  43|0x0000000087b00000, 0x0000000087b00000, 0x0000000087c00000|  0%| F|  |TS  0|AC  0|TAMS 0x0000000087b00000, 0x0000000087b00000|
|  44|0x0000000087c00000, 0x0000000087c00000, 0x0000000087d00000|  0%| F|  |TS  0|AC  0|TAMS 0x0000000087c00000, 0x0000000087c00000|
|  45|0x0000000087d00000, 0x0000000087d00000, 0x0000000087e00000|  0%| F|  |TS  0|AC  0|TAMS 0x0000000087d00000, 0x0000000087d00000|
|  46|0x0000000087e00000, 0x0000000087e00000, 0x0000000087f00000|  0%| F|  |TS  0|AC  0|TAMS 0x0000000087e00000, 0x0000000087e00000|
|  47|0x0000000087f00000, 0x0000000087f00000, 0x0000000088000000|  0%| F|  |TS 13|AC  0|TAMS 0x0000000087f00000, 0x0000000087f00000|
|  48|0x0000000088000000, 0x0000000088000000, 0x0000000088100000|  0%| F|  |TS 29|AC  0|TAMS 0x0000000088000000, 0x0000000088000000|
|  49|0x0000000088100000, 0x0000000088100000, 0x0000000088200000|  0%| F|  |TS 29|AC  0|TAMS 0x0000000088100000, 0x0000000088100000|
|  50|0x0000000088200000, 0x0000000088200000, 0x0000000088300000|  0%| F|  |TS 31|AC  0|TAMS 0x0000000088200000, 0x0000000088200000|
|  51|0x0000000088300000, 0x0000000088300000, 0x0000000088400000|  0%| F|  |TS 31|AC  0|TAMS 0x0000000088300000, 0x0000000088300000|
|  52|0x0000000088400000, 0x0000000088400000, 0x0000000088500000|  0%| F|  |TS 29|AC  0|TAMS 0x0000000088400000, 0x0000000088400000|
|  53|0x0000000088500000, 0x0000000088500000, 0x0000000088600000|  0%| F|  |TS 29|AC  0|TAMS 0x0000000088500000, 0x0000000088500000|
|  54|0x0000000088600000, 0x0000000088600000, 0x0000000088700000|  0%| F|  |TS 29|AC  0|TAMS 0x0000000088600000, 0x0000000088600000|
|  55|0x0000000088700000, 0x0000000088700000, 0x0000000088800000|  0%| F|  |TS 29|AC  0|TAMS 0x0000000088700000, 0x0000000088700000|
|  56|0x0000000088800000, 0x0000000088800000, 0x0000000088900000|  0%| F|  |TS 29|AC  0|TAMS 0x0000000088800000, 0x0000000088800000|
|  57|0x0000000088900000, 0x0000000088900000, 0x0000000088a00000|  0%| F|  |TS 29|AC  0|TAMS 0x0000000088900000, 0x0000000088900000|
|  58|0x0000000088a00000, 0x0000000088a00000, 0x0000000088b00000|  0%| F|  |TS 29|AC  0|TAMS 0x0000000088a00000, 0x0000000088a00000|
|  59|0x0000000088b00000, 0x0000000088b00000, 0x0000000088c00000|  0%| F|  |TS 43|AC  0|TAMS 0x0000000088b00000, 0x0000000088b00000|
|  60|0x0000000088c00000, 0x0000000088c00000, 0x0000000088d00000|  0%| F|  |TS 41|AC  0|TAMS 0x0000000088c00000, 0x0000000088c00000|
|  61|0x0000000088d00000, 0x0000000088d00000, 0x0000000088e00000|  0%| F|  |TS 41|AC  0|TAMS 0x0000000088d00000, 0x0000000088d00000|
|  62|0x0000000088e00000, 0x0000000088e00000, 0x0000000088f00000|  0%| F|  |TS 41|AC  0|TAMS 0x0000000088e00000, 0x0000000088e00000|
|  63|0x0000000088f00000, 0x0000000088f00000, 0x0000000089000000|  0%| F|  |TS 41|AC  0|TAMS 0x0000000088f00000, 0x0000000088f00000|
|  64|0x0000000089000000, 0x0000000089000000, 0x0000000089100000|  0%| F|  |TS 41|AC  0|TAMS 0x0000000089000000, 0x0000000089000000|
|  65|0x0000000089100000, 0x0000000089100000, 0x0000000089200000|  0%| F|  |TS 41|AC  0|TAMS 0x0000000089100000, 0x0000000089100000|
|  66|0x0000000089200000, 0x0000000089200000, 0x0000000089300000|  0%| F|  |TS 41|AC  0|TAMS 0x0000000089200000, 0x0000000089200000|
|  67|0x0000000089300000, 0x0000000089300000, 0x0000000089400000|  0%| F|  |TS 41|AC  0|TAMS 0x0000000089300000, 0x0000000089300000|
|  68|0x0000000089400000, 0x0000000089400000, 0x0000000089500000|  0%| F|  |TS 41|AC  0|TAMS 0x0000000089400000, 0x0000000089400000|
|  69|0x0000000089500000, 0x0000000089500000, 0x0000000089600000|  0%| F|  |TS 41|AC  0|TAMS 0x0000000089500000, 0x0000000089500000|
|  70|0x0000000089600000, 0x0000000089600000, 0x0000000089700000|  0%| F|  |TS 41|AC  0|TAMS 0x0000000089600000, 0x0000000089600000|
|  71|0x0000000089700000, 0x0000000089700000, 0x0000000089800000|  0%| F|  |TS 41|AC  0|TAMS 0x0000000089700000, 0x0000000089700000|
|  72|0x0000000089800000, 0x0000000089800000, 0x0000000089900000|  0%| F|  |TS 41|AC  0|TAMS 0x0000000089800000, 0x0000000089800000|
|  73|0x0000000089900000, 0x0000000089900000, 0x0000000089a00000|  0%| F|  |TS 41|AC  0|TAMS 0x0000000089900000, 0x0000000089900000|
|  74|0x0000000089a00000, 0x0000000089a00000, 0x0000000089b00000|  0%| F|  |TS 41|AC  0|TAMS 0x0000000089a00000, 0x0000000089a00000|
|  75|0x0000000089b00000, 0x0000000089b00000, 0x0000000089c00000|  0%| F|  |TS 41|AC  0|TAMS 0x0000000089b00000, 0x0000000089b00000|
|  76|0x0000000089c00000, 0x0000000089c00000, 0x0000000089d00000|  0%| F|  |TS 41|AC  0|TAMS 0x0000000089c00000, 0x0000000089c00000|
|  77|0x0000000089d00000, 0x0000000089d00000, 0x0000000089e00000|  0%| F|  |TS 41|AC  0|TAMS 0x0000000089d00000, 0x0000000089d00000|
|  78|0x0000000089e00000, 0x0000000089e00000, 0x0000000089f00000|  0%| F|  |TS 95|AC  0|TAMS 0x0000000089e00000, 0x0000000089e00000|
|  79|0x0000000089f00000, 0x0000000089f00000, 0x000000008a000000|  0%| F|  |TS 93|AC  0|TAMS 0x0000000089f00000, 0x0000000089f00000|
|  80|0x000000008a000000, 0x000000008a000000, 0x000000008a100000|  0%| F|  |TS 93|AC  0|TAMS 0x000000008a000000, 0x000000008a000000|
|  81|0x000000008a100000, 0x000000008a100000, 0x000000008a200000|  0%| F|  |TS 93|AC  0|TAMS 0x000000008a100000, 0x000000008a100000|
|  82|0x000000008a200000, 0x000000008a200000, 0x000000008a300000|  0%| F|  |TS 93|AC  0|TAMS 0x000000008a200000, 0x000000008a200000|
|  83|0x000000008a300000, 0x000000008a300000, 0x000000008a400000|  0%| F|  |TS 93|AC  0|TAMS 0x000000008a300000, 0x000000008a300000|
|  84|0x000000008a400000, 0x000000008a400000, 0x000000008a500000|  0%| F|  |TS 93|AC  0|TAMS 0x000000008a400000, 0x000000008a400000|
|  85|0x000000008a500000, 0x000000008a500000, 0x000000008a600000|  0%| F|  |TS 93|AC  0|TAMS 0x000000008a500000, 0x000000008a500000|
|  86|0x000000008a600000, 0x000000008a600000, 0x000000008a700000|  0%| F|  |TS 93|AC  0|TAMS 0x000000008a600000, 0x000000008a600000|
|  87|0x000000008a700000, 0x000000008a700000, 0x000000008a800000|  0%| F|  |TS 93|AC  0|TAMS 0x000000008a700000, 0x000000008a700000|
|  88|0x000000008a800000, 0x000000008a800000, 0x000000008a900000|  0%| F|  |TS 93|AC  0|TAMS 0x000000008a800000, 0x000000008a800000|
|  89|0x000000008a900000, 0x000000008a900000, 0x000000008aa00000|  0%| F|  |TS 93|AC  0|TAMS 0x000000008a900000, 0x000000008a900000|
|  90|0x000000008aa00000, 0x000000008aa00000, 0x000000008ab00000|  0%| F|  |TS 93|AC  0|TAMS 0x000000008aa00000, 0x000000008aa00000|
|  91|0x000000008ab00000, 0x000000008ab00000, 0x000000008ac00000|  0%| F|  |TS 93|AC  0|TAMS 0x000000008ab00000, 0x000000008ab00000|
|  92|0x000000008ac00000, 0x000000008ac00000, 0x000000008ad00000|  0%| F|  |TS 93|AC  0|TAMS 0x000000008ac00000, 0x000000008ac00000|
|  93|0x000000008ad00000, 0x000000008ad00000, 0x000000008ae00000|  0%| F|  |TS 93|AC  0|TAMS 0x000000008ad00000, 0x000000008ad00000|
|  94|0x000000008ae00000, 0x000000008ae00000, 0x000000008af00000|  0%| F|  |TS 99|AC  0|TAMS 0x000000008ae00000, 0x000000008ae00000|
|  95|0x000000008af00000, 0x000000008af00000, 0x000000008b000000|  0%| F|  |TS 97|AC  0|TAMS 0x000000008af00000, 0x000000008af00000|
|  96|0x000000008b000000, 0x000000008b000000, 0x000000008b100000|  0%| F|  |TS 97|AC  0|TAMS 0x000000008b000000, 0x000000008b000000|
|  97|0x000000008b100000, 0x000000008b100000, 0x000000008b200000|  0%| F|  |TS 97|AC  0|TAMS 0x000000008b100000, 0x000000008b100000|
|  98|0x000000008b200000, 0x000000008b200000, 0x000000008b300000|  0%| F|  |TS 97|AC  0|TAMS 0x000000008b200000, 0x000000008b200000|
|  99|0x000000008b300000, 0x000000008b300000, 0x000000008b400000|  0%| F|  |TS 97|AC  0|TAMS 0x000000008b300000, 0x000000008b300000|
| 100|0x000000008b400000, 0x000000008b400000, 0x000000008b500000|  0%| F|  |TS 97|AC  0|TAMS 0x000000008b400000, 0x000000008b400000|
| 101|0x000000008b500000, 0x000000008b500000, 0x000000008b600000|  0%| F|  |TS 97|AC  0|TAMS 0x000000008b500000, 0x000000008b500000|
| 102|0x000000008b600000, 0x000000008b600000, 0x000000008b700000|  0%| F|  |TS 97|AC  0|TAMS 0x000000008b600000, 0x000000008b600000|
| 103|0x000000008b700000, 0x000000008b700000, 0x000000008b800000|  0%| F|  |TS 97|AC  0|TAMS 0x000000008b700000, 0x000000008b700000|
| 104|0x000000008b800000, 0x000000008b800000, 0x000000008b900000|  0%| F|  |TS 97|AC  0|TAMS 0x000000008b800000, 0x000000008b800000|
| 105|0x000000008b900000, 0x000000008b900000, 0x000000008ba00000|  0%| F|  |TS 97|AC  0|TAMS 0x000000008b900000, 0x000000008b900000|
| 106|0x000000008ba00000, 0x000000008ba00000, 0x000000008bb00000|  0%| F|  |TS 97|AC  0|TAMS 0x000000008ba00000, 0x000000008ba00000|
| 107|0x000000008bb00000, 0x000000008bb00000, 0x000000008bc00000|  0%| F|  |TS 97|AC  0|TAMS 0x000000008bb00000, 0x000000008bb00000|
| 108|0x000000008bc00000, 0x000000008bc00000, 0x000000008bd00000|  0%| F|  |TS 97|AC  0|TAMS 0x000000008bc00000, 0x000000008bc00000|
| 109|0x000000008bd00000, 0x000000008bd00000, 0x000000008be00000|  0%| F|  |TS 97|AC  0|TAMS 0x000000008bd00000, 0x000000008bd00000|
| 110|0x000000008be00000, 0x000000008be00000, 0x000000008bf00000|  0%| F|  |TS 97|AC  0|TAMS 0x000000008be00000, 0x000000008be00000|
| 111|0x000000008bf00000, 0x000000008bf00000, 0x000000008c000000|  0%| F|  |TS 97|AC  0|TAMS 0x000000008bf00000, 0x000000008bf00000|
| 112|0x000000008c000000, 0x000000008c000000, 0x000000008c100000|  0%| F|  |TS 97|AC  0|TAMS 0x000000008c000000, 0x000000008c000000|
| 113|0x000000008c100000, 0x000000008c100000, 0x000000008c200000|  0%| F|  |TS 97|AC  0|TAMS 0x000000008c100000, 0x000000008c100000|
| 114|0x000000008c200000, 0x000000008c200000, 0x000000008c300000|  0%| F|  |TS 97|AC  0|TAMS 0x000000008c200000, 0x000000008c200000|
| 115|0x000000008c300000, 0x000000008c300000, 0x000000008c400000|  0%| F|  |TS 97|AC  0|TAMS 0x000000008c300000, 0x000000008c300000|
| 116|0x000000008c400000, 0x000000008c400000, 0x000000008c500000|  0%| F|  |TS 97|AC  0|TAMS 0x000000008c400000, 0x000000008c400000|
| 117|0x000000008c500000, 0x000000008c500000, 0x000000008c600000|  0%| F|  |TS 97|AC  0|TAMS 0x000000008c500000, 0x000000008c500000|
| 118|0x000000008c600000, 0x000000008c600000, 0x000000008c700000|  0%| F|  |TS 97|AC  0|TAMS 0x000000008c600000, 0x000000008c600000|
| 119|0x000000008c700000, 0x000000008c700000, 0x000000008c800000|  0%| F|  |TS 97|AC  0|TAMS 0x000000008c700000, 0x000000008c700000|
| 120|0x000000008c800000, 0x000000008c800000, 0x000000008c900000|  0%| F|  |TS 97|AC  0|TAMS 0x000000008c800000, 0x000000008c800000|
| 121|0x000000008c900000, 0x000000008c900000, 0x000000008ca00000|  0%| F|  |TS 97|AC  0|TAMS 0x000000008c900000, 0x000000008c900000|
| 122|0x000000008ca00000, 0x000000008ca00000, 0x000000008cb00000|  0%| F|  |TS 97|AC  0|TAMS 0x000000008ca00000, 0x000000008ca00000|
| 123|0x000000008cb00000, 0x000000008cb00000, 0x000000008cc00000|  0%| F|  |TS 97|AC  0|TAMS 0x000000008cb00000, 0x000000008cb00000|
| 124|0x000000008cc00000, 0x000000008cc00000, 0x000000008cd00000|  0%| F|  |TS 97|AC  0|TAMS 0x000000008cc00000, 0x000000008cc00000|
| 125|0x000000008cd00000, 0x000000008cd00000, 0x000000008ce00000|  0%| F|  |TS 97|AC  0|TAMS 0x000000008cd00000, 0x000000008cd00000|
| 126|0x000000008ce00000, 0x000000008ce00000, 0x000000008cf00000|  0%| F|  |TS 97|AC  0|TAMS 0x000000008ce00000, 0x000000008ce00000|
| 127|0x000000008cf00000, 0x000000008cf00000, 0x000000008d000000|  0%| F|  |TS 97|AC  0|TAMS 0x000000008cf00000, 0x000000008cf00000|
| 128|0x000000008d000000, 0x000000008d000000, 0x000000008d100000|  0%| F|  |TS 97|AC  0|TAMS 0x000000008d000000, 0x000000008d000000|
| 129|0x000000008d100000, 0x000000008d100000, 0x000000008d200000|  0%| F|  |TS 97|AC  0|TAMS 0x000000008d100000, 0x000000008d100000|
| 130|0x000000008d200000, 0x000000008d200000, 0x000000008d300000|  0%| F|  |TS 97|AC  0|TAMS 0x000000008d200000, 0x000000008d200000|
| 131|0x000000008d300000, 0x000000008d300000, 0x000000008d400000|  0%| F|  |TS 97|AC  0|TAMS 0x000000008d300000, 0x000000008d300000|
| 132|0x000000008d400000, 0x000000008d400000, 0x000000008d500000|  0%| F|  |TS 97|AC  0|TAMS 0x000000008d400000, 0x000000008d400000|
| 133|0x000000008d500000, 0x000000008d500000, 0x000000008d600000|  0%| F|  |TS 97|AC  0|TAMS 0x000000008d500000, 0x000000008d500000|
| 134|0x000000008d600000, 0x000000008d600000, 0x000000008d700000|  0%| F|  |TS 97|AC  0|TAMS 0x000000008d600000, 0x000000008d600000|
| 135|0x000000008d700000, 0x000000008d700000, 0x000000008d800000|  0%| F|  |TS 97|AC  0|TAMS 0x000000008d700000, 0x000000008d700000|
| 136|0x000000008d800000, 0x000000008d800000, 0x000000008d900000|  0%| F|  |TS 97|AC  0|TAMS 0x000000008d800000, 0x000000008d800000|
| 137|0x000000008d900000, 0x000000008d900000, 0x000000008da00000|  0%| F|  |TS 97|AC  0|TAMS 0x000000008d900000, 0x000000008d900000|
| 138|0x000000008da00000, 0x000000008da00000, 0x000000008db00000|  0%| F|  |TS 97|AC  0|TAMS 0x000000008da00000, 0x000000008da00000|
| 139|0x000000008db00000, 0x000000008db00000, 0x000000008dc00000|  0%| F|  |TS 97|AC  0|TAMS 0x000000008db00000, 0x000000008db00000|
| 140|0x000000008dc00000, 0x000000008dc00000, 0x000000008dd00000|  0%| F|  |TS 97|AC  0|TAMS 0x000000008dc00000, 0x000000008dc00000|
| 141|0x000000008dd00000, 0x000000008dd00000, 0x000000008de00000|  0%| F|  |TS 97|AC  0|TAMS 0x000000008dd00000, 0x000000008dd00000|
| 142|0x000000008de00000, 0x000000008de00000, 0x000000008df00000|  0%| F|  |TS 97|AC  0|TAMS 0x000000008de00000, 0x000000008de00000|
| 143|0x000000008df00000, 0x000000008df00000, 0x000000008e000000|  0%| F|  |TS 97|AC  0|TAMS 0x000000008df00000, 0x000000008df00000|
| 144|0x000000008e000000, 0x000000008e000000, 0x000000008e100000|  0%| F|  |TS 97|AC  0|TAMS 0x000000008e000000, 0x000000008e000000|
| 145|0x000000008e100000, 0x000000008e100000, 0x000000008e200000|  0%| F|  |TS 97|AC  0|TAMS 0x000000008e100000, 0x000000008e100000|
| 146|0x000000008e200000, 0x000000008e200000, 0x000000008e300000|  0%| F|  |TS 97|AC  0|TAMS 0x000000008e200000, 0x000000008e200000|
| 147|0x000000008e300000, 0x000000008e300000, 0x000000008e400000|  0%| F|  |TS 97|AC  0|TAMS 0x000000008e300000, 0x000000008e300000|
| 148|0x000000008e400000, 0x000000008e400000, 0x000000008e500000|  0%| F|  |TS 97|AC  0|TAMS 0x000000008e400000, 0x000000008e400000|
| 149|0x000000008e500000, 0x000000008e500000, 0x000000008e600000|  0%| F|  |TS 97|AC  0|TAMS 0x000000008e500000, 0x000000008e500000|
| 150|0x000000008e600000, 0x000000008e600000, 0x000000008e700000|  0%| F|  |TS 97|AC  0|TAMS 0x000000008e600000, 0x000000008e600000|
| 151|0x000000008e700000, 0x000000008e700000, 0x000000008e800000|  0%| F|  |TS 97|AC  0|TAMS 0x000000008e700000, 0x000000008e700000|
| 152|0x000000008e800000, 0x000000008e800000, 0x000000008e900000|  0%| F|  |TS 97|AC  0|TAMS 0x000000008e800000, 0x000000008e800000|
| 153|0x000000008e900000, 0x000000008e900000, 0x000000008ea00000|  0%| F|  |TS 97|AC  0|TAMS 0x000000008e900000, 0x000000008e900000|
| 154|0x000000008ea00000, 0x000000008ea00000, 0x000000008eb00000|  0%| F|  |TS 97|AC  0|TAMS 0x000000008ea00000, 0x000000008ea00000|
| 155|0x000000008eb00000, 0x000000008eb00000, 0x000000008ec00000|  0%| F|  |TS 97|AC  0|TAMS 0x000000008eb00000, 0x000000008eb00000|
| 156|0x000000008ec00000, 0x000000008ec00000, 0x000000008ed00000|  0%| F|  |TS 97|AC  0|TAMS 0x000000008ec00000, 0x000000008ec00000|
| 157|0x000000008ed00000, 0x000000008ed00000, 0x000000008ee00000|  0%| F|  |TS 97|AC  0|TAMS 0x000000008ed00000, 0x000000008ed00000|
| 158|0x000000008ee00000, 0x000000008ee00000, 0x000000008ef00000|  0%| F|  |TS 97|AC  0|TAMS 0x000000008ee00000, 0x000000008ee00000|
| 159|0x000000008ef00000, 0x000000008ef00000, 0x000000008f000000|  0%| F|  |TS 97|AC  0|TAMS 0x000000008ef00000, 0x000000008ef00000|
| 160|0x000000008f000000, 0x000000008f000000, 0x000000008f100000|  0%| F|  |TS 97|AC  0|TAMS 0x000000008f000000, 0x000000008f000000|
| 161|0x000000008f100000, 0x000000008f100000, 0x000000008f200000|  0%| F|  |TS 97|AC  0|TAMS 0x000000008f100000, 0x000000008f100000|
| 162|0x000000008f200000, 0x000000008f200000, 0x000000008f300000|  0%| F|  |TS 97|AC  0|TAMS 0x000000008f200000, 0x000000008f200000|
| 163|0x000000008f300000, 0x000000008f300000, 0x000000008f400000|  0%| F|  |TS 97|AC  0|TAMS 0x000000008f300000, 0x000000008f300000|
| 164|0x000000008f400000, 0x000000008f400000, 0x000000008f500000|  0%| F|  |TS 97|AC  0|TAMS 0x000000008f400000, 0x000000008f400000|
| 165|0x000000008f500000, 0x000000008f500000, 0x000000008f600000|  0%| F|  |TS 97|AC  0|TAMS 0x000000008f500000, 0x000000008f500000|
| 166|0x000000008f600000, 0x000000008f600000, 0x000000008f700000|  0%| F|  |TS 97|AC  0|TAMS 0x000000008f600000, 0x000000008f600000|
| 167|0x000000008f700000, 0x000000008f700000, 0x000000008f800000|  0%| F|  |TS 97|AC  0|TAMS 0x000000008f700000, 0x000000008f700000|
| 168|0x000000008f800000, 0x000000008f800000, 0x000000008f900000|  0%| F|  |TS 97|AC  0|TAMS 0x000000008f800000, 0x000000008f800000|
| 169|0x000000008f900000, 0x000000008f900000, 0x000000008fa00000|  0%| F|  |TS 97|AC  0|TAMS 0x000000008f900000, 0x000000008f900000|
| 170|0x000000008fa00000, 0x000000008fa00000, 0x000000008fb00000|  0%| F|  |TS 97|AC  0|TAMS 0x000000008fa00000, 0x000000008fa00000|
| 171|0x000000008fb00000, 0x000000008fb00000, 0x000000008fc00000|  0%| F|  |TS 97|AC  0|TAMS 0x000000008fb00000, 0x000000008fb00000|
| 172|0x000000008fc00000, 0x000000008fc00000, 0x000000008fd00000|  0%| F|  |TS 97|AC  0|TAMS 0x000000008fc00000, 0x000000008fc00000|
| 173|0x000000008fd00000, 0x000000008fd00000, 0x000000008fe00000|  0%| F|  |TS 97|AC  0|TAMS 0x000000008fd00000, 0x000000008fd00000|
| 174|0x000000008fe00000, 0x000000008fe00000, 0x000000008ff00000|  0%| F|  |TS 97|AC  0|TAMS 0x000000008fe00000, 0x000000008fe00000|
| 175|0x000000008ff00000, 0x000000008ff00000, 0x0000000090000000|  0%| F|  |TS 97|AC  0|TAMS 0x000000008ff00000, 0x000000008ff00000|
| 176|0x0000000090000000, 0x0000000090000000, 0x0000000090100000|  0%| F|  |TS 97|AC  0|TAMS 0x0000000090000000, 0x0000000090000000|
| 177|0x0000000090100000, 0x0000000090100000, 0x0000000090200000|  0%| F|  |TS 97|AC  0|TAMS 0x0000000090100000, 0x0000000090100000|
| 178|0x0000000090200000, 0x0000000090200000, 0x0000000090300000|  0%| F|  |TS 97|AC  0|TAMS 0x0000000090200000, 0x0000000090200000|
| 179|0x0000000090300000, 0x0000000090300000, 0x0000000090400000|  0%| F|  |TS 97|AC  0|TAMS 0x0000000090300000, 0x0000000090300000|
| 180|0x0000000090400000, 0x0000000090400000, 0x0000000090500000|  0%| F|  |TS 97|AC  0|TAMS 0x0000000090400000, 0x0000000090400000|
| 181|0x0000000090500000, 0x0000000090500000, 0x0000000090600000|  0%| F|  |TS 97|AC  0|TAMS 0x0000000090500000, 0x0000000090500000|
| 182|0x0000000090600000, 0x0000000090600000, 0x0000000090700000|  0%| F|  |TS 97|AC  0|TAMS 0x0000000090600000, 0x0000000090600000|
| 183|0x0000000090700000, 0x0000000090700000, 0x0000000090800000|  0%| F|  |TS 97|AC  0|TAMS 0x0000000090700000, 0x0000000090700000|
| 184|0x0000000090800000, 0x0000000090800000, 0x0000000090900000|  0%| F|  |TS 97|AC  0|TAMS 0x0000000090800000, 0x0000000090800000|
| 185|0x0000000090900000, 0x0000000090900000, 0x0000000090a00000|  0%| F|  |TS 97|AC  0|TAMS 0x0000000090900000, 0x0000000090900000|
| 186|0x0000000090a00000, 0x0000000090a00000, 0x0000000090b00000|  0%| F|  |TS 97|AC  0|TAMS 0x0000000090a00000, 0x0000000090a00000|
| 187|0x0000000090b00000, 0x0000000090b00000, 0x0000000090c00000|  0%| F|  |TS 97|AC  0|TAMS 0x0000000090b00000, 0x0000000090b00000|
| 188|0x0000000090c00000, 0x0000000090c00000, 0x0000000090d00000|  0%| F|  |TS 97|AC  0|TAMS 0x0000000090c00000, 0x0000000090c00000|
| 189|0x0000000090d00000, 0x0000000090d00000, 0x0000000090e00000|  0%| F|  |TS 97|AC  0|TAMS 0x0000000090d00000, 0x0000000090d00000|
| 190|0x0000000090e00000, 0x0000000090e00000, 0x0000000090f00000|  0%| F|  |TS 97|AC  0|TAMS 0x0000000090e00000, 0x0000000090e00000|
| 191|0x0000000090f00000, 0x0000000090f00000, 0x0000000091000000|  0%| F|  |TS 97|AC  0|TAMS 0x0000000090f00000, 0x0000000090f00000|
| 192|0x0000000091000000, 0x0000000091000000, 0x0000000091100000|  0%| F|  |TS 97|AC  0|TAMS 0x0000000091000000, 0x0000000091000000|
| 193|0x0000000091100000, 0x0000000091100000, 0x0000000091200000|  0%| F|  |TS 97|AC  0|TAMS 0x0000000091100000, 0x0000000091100000|
| 194|0x0000000091200000, 0x0000000091200000, 0x0000000091300000|  0%| F|  |TS 97|AC  0|TAMS 0x0000000091200000, 0x0000000091200000|
| 195|0x0000000091300000, 0x0000000091300000, 0x0000000091400000|  0%| F|  |TS 97|AC  0|TAMS 0x0000000091300000, 0x0000000091300000|
| 196|0x0000000091400000, 0x0000000091400000, 0x0000000091500000|  0%| F|  |TS 97|AC  0|TAMS 0x0000000091400000, 0x0000000091400000|
| 197|0x0000000091500000, 0x0000000091500000, 0x0000000091600000|  0%| F|  |TS 97|AC  0|TAMS 0x0000000091500000, 0x0000000091500000|
| 198|0x0000000091600000, 0x0000000091600000, 0x0000000091700000|  0%| F|  |TS 97|AC  0|TAMS 0x0000000091600000, 0x0000000091600000|
| 199|0x0000000091700000, 0x0000000091700000, 0x0000000091800000|  0%| F|  |TS 97|AC  0|TAMS 0x0000000091700000, 0x0000000091700000|
| 200|0x0000000091800000, 0x0000000091800000, 0x0000000091900000|  0%| F|  |TS 97|AC  0|TAMS 0x0000000091800000, 0x0000000091800000|
| 201|0x0000000091900000, 0x0000000091900000, 0x0000000091a00000|  0%| F|  |TS 97|AC  0|TAMS 0x0000000091900000, 0x0000000091900000|
| 202|0x0000000091a00000, 0x0000000091a00000, 0x0000000091b00000|  0%| F|  |TS 97|AC  0|TAMS 0x0000000091a00000, 0x0000000091a00000|
| 203|0x0000000091b00000, 0x0000000091b00000, 0x0000000091c00000|  0%| F|  |TS 97|AC  0|TAMS 0x0000000091b00000, 0x0000000091b00000|
| 204|0x0000000091c00000, 0x0000000091c00000, 0x0000000091d00000|  0%| F|  |TS 97|AC  0|TAMS 0x0000000091c00000, 0x0000000091c00000|
| 205|0x0000000091d00000, 0x0000000091d00000, 0x0000000091e00000|  0%| F|  |TS 97|AC  0|TAMS 0x0000000091d00000, 0x0000000091d00000|
| 206|0x0000000091e00000, 0x0000000091e00000, 0x0000000091f00000|  0%| F|  |TS 97|AC  0|TAMS 0x0000000091e00000, 0x0000000091e00000|
| 207|0x0000000091f00000, 0x0000000091f00000, 0x0000000092000000|  0%| F|  |TS 97|AC  0|TAMS 0x0000000091f00000, 0x0000000091f00000|
| 208|0x0000000092000000, 0x0000000092000000, 0x0000000092100000|  0%| F|  |TS 97|AC  0|TAMS 0x0000000092000000, 0x0000000092000000|
| 209|0x0000000092100000, 0x000000009210b218, 0x0000000092200000|  4%| S|CS|TS101|AC  0|TAMS 0x0000000092100000, 0x0000000092100000|
| 210|0x0000000092200000, 0x0000000092200000, 0x0000000092300000|  0%| F|  |TS101|AC  0|TAMS 0x0000000092200000, 0x0000000092200000|
| 211|0x0000000092300000, 0x0000000092300000, 0x0000000092400000|  0%| F|  |TS101|AC  0|TAMS 0x0000000092300000, 0x0000000092300000|
| 212|0x0000000092400000, 0x0000000092400000, 0x0000000092500000|  0%| F|  |TS101|AC  0|TAMS 0x0000000092400000, 0x0000000092400000|
| 213|0x0000000092500000, 0x0000000092500000, 0x0000000092600000|  0%| F|  |TS101|AC  0|TAMS 0x0000000092500000, 0x0000000092500000|
| 214|0x0000000092600000, 0x0000000092600000, 0x0000000092700000|  0%| F|  |TS101|AC  0|TAMS 0x0000000092600000, 0x0000000092600000|
| 215|0x0000000092700000, 0x0000000092700000, 0x0000000092800000|  0%| F|  |TS101|AC  0|TAMS 0x0000000092700000, 0x0000000092700000|
| 216|0x0000000092800000, 0x0000000092800000, 0x0000000092900000|  0%| F|  |TS101|AC  0|TAMS 0x0000000092800000, 0x0000000092800000|
| 217|0x0000000092900000, 0x0000000092900000, 0x0000000092a00000|  0%| F|  |TS101|AC  0|TAMS 0x0000000092900000, 0x0000000092900000|
| 218|0x0000000092a00000, 0x0000000092a00000, 0x0000000092b00000|  0%| F|  |TS101|AC  0|TAMS 0x0000000092a00000, 0x0000000092a00000|
| 219|0x0000000092b00000, 0x0000000092b00000, 0x0000000092c00000|  0%| F|  |TS101|AC  0|TAMS 0x0000000092b00000, 0x0000000092b00000|
| 220|0x0000000092c00000, 0x0000000092c00000, 0x0000000092d00000|  0%| F|  |TS101|AC  0|TAMS 0x0000000092c00000, 0x0000000092c00000|
| 221|0x0000000092d00000, 0x0000000092d00000, 0x0000000092e00000|  0%| F|  |TS101|AC  0|TAMS 0x0000000092d00000, 0x0000000092d00000|
| 222|0x0000000092e00000, 0x0000000092e00000, 0x0000000092f00000|  0%| F|  |TS101|AC  0|TAMS 0x0000000092e00000, 0x0000000092e00000|
| 223|0x0000000092f00000, 0x0000000092f00000, 0x0000000093000000|  0%| F|  |TS101|AC  0|TAMS 0x0000000092f00000, 0x0000000092f00000|
| 224|0x0000000093000000, 0x0000000093000000, 0x0000000093100000|  0%| F|  |TS101|AC  0|TAMS 0x0000000093000000, 0x0000000093000000|
| 225|0x0000000093100000, 0x0000000093100000, 0x0000000093200000|  0%| F|  |TS101|AC  0|TAMS 0x0000000093100000, 0x0000000093100000|
| 226|0x0000000093200000, 0x0000000093200000, 0x0000000093300000|  0%| F|  |TS101|AC  0|TAMS 0x0000000093200000, 0x0000000093200000|
| 227|0x0000000093300000, 0x0000000093300000, 0x0000000093400000|  0%| F|  |TS101|AC  0|TAMS 0x0000000093300000, 0x0000000093300000|
| 228|0x0000000093400000, 0x0000000093400000, 0x0000000093500000|  0%| F|  |TS101|AC  0|TAMS 0x0000000093400000, 0x0000000093400000|
| 229|0x0000000093500000, 0x0000000093500000, 0x0000000093600000|  0%| F|  |TS101|AC  0|TAMS 0x0000000093500000, 0x0000000093500000|
| 230|0x0000000093600000, 0x0000000093600000, 0x0000000093700000|  0%| F|  |TS101|AC  0|TAMS 0x0000000093600000, 0x0000000093600000|
| 231|0x0000000093700000, 0x0000000093700000, 0x0000000093800000|  0%| F|  |TS101|AC  0|TAMS 0x0000000093700000, 0x0000000093700000|
| 232|0x0000000093800000, 0x0000000093800000, 0x0000000093900000|  0%| F|  |TS101|AC  0|TAMS 0x0000000093800000, 0x0000000093800000|
| 233|0x0000000093900000, 0x0000000093900000, 0x0000000093a00000|  0%| F|  |TS101|AC  0|TAMS 0x0000000093900000, 0x0000000093900000|
| 234|0x0000000093a00000, 0x0000000093a00000, 0x0000000093b00000|  0%| F|  |TS101|AC  0|TAMS 0x0000000093a00000, 0x0000000093a00000|
| 235|0x0000000093b00000, 0x0000000093b00000, 0x0000000093c00000|  0%| F|  |TS101|AC  0|TAMS 0x0000000093b00000, 0x0000000093b00000|

Card table byte_map: [0x00007f0e182a5000,0x00007f0e1867d000] byte_map_base: 0x00007f0e17e7d000

Marking Bits (Prev, Next): (CMBitMap*) 0x00007f0e3406b2b0, (CMBitMap*) 0x00007f0e3406b2e8
 Prev Bits: [0x00007f0dd1d68000, 0x00007f0dd3c28000)
 Next Bits: [0x00007f0dcfea8000, 0x00007f0dd1d68000)

Polling page: 0x00007f0e3b54c000

CodeHeap 'non-profiled nmethods': size=120032Kb used=768Kb max_used=768Kb free=119264Kb
 bounds [0x00007f0e2160b000, 0x00007f0e2187b000, 0x00007f0e28b43000]
CodeHeap 'profiled nmethods': size=120028Kb used=1952Kb max_used=1952Kb free=118075Kb
 bounds [0x00007f0e1a0d4000, 0x00007f0e1a344000, 0x00007f0e2160b000]
CodeHeap 'non-nmethods': size=5700Kb used=1206Kb max_used=1243Kb free=4493Kb
 bounds [0x00007f0e19b43000, 0x00007f0e19db3000, 0x00007f0e1a0d4000]
 total_blobs=1341 nmethods=726 adapters=269
 compilation: enabled

Compilation events (10 events):
Event: 24.547 Thread 0x00007f0e3419e000 nmethod 722 0x00007f0e1a2bbd10 code [0x00007f0e1a2bbec0, 0x00007f0e1a2bc010]
Event: 24.744 Thread 0x00007f0e3419a000  723       4       java.lang.AbstractStringBuilder::appendChars (130 bytes)
Event: 24.757 Thread 0x00007f0e3419a000 nmethod 723 0x00007f0e216ca090 code [0x00007f0e216ca220, 0x00007f0e216ca4d8]
Event: 26.081 Thread 0x00007f0e34196000  724       4       java.util.regex.Pattern$Node::study (21 bytes)
Event: 26.163 Thread 0x00007f0e34196000 nmethod 724 0x00007f0e216ca610 code [0x00007f0e216ca7c0, 0x00007f0e216ca8c8]
Event: 27.321 Thread 0x00007f0e3419c000  725       4       java.nio.CharBuffer::arrayOffset (35 bytes)
Event: 27.374 Thread 0x00007f0e3419c000 nmethod 725 0x00007f0e216caa10 code [0x00007f0e216caba0, 0x00007f0e216cac38]
Event: 38.832 Thread 0x00007f0e3419c000  726       4       java.nio.ByteBuffer::array (35 bytes)
Event: 40.272 Thread 0x00007f0e3419a000  727       4       java.nio.CharBuffer::position (6 bytes)
Event: 43.015 Thread 0x00007f0e3419c000 nmethod 726 0x00007f0e216cad10 code [0x00007f0e216caea0, 0x00007f0e216caf38]

GC Heap History (10 events):
Event: 27.180 GC heap after
{Heap after GC invocations=46 (full 0):
 garbage-first heap   total 200704K, used 2078K [0x0000000085000000, 0x0000000085100620, 0x0000000100000000)
  region size 1024K, 1 young (1024K), 1 survivors (1024K)
 Metaspace       used 8010K, capacity 8214K, committed 8448K, reserved 1056768K
  class space    used 675K, capacity 734K, committed 768K, reserved 1048576K
}
Event: 27.526 GC heap before
{Heap before GC invocations=46 (full 0):
 garbage-first heap   total 200704K, used 120862K [0x0000000085000000, 0x0000000085100620, 0x0000000100000000)
  region size 1024K, 117 young (119808K), 1 survivors (1024K)
 Metaspace       used 8010K, capacity 8214K, committed 8448K, reserved 1056768K
  class space    used 675K, capacity 734K, committed 768K, reserved 1048576K
}
Event: 27.550 GC heap after
{Heap after GC invocations=47 (full 0):
 garbage-first heap   total 241664K, used 2083K [0x0000000085000000, 0x0000000085100760, 0x0000000100000000)
  region size 1024K, 1 young (1024K), 1 survivors (1024K)
 Metaspace       used 8010K, capacity 8214K, committed 8448K, reserved 1056768K
  class space    used 675K, capacity 734K, committed 768K, reserved 1048576K
}
Event: 38.947 GC heap before
{Heap before GC invocations=47 (full 0):
 garbage-first heap   total 241664K, used 145443K [0x0000000085000000, 0x0000000085100760, 0x0000000100000000)
  region size 1024K, 141 young (144384K), 1 survivors (1024K)
 Metaspace       used 8010K, capacity 8214K, committed 8448K, reserved 1056768K
  class space    used 675K, capacity 734K, committed 768K, reserved 1048576K
}
Event: 40.079 GC heap after
{Heap after GC invocations=48 (full 0):
 garbage-first heap   total 241664K, used 2091K [0x0000000085000000, 0x0000000085100760, 0x0000000100000000)
  region size 1024K, 1 young (1024K), 1 survivors (1024K)
 Metaspace       used 8010K, capacity 8214K, committed 8448K, reserved 1056768K
  class space    used 675K, capacity 734K, committed 768K, reserved 1048576K
}
Event: 40.917 GC heap before
{Heap before GC invocations=48 (full 0):
 garbage-first heap   total 241664K, used 145451K [0x0000000085000000, 0x0000000085100760, 0x0000000100000000)
  region size 1024K, 141 young (144384K), 1 survivors (1024K)
 Metaspace       used 8010K, capacity 8214K, committed 8448K, reserved 1056768K
  class space    used 675K, capacity 734K, committed 768K, reserved 1048576K
}
Event: 42.032 GC heap after
{Heap after GC invocations=49 (full 0):
 garbage-first heap   total 241664K, used 2087K [0x0000000085000000, 0x0000000085100760, 0x0000000100000000)
  region size 1024K, 1 young (1024K), 1 survivors (1024K)
 Metaspace       used 8010K, capacity 8214K, committed 8448K, reserved 1056768K
  class space    used 675K, capacity 734K, committed 768K, reserved 1048576K
}
Event: 43.317 GC heap before
{Heap before GC invocations=49 (full 0):
 garbage-first heap   total 241664K, used 12327K [0x0000000085000000, 0x0000000085100760, 0x0000000100000000)
  region size 1024K, 11 young (11264K), 1 survivors (1024K)
 Metaspace       used 8010K, capacity 8214K, committed 8448K, reserved 1056768K
  class space    used 675K, capacity 734K, committed 768K, reserved 1048576K
}
Event: 43.531 GC heap after
{Heap after GC invocations=50 (full 0):
 garbage-first heap   total 241664K, used 2088K [0x0000000085000000, 0x0000000085100760, 0x0000000100000000)
  region size 1024K, 1 young (1024K), 1 survivors (1024K)
 Metaspace       used 8010K, capacity 8214K, committed 8448K, reserved 1056768K
  class space    used 675K, capacity 734K, committed 768K, reserved 1048576K
}
Event: 43.822 GC heap before
{Heap before GC invocations=50 (full 0):
 garbage-first heap   total 241664K, used 27688K [0x0000000085000000, 0x0000000085100760, 0x0000000100000000)
  region size 1024K, 26 young (26624K), 1 survivors (1024K)
 Metaspace       used 8010K, capacity 8214K, committed 8448K, reserved 1056768K
  class space    used 675K, capacity 734K, committed 768K, reserved 1048576K
}

Deoptimization events (9 events):
Event: 0.180 Thread 0x00007f0e342e2800 Uncommon trap: reason=unstable_if action=reinterpret pc=0x00007f0e21615a94 method=java.lang.String.charAt(I)C @ 4 c2
Event: 1.231 Thread 0x00007f0db4001000 Uncommon trap: reason=unstable_if action=reinterpret pc=0x00007f0e2161ce1c method=java.lang.String.equals(Ljava/lang/Object;)Z @ 27 c2
Event: 18.358 Thread 0x00007f0e34013800 Uncommon trap: reason=unstable_if action=reinterpret pc=0x00007f0e21635d18 method=java.io.BufferedReader.readLine(Z)Ljava/lang/String; @ 55 c2
Event: 18.371 Thread 0x00007f0e34013800 Uncommon trap: reason=predicate action=maybe_recompile pc=0x00007f0e2164ef24 method=java.util.AbstractCollection.toArray([Ljava/lang/Object;)[Ljava/lang/Object; @ 46 c2
Event: 18.427 Thread 0x00007f0e34013800 Uncommon trap: reason=array_check action=maybe_recompile pc=0x00007f0e2165ab18 method=java.util.AbstractCollection.toArray([Ljava/lang/Object;)[Ljava/lang/Object; @ 116 c2
Event: 18.427 Thread 0x00007f0e34013800 Uncommon trap: reason=array_check action=maybe_recompile pc=0x00007f0e2165ab18 method=java.util.AbstractCollection.toArray([Ljava/lang/Object;)[Ljava/lang/Object; @ 116 c2
Event: 18.427 Thread 0x00007f0e34013800 Uncommon trap: reason=array_check action=maybe_recompile pc=0x00007f0e2165ab18 method=java.util.AbstractCollection.toArray([Ljava/lang/Object;)[Ljava/lang/Object; @ 116 c2
Event: 18.427 Thread 0x00007f0e34013800 Uncommon trap: reason=array_check action=maybe_recompile pc=0x00007f0e2165ab18 method=java.util.AbstractCollection.toArray([Ljava/lang/Object;)[Ljava/lang/Object; @ 116 c2
Event: 20.349 Thread 0x00007f0e34013800 Uncommon trap: reason=range_check action=make_not_entrant pc=0x00007f0e2169b998 method=com.company.InputParser.<init>(Ljava/io/BufferedReader;)V @ 202 c2

Classes redefined (0 events):
No events

Internal exceptions (3 events):
Event: 0.204 Thread 0x00007f0e34013800 Exception <a 'java/lang/NoSuchMethodError'{0x000000008c76ea28}: java.lang.Object.lambda$negate$3(I)Z> (0x000000008c76ea28) thrown at [/scratch/opt/mach5/mesos/work_dir/slaves/5af44a71-976a-41b7-81de-5773b84ec572-S39643/frameworks/1735e8a2-a1db-478c-8104-6
Event: 0.205 Thread 0x00007f0e34013800 Exception <a 'java/lang/NoSuchMethodError'{0x000000008c771e80}: java.lang.Object.lambda$and$0(Ljava/util/regex/Pattern$CharPredicate;I)Z> (0x000000008c771e80) thrown at [/scratch/opt/mach5/mesos/work_dir/slaves/5af44a71-976a-41b7-81de-5773b84ec572-S39643/
Event: 0.232 Thread 0x00007f0e34013800 Exception <a 'java/lang/NoSuchMethodError'{0x000000008c648710}: java.lang.Object.lambda$union$2(Ljava/util/regex/Pattern$CharPredicate;I)Z> (0x000000008c648710) thrown at [/scratch/opt/mach5/mesos/work_dir/slaves/5af44a71-976a-41b7-81de-5773b84ec572-S3964

Events (10 events):
Event: 27.182 Executing VM operation: G1IncCollectionPause done
Event: 27.507 Executing VM operation: G1IncCollectionPause
Event: 27.550 Executing VM operation: G1IncCollectionPause done
Event: 38.885 Executing VM operation: G1IncCollectionPause
Event: 40.128 Executing VM operation: G1IncCollectionPause done
Event: 40.852 Executing VM operation: G1IncCollectionPause
Event: 42.325 Executing VM operation: G1IncCollectionPause done
Event: 43.233 Executing VM operation: G1IncCollectionPause
Event: 43.625 Executing VM operation: G1IncCollectionPause done
Event: 43.804 Executing VM operation: G1IncCollectionPause


Dynamic libraries:
00400000-00401000 r-xp 00000000 103:05 1058277                           /usr/lib/jvm/java-9-jdk/bin/java
00600000-00601000 rw-p 00000000 103:05 1058277                           /usr/lib/jvm/java-9-jdk/bin/java
00e19000-00e3a000 rw-p 00000000 00:00 0                                  [heap]
85000000-93c00000 rw-p 00000000 00:00 0 
aef00000-100000000 ---p 00000000 00:00 0 
100000000-1000c0000 rw-p 00000000 00:00 0 
1000c0000-140000000 ---p 00000000 00:00 0 
7f0d84000000-7f0d84021000 rw-p 00000000 00:00 0 
7f0d84021000-7f0d88000000 ---p 00000000 00:00 0 
7f0d88000000-7f0d88023000 rw-p 00000000 00:00 0 
7f0d88023000-7f0d8c000000 ---p 00000000 00:00 0 
7f0d8c000000-7f0d8c021000 rw-p 00000000 00:00 0 
7f0d8c021000-7f0d90000000 ---p 00000000 00:00 0 
7f0d90000000-7f0d90021000 rw-p 00000000 00:00 0 
7f0d90021000-7f0d94000000 ---p 00000000 00:00 0 
7f0d94000000-7f0d94021000 rw-p 00000000 00:00 0 
7f0d94021000-7f0d98000000 ---p 00000000 00:00 0 
7f0d98000000-7f0d98021000 rw-p 00000000 00:00 0 
7f0d98021000-7f0d9c000000 ---p 00000000 00:00 0 
7f0d9f7d3000-7f0d9f7d7000 ---p 00000000 00:00 0 
7f0d9f7d7000-7f0d9f8d4000 rw-p 00000000 00:00 0 
7f0d9f8d4000-7f0d9f8d5000 ---p 00000000 00:00 0 
7f0d9f8d5000-7f0d9f9d6000 rw-p 00000000 00:00 0 
7f0d9f9d6000-7f0d9f9da000 ---p 00000000 00:00 0 
7f0d9f9da000-7f0d9fad7000 rw-p 00000000 00:00 0 
7f0d9fad7000-7f0d9fadb000 ---p 00000000 00:00 0 
7f0d9fadb000-7f0d9fbd8000 rw-p 00000000 00:00 0 
7f0d9fbd8000-7f0d9fbee000 r-xp 00000000 103:05 1058558                   /usr/lib/jvm/java-9-jdk/lib/libnet.so
7f0d9fbee000-7f0d9fdee000 ---p 00016000 103:05 1058558                   /usr/lib/jvm/java-9-jdk/lib/libnet.so
7f0d9fdee000-7f0d9fdef000 rw-p 00016000 103:05 1058558                   /usr/lib/jvm/java-9-jdk/lib/libnet.so
7f0d9fdef000-7f0d9fdff000 r-xp 00000000 103:05 1058559                   /usr/lib/jvm/java-9-jdk/lib/libnio.so
7f0d9fdff000-7f0d9ffff000 ---p 00010000 103:05 1058559                   /usr/lib/jvm/java-9-jdk/lib/libnio.so
7f0d9ffff000-7f0da0000000 rw-p 00010000 103:05 1058559                   /usr/lib/jvm/java-9-jdk/lib/libnio.so
7f0da0000000-7f0da0e89000 rw-p 00000000 00:00 0 
7f0da0e89000-7f0da4000000 ---p 00000000 00:00 0 
7f0da4000000-7f0da45e0000 rw-p 00000000 00:00 0 
7f0da45e0000-7f0da8000000 ---p 00000000 00:00 0 
7f0da8000000-7f0da852e000 rw-p 00000000 00:00 0 
7f0da852e000-7f0dac000000 ---p 00000000 00:00 0 
7f0dac000000-7f0dad7ba000 rw-p 00000000 00:00 0 
7f0dad7ba000-7f0db0000000 ---p 00000000 00:00 0 
7f0db0000000-7f0db0021000 rw-p 00000000 00:00 0 
7f0db0021000-7f0db4000000 ---p 00000000 00:00 0 
7f0db4000000-7f0db4021000 rw-p 00000000 00:00 0 
7f0db4021000-7f0db8000000 ---p 00000000 00:00 0 
7f0db8000000-7f0db8398000 rw-p 00000000 00:00 0 
7f0db8398000-7f0dbc000000 ---p 00000000 00:00 0 
7f0dbc000000-7f0dbc021000 rw-p 00000000 00:00 0 
7f0dbc021000-7f0dc0000000 ---p 00000000 00:00 0 
7f0dc0000000-7f0dc0021000 rw-p 00000000 00:00 0 
7f0dc0021000-7f0dc4000000 ---p 00000000 00:00 0 
7f0dc4000000-7f0dc4021000 rw-p 00000000 00:00 0 
7f0dc4021000-7f0dc8000000 ---p 00000000 00:00 0 
7f0dc8000000-7f0dc8021000 rw-p 00000000 00:00 0 
7f0dc8021000-7f0dcc000000 ---p 00000000 00:00 0 
7f0dcc038000-7f0dcc03c000 ---p 00000000 00:00 0 
7f0dcc03c000-7f0dcc139000 rw-p 00000000 00:00 0 
7f0dcc139000-7f0dcc13d000 ---p 00000000 00:00 0 
7f0dcc13d000-7f0dcc23a000 rw-p 00000000 00:00 0 
7f0dcc23a000-7f0dcc23e000 ---p 00000000 00:00 0 
7f0dcc23e000-7f0dcc33b000 rw-p 00000000 00:00 0 
7f0dcc33b000-7f0dcc33f000 ---p 00000000 00:00 0 
7f0dcc33f000-7f0dcc43c000 rw-p 00000000 00:00 0 
7f0dcc43c000-7f0dcc440000 ---p 00000000 00:00 0 
7f0dcc440000-7f0dcc53d000 rw-p 00000000 00:00 0 
7f0dcc53d000-7f0dcc541000 ---p 00000000 00:00 0 
7f0dcc541000-7f0dcc63e000 rw-p 00000000 00:00 0 
7f0dcc63e000-7f0dcc642000 ---p 00000000 00:00 0 
7f0dcc642000-7f0dcc73f000 rw-p 00000000 00:00 0 
7f0dcc73f000-7f0dcca24000 r--p 00000000 103:05 439860                    /usr/lib/locale/locale-archive
7f0dcca24000-7f0dcca28000 ---p 00000000 00:00 0 
7f0dcca28000-7f0dccb25000 rw-p 00000000 00:00 0 
7f0dccb25000-7f0dccb29000 ---p 00000000 00:00 0 
7f0dccb29000-7f0dccc26000 rw-p 00000000 00:00 0 
7f0dccc26000-7f0dccc27000 ---p 00000000 00:00 0 
7f0dccc27000-7f0dcd51e000 rw-p 00000000 00:00 0 
7f0dcd51e000-7f0dcd59e000 ---p 00000000 00:00 0 
7f0dcd59e000-7f0dcdda6000 rw-p 00000000 00:00 0 
7f0dcdda6000-7f0dcfda6000 rwxp 00000000 00:00 0 
7f0dcfda6000-7f0dcfda7000 ---p 00000000 00:00 0 
7f0dcfda7000-7f0dd0258000 rw-p 00000000 00:00 0 
7f0dd0258000-7f0dd1d68000 ---p 00000000 00:00 0 
7f0dd1d68000-7f0dd2118000 rw-p 00000000 00:00 0 
7f0dd2118000-7f0dd3c28000 ---p 00000000 00:00 0 
7f0dd3c28000-7f0dd3c9e000 rw-p 00000000 00:00 0 
7f0dd3c9e000-7f0dd4000000 ---p 00000000 00:00 0 
7f0dd4000000-7f0dd4021000 rw-p 00000000 00:00 0 
7f0dd4021000-7f0dd8000000 ---p 00000000 00:00 0 
7f0dd8000000-7f0dd8021000 rw-p 00000000 00:00 0 
7f0dd8021000-7f0ddc000000 ---p 00000000 00:00 0 
7f0ddc000000-7f0ddc021000 rw-p 00000000 00:00 0 
7f0ddc021000-7f0de0000000 ---p 00000000 00:00 0 
7f0de0000000-7f0de0021000 rw-p 00000000 00:00 0 
7f0de0021000-7f0de4000000 ---p 00000000 00:00 0 
7f0de4000000-7f0de4021000 rw-p 00000000 00:00 0 
7f0de4021000-7f0de8000000 ---p 00000000 00:00 0 
7f0de8000000-7f0de8021000 rw-p 00000000 00:00 0 
7f0de8021000-7f0dec000000 ---p 00000000 00:00 0 
7f0dec000000-7f0dec021000 rw-p 00000000 00:00 0 
7f0dec021000-7f0df0000000 ---p 00000000 00:00 0 
7f0df0000000-7f0df0021000 rw-p 00000000 00:00 0 
7f0df0021000-7f0df4000000 ---p 00000000 00:00 0 
7f0df4000000-7f0df4021000 rw-p 00000000 00:00 0 
7f0df4021000-7f0df8000000 ---p 00000000 00:00 0 
7f0df8000000-7f0df8021000 rw-p 00000000 00:00 0 
7f0df8021000-7f0dfc000000 ---p 00000000 00:00 0 
7f0dfc000000-7f0dfc021000 rw-p 00000000 00:00 0 
7f0dfc021000-7f0e00000000 ---p 00000000 00:00 0 
7f0e00000000-7f0e00021000 rw-p 00000000 00:00 0 
7f0e00021000-7f0e04000000 ---p 00000000 00:00 0 
7f0e04000000-7f0e04021000 rw-p 00000000 00:00 0 
7f0e04021000-7f0e08000000 ---p 00000000 00:00 0 
7f0e08000000-7f0e08021000 rw-p 00000000 00:00 0 
7f0e08021000-7f0e0c000000 ---p 00000000 00:00 0 
7f0e0c000000-7f0e0c021000 rw-p 00000000 00:00 0 
7f0e0c021000-7f0e10000000 ---p 00000000 00:00 0 
7f0e10000000-7f0e10021000 rw-p 00000000 00:00 0 
7f0e10021000-7f0e14000000 ---p 00000000 00:00 0 
7f0e14000000-7f0e14021000 rw-p 00000000 00:00 0 
7f0e14021000-7f0e18000000 ---p 00000000 00:00 0 
7f0e18026000-7f0e18027000 ---p 00000000 00:00 0 
7f0e18027000-7f0e18128000 rw-p 00000000 00:00 0 
7f0e18128000-7f0e18129000 ---p 00000000 00:00 0 
7f0e18129000-7f0e1831b000 rw-p 00000000 00:00 0 
7f0e1831b000-7f0e18a55000 ---p 00000000 00:00 0 
7f0e18a55000-7f0e18acb000 rw-p 00000000 00:00 0 
7f0e18acb000-7f0e18e2d000 ---p 00000000 00:00 0 
7f0e18e2d000-7f0e18e2e000 ---p 00000000 00:00 0 
7f0e18e2e000-7f0e18f2f000 rw-p 00000000 00:00 0 
7f0e18f2f000-7f0e18f30000 ---p 00000000 00:00 0 
7f0e18f30000-7f0e19031000 rw-p 00000000 00:00 0 
7f0e19031000-7f0e19032000 ---p 00000000 00:00 0 
7f0e19032000-7f0e19133000 rw-p 00000000 00:00 0 
7f0e19133000-7f0e19134000 ---p 00000000 00:00 0 
7f0e19134000-7f0e19235000 rw-p 00000000 00:00 0 
7f0e19235000-7f0e19236000 ---p 00000000 00:00 0 
7f0e19236000-7f0e19337000 rw-p 00000000 00:00 0 
7f0e19337000-7f0e19338000 ---p 00000000 00:00 0 
7f0e19338000-7f0e19439000 rw-p 00000000 00:00 0 
7f0e19439000-7f0e1943a000 ---p 00000000 00:00 0 
7f0e1943a000-7f0e1953b000 rw-p 00000000 00:00 0 
7f0e1953b000-7f0e1953c000 ---p 00000000 00:00 0 
7f0e1953c000-7f0e1963d000 rw-p 00000000 00:00 0 
7f0e1963d000-7f0e1963e000 ---p 00000000 00:00 0 
7f0e1963e000-7f0e19b43000 rw-p 00000000 00:00 0 
7f0e19b43000-7f0e19db3000 rwxp 00000000 00:00 0 
7f0e19db3000-7f0e1a0d4000 ---p 00000000 00:00 0 
7f0e1a0d4000-7f0e1a344000 rwxp 00000000 00:00 0 
7f0e1a344000-7f0e2160b000 ---p 00000000 00:00 0 
7f0e2160b000-7f0e2187b000 rwxp 00000000 00:00 0 
7f0e2187b000-7f0e28b43000 ---p 00000000 00:00 0 
7f0e28b43000-7f0e34000000 r--s 00000000 103:05 1058598                   /usr/lib/jvm/java-9-jdk/lib/modules
7f0e34000000-7f0e346d1000 rw-p 00000000 00:00 0 
7f0e346d1000-7f0e38000000 ---p 00000000 00:00 0 
7f0e3800a000-7f0e384ab000 rw-p 00000000 00:00 0 
7f0e384ab000-7f0e384ac000 ---p 00000000 00:00 0 
7f0e384ac000-7f0e385ad000 rw-p 00000000 00:00 0 
7f0e385ad000-7f0e385ae000 ---p 00000000 00:00 0 
7f0e385ae000-7f0e386af000 rw-p 00000000 00:00 0 
7f0e386af000-7f0e386b0000 ---p 00000000 00:00 0 
7f0e386b0000-7f0e387b1000 rw-p 00000000 00:00 0 
7f0e387b1000-7f0e387b2000 ---p 00000000 00:00 0 
7f0e387b2000-7f0e388b3000 rw-p 00000000 00:00 0 
7f0e388b3000-7f0e388b4000 ---p 00000000 00:00 0 
7f0e388b4000-7f0e389b5000 rw-p 00000000 00:00 0 
7f0e389b5000-7f0e389b6000 ---p 00000000 00:00 0 
7f0e389b6000-7f0e38ab7000 rw-p 00000000 00:00 0 
7f0e38ab7000-7f0e38ab8000 ---p 00000000 00:00 0 
7f0e38ab8000-7f0e38bb9000 rw-p 00000000 00:00 0 
7f0e38bb9000-7f0e38bba000 ---p 00000000 00:00 0 
7f0e38bba000-7f0e38cc0000 rw-p 00000000 00:00 0 
7f0e38cc0000-7f0e38da6000 ---p 00000000 00:00 0 
7f0e38da6000-7f0e38dab000 rw-p 00000000 00:00 0 
7f0e38dab000-7f0e38e91000 ---p 00000000 00:00 0 
7f0e38e91000-7f0e38eab000 r-xp 00000000 103:05 1058548                   /usr/lib/jvm/java-9-jdk/lib/libjimage.so
7f0e38eab000-7f0e390aa000 ---p 0001a000 103:05 1058548                   /usr/lib/jvm/java-9-jdk/lib/libjimage.so
7f0e390aa000-7f0e390ac000 rw-p 00019000 103:05 1058548                   /usr/lib/jvm/java-9-jdk/lib/libjimage.so
7f0e390ac000-7f0e390be000 rw-p 00000000 00:00 0 
7f0e390be000-7f0e390c5000 r-xp 00000000 103:05 1058574                   /usr/lib/jvm/java-9-jdk/lib/libzip.so
7f0e390c5000-7f0e392c4000 ---p 00007000 103:05 1058574                   /usr/lib/jvm/java-9-jdk/lib/libzip.so
7f0e392c4000-7f0e392c5000 rw-p 00006000 103:05 1058574                   /usr/lib/jvm/java-9-jdk/lib/libzip.so
7f0e392c5000-7f0e392cf000 r-xp 00000000 103:05 1058531                   /usr/lib/jvm/java-9-jdk/lib/libinstrument.so
7f0e392cf000-7f0e394ce000 ---p 0000a000 103:05 1058531                   /usr/lib/jvm/java-9-jdk/lib/libinstrument.so
7f0e394ce000-7f0e394cf000 rw-p 00009000 103:05 1058531                   /usr/lib/jvm/java-9-jdk/lib/libinstrument.so
7f0e394cf000-7f0e394fa000 r-xp 00000000 103:05 1058536                   /usr/lib/jvm/java-9-jdk/lib/libjava.so
7f0e394fa000-7f0e396f9000 ---p 0002b000 103:05 1058536                   /usr/lib/jvm/java-9-jdk/lib/libjava.so
7f0e396f9000-7f0e396fb000 rw-p 0002a000 103:05 1058536                   /usr/lib/jvm/java-9-jdk/lib/libjava.so
7f0e396fb000-7f0e39708000 r-xp 00000000 103:05 1058573                   /usr/lib/jvm/java-9-jdk/lib/libverify.so
7f0e39708000-7f0e39907000 ---p 0000d000 103:05 1058573                   /usr/lib/jvm/java-9-jdk/lib/libverify.so
7f0e39907000-7f0e39909000 rw-p 0000c000 103:05 1058573                   /usr/lib/jvm/java-9-jdk/lib/libverify.so
7f0e39909000-7f0e3990b000 r--p 00000000 103:05 396670                    /usr/lib/librt-2.29.so
7f0e3990b000-7f0e3990f000 r-xp 00002000 103:05 396670                    /usr/lib/librt-2.29.so
7f0e3990f000-7f0e39911000 r--p 00006000 103:05 396670                    /usr/lib/librt-2.29.so
7f0e39911000-7f0e39912000 r--p 00007000 103:05 396670                    /usr/lib/librt-2.29.so
7f0e39912000-7f0e39913000 rw-p 00008000 103:05 396670                    /usr/lib/librt-2.29.so
7f0e39913000-7f0e39914000 ---p 00000000 00:00 0 
7f0e39914000-7f0e39915000 rw-p 00000000 00:00 0 
7f0e39915000-7f0e39919000 ---p 00000000 00:00 0 
7f0e39919000-7f0e39a14000 rw-p 00000000 00:00 0 
7f0e39a14000-7f0e39a21000 r--p 00000000 103:05 396624                    /usr/lib/libm-2.29.so
7f0e39a21000-7f0e39abd000 r-xp 0000d000 103:05 396624                    /usr/lib/libm-2.29.so
7f0e39abd000-7f0e39b58000 r--p 000a9000 103:05 396624                    /usr/lib/libm-2.29.so
7f0e39b58000-7f0e39b59000 r--p 00143000 103:05 396624                    /usr/lib/libm-2.29.so
7f0e39b59000-7f0e39b5a000 rw-p 00144000 103:05 396624                    /usr/lib/libm-2.29.so
7f0e39b5a000-7f0e3ab6f000 r-xp 00000000 103:05 1456646                   /usr/lib/jvm/java-9-jdk/lib/server/libjvm.so
7f0e3ab6f000-7f0e3ad6e000 ---p 01015000 103:05 1456646                   /usr/lib/jvm/java-9-jdk/lib/server/libjvm.so
7f0e3ad6e000-7f0e3ae3f000 r--p 01014000 103:05 1456646                   /usr/lib/jvm/java-9-jdk/lib/server/libjvm.so
7f0e3ae3f000-7f0e3ae76000 rw-p 010e5000 103:05 1456646                   /usr/lib/jvm/java-9-jdk/lib/server/libjvm.so
7f0e3ae76000-7f0e3aee1000 rw-p 00000000 00:00 0 
7f0e3aee1000-7f0e3af03000 r--p 00000000 103:05 396602                    /usr/lib/libc-2.29.so
7f0e3af03000-7f0e3b04f000 r-xp 00022000 103:05 396602                    /usr/lib/libc-2.29.so
7f0e3b04f000-7f0e3b09b000 r--p 0016e000 103:05 396602                    /usr/lib/libc-2.29.so
7f0e3b09b000-7f0e3b09c000 ---p 001ba000 103:05 396602                    /usr/lib/libc-2.29.so
7f0e3b09c000-7f0e3b0a0000 r--p 001ba000 103:05 396602                    /usr/lib/libc-2.29.so
7f0e3b0a0000-7f0e3b0a2000 rw-p 001be000 103:05 396602                    /usr/lib/libc-2.29.so
7f0e3b0a2000-7f0e3b0a6000 rw-p 00000000 00:00 0 
7f0e3b0a6000-7f0e3b0a7000 r--p 00000000 103:05 396615                    /usr/lib/libdl-2.29.so
7f0e3b0a7000-7f0e3b0a8000 r-xp 00001000 103:05 396615                    /usr/lib/libdl-2.29.so
7f0e3b0a8000-7f0e3b0a9000 r--p 00002000 103:05 396615                    /usr/lib/libdl-2.29.so
7f0e3b0a9000-7f0e3b0aa000 r--p 00002000 103:05 396615                    /usr/lib/libdl-2.29.so
7f0e3b0aa000-7f0e3b0ab000 rw-p 00003000 103:05 396615                    /usr/lib/libdl-2.29.so
7f0e3b0ab000-7f0e3b0b9000 r-xp 00000000 103:05 1058505                   /usr/lib/jvm/java-9-jdk/lib/jli/libjli.so
7f0e3b0b9000-7f0e3b2b9000 ---p 0000e000 103:05 1058505                   /usr/lib/jvm/java-9-jdk/lib/jli/libjli.so
7f0e3b2b9000-7f0e3b2ba000 rw-p 0000e000 103:05 1058505                   /usr/lib/jvm/java-9-jdk/lib/jli/libjli.so
7f0e3b2ba000-7f0e3b2c0000 r--p 00000000 103:05 396662                    /usr/lib/libpthread-2.29.so
7f0e3b2c0000-7f0e3b2cf000 r-xp 00006000 103:05 396662                    /usr/lib/libpthread-2.29.so
7f0e3b2cf000-7f0e3b2d5000 r--p 00015000 103:05 396662                    /usr/lib/libpthread-2.29.so
7f0e3b2d5000-7f0e3b2d6000 r--p 0001a000 103:05 396662                    /usr/lib/libpthread-2.29.so
7f0e3b2d6000-7f0e3b2d7000 rw-p 0001b000 103:05 396662                    /usr/lib/libpthread-2.29.so
7f0e3b2d7000-7f0e3b2db000 rw-p 00000000 00:00 0 
7f0e3b2db000-7f0e3b2f1000 r-xp 00000000 103:05 406753                    /usr/lib/libz.so.1.2.11
7f0e3b2f1000-7f0e3b4f0000 ---p 00016000 103:05 406753                    /usr/lib/libz.so.1.2.11
7f0e3b4f0000-7f0e3b4f1000 r--p 00015000 103:05 406753                    /usr/lib/libz.so.1.2.11
7f0e3b4f1000-7f0e3b4f2000 rw-p 00016000 103:05 406753                    /usr/lib/libz.so.1.2.11
7f0e3b4f2000-7f0e3b4f4000 rw-p 00000000 00:00 0 
7f0e3b4f8000-7f0e3b4fe000 rw-p 00000000 00:00 0 
7f0e3b4fe000-7f0e3b505000 ---p 00000000 00:00 0 
7f0e3b505000-7f0e3b50d000 rw-s 00000000 00:2b 683812                     /tmp/hsperfdata_linus/31211
7f0e3b50d000-7f0e3b510000 r--p 00000000 103:05 396655                    /usr/lib/libnss_files-2.29.so
7f0e3b510000-7f0e3b517000 r-xp 00003000 103:05 396655                    /usr/lib/libnss_files-2.29.so
7f0e3b517000-7f0e3b51a000 r--p 0000a000 103:05 396655                    /usr/lib/libnss_files-2.29.so
7f0e3b51a000-7f0e3b51b000 r--p 0000c000 103:05 396655                    /usr/lib/libnss_files-2.29.so
7f0e3b51b000-7f0e3b51c000 rw-p 0000d000 103:05 396655                    /usr/lib/libnss_files-2.29.so
7f0e3b51c000-7f0e3b523000 rw-p 00000000 00:00 0 
7f0e3b523000-7f0e3b525000 r--p 00000000 103:05 396588                    /usr/lib/ld-2.29.so
7f0e3b525000-7f0e3b544000 r-xp 00002000 103:05 396588                    /usr/lib/ld-2.29.so
7f0e3b544000-7f0e3b54c000 r--p 00021000 103:05 396588                    /usr/lib/ld-2.29.so
7f0e3b54c000-7f0e3b54d000 ---p 00000000 00:00 0 
7f0e3b54d000-7f0e3b54e000 r--p 00029000 103:05 396588                    /usr/lib/ld-2.29.so
7f0e3b54e000-7f0e3b54f000 rw-p 0002a000 103:05 396588                    /usr/lib/ld-2.29.so
7f0e3b54f000-7f0e3b550000 rw-p 00000000 00:00 0 
7ffdb881d000-7ffdb883e000 rw-p 00000000 00:00 0                          [stack]
7ffdb888d000-7ffdb8890000 r--p 00000000 00:00 0                          [vvar]
7ffdb8890000-7ffdb8891000 r-xp 00000000 00:00 0                          [vdso]

VM Arguments:
jvm_args: -javaagent:/opt/intellij-idea-ce/lib/idea_rt.jar=33959:/opt/intellij-idea-ce/bin -Dfile.encoding=UTF-8 
java_command: com.company.Main input/IPC2/logistic.log
java_class_path (initial): /home/linus/diepold-bachelorthesis/code/out/production/bachelorarbeit:/home/linus/.m2/repository/org/junit/jupiter/junit-jupiter-api/5.5.0-M1/junit-jupiter-api-5.5.0-M1.jar:/home/linus/.m2/repository/org/apiguardian/apiguardian-api/1.0.0/apiguardian-api-1.0.0.jar:/home/linus/.m2/repository/org/opentest4j/opentest4j/1.1.1/opentest4j-1.1.1.jar:/home/linus/.m2/repository/org/junit/platform/junit-platform-commons/1.5.0-M1/junit-platform-commons-1.5.0-M1.jar
Launcher Type: SUN_STANDARD

Logging:
Log output configuration:
#0: stdout all=warning uptime,level,tags
#1: stderr all=off uptime,level,tags

Environment Variables:
PATH=/usr/local/bin:/usr/local/sbin:/usr/bin:/usr/lib/jvm/default/bin:/usr/bin/site_perl:/usr/bin/vendor_perl:/usr/bin/core_perl
USERNAME=linus
SHELL=/bin/zsh
DISPLAY=:0

Signal Handlers:
SIGSEGV: [libjvm.so+0xd4d370], sa_mask[0]=11111111011111111101111111111110, sa_flags=SA_RESTART|SA_SIGINFO
SIGBUS: [libjvm.so+0xd4d370], sa_mask[0]=11111111011111111101111111111110, sa_flags=SA_RESTART|SA_SIGINFO
SIGFPE: [libjvm.so+0xd4d370], sa_mask[0]=11111111011111111101111111111110, sa_flags=SA_RESTART|SA_SIGINFO
SIGPIPE: [libjvm.so+0xb64780], sa_mask[0]=11111111011111111101111111111110, sa_flags=SA_RESTART|SA_SIGINFO
SIGXFSZ: [libjvm.so+0xb64780], sa_mask[0]=11111111011111111101111111111110, sa_flags=SA_RESTART|SA_SIGINFO
SIGILL: [libjvm.so+0xd4d370], sa_mask[0]=11111111011111111101111111111110, sa_flags=SA_RESTART|SA_SIGINFO
SIGUSR2: [libjvm.so+0xb64640], sa_mask[0]=00100000000000000000000000000000, sa_flags=SA_RESTART|SA_SIGINFO
SIGHUP: [libjvm.so+0xb64850], sa_mask[0]=11111111011111111101111111111110, sa_flags=SA_RESTART|SA_SIGINFO
SIGINT: [libjvm.so+0xb64850], sa_mask[0]=11111111011111111101111111111110, sa_flags=SA_RESTART|SA_SIGINFO
SIGTERM: [libjvm.so+0xb64850], sa_mask[0]=11111111011111111101111111111110, sa_flags=SA_RESTART|SA_SIGINFO
SIGQUIT: [libjvm.so+0xb64850], sa_mask[0]=11111111011111111101111111111110, sa_flags=SA_RESTART|SA_SIGINFO


---------------  S Y S T E M  ---------------

OS:NAME="Arch Linux"
PRETTY_NAME="Arch Linux"
ID=arch
BUILD_ID=rolling
ANSI_COLOR="0;36"
HOME_URL="https://www.archlinux.org/"
DOCUMENTATION_URL="https://wiki.archlinux.org/"
SUPPORT_URL="https://bbs.archlinux.org/"
BUG_REPORT_URL="https://bugs.archlinux.org/"
LOGO=archlinux
uname:Linux 5.1.6-arch1-1-ARCH #1 SMP PREEMPT Fri May 31 15:17:53 UTC 2019 x86_64
libc:glibc 2.29 NPTL 2.29 
rlimit: STACK 8192k, CORE infinity, NPROC 31416, NOFILE 524288, AS infinity
load average:11.48 2.75 1.12

/proc/meminfo:
MemTotal:        8059252 kB
MemFree:          100812 kB
MemAvailable:       8152 kB
Buffers:             368 kB
Cached:          1687396 kB
SwapCached:            0 kB
Active:          5929952 kB
Inactive:         475588 kB
Active(anon):    5915760 kB
Inactive(anon):   456784 kB
Active(file):      14192 kB
Inactive(file):    18804 kB
Unevictable:     1174748 kB
Mlocked:               0 kB
SwapTotal:             0 kB
SwapFree:              0 kB
Dirty:                 0 kB
Writeback:             8 kB
AnonPages:       5894384 kB
Mapped:           815604 kB
Shmem:           1652908 kB
KReclaimable:      51496 kB
Slab:             156572 kB
SReclaimable:      51496 kB
SUnreclaim:       105076 kB
KernelStack:       21280 kB
PageTables:        73864 kB
NFS_Unstable:          0 kB
Bounce:                0 kB
WritebackTmp:          0 kB
CommitLimit:     4029624 kB
Committed_AS:   19847904 kB
VmallocTotal:   34359738367 kB
VmallocUsed:           0 kB
VmallocChunk:          0 kB
Percpu:             2944 kB
HardwareCorrupted:     0 kB
AnonHugePages:         0 kB
ShmemHugePages:        0 kB
ShmemPmdMapped:        0 kB
HugePages_Total:       0
HugePages_Free:        0
HugePages_Rsvd:        0
HugePages_Surp:        0
Hugepagesize:       2048 kB
Hugetlb:               0 kB
DirectMap4k:      334952 kB
DirectMap2M:     7946240 kB
DirectMap1G:     1048576 kB


CPU:total 8 (initial active 8) (4 cores per cpu, 2 threads per core) family 6 model 142 stepping 10, cmov, cx8, fxsr, mmx, sse, sse2, sse3, ssse3, sse4.1, sse4.2, popcnt, avx, avx2, aes, clmul, erms, 3dnowpref, lzcnt, ht, tsc, tscinvbit, bmi1, bmi2, adx, fma
CPU Model and flags from /proc/cpuinfo:
model name	: Intel(R) Core(TM) i5-8250U CPU @ 1.60GHz
flags		: fpu vme de pse tsc msr pae mce cx8 apic sep mtrr pge mca cmov pat pse36 clflush dts acpi mmx fxsr sse sse2 ss ht tm pbe syscall nx pdpe1gb rdtscp lm constant_tsc art arch_perfmon pebs bts rep_good nopl xtopology nonstop_tsc cpuid aperfmperf tsc_known_freq pni pclmulqdq dtes64 monitor ds_cpl vmx est tm2 ssse3 sdbg fma cx16 xtpr pdcm pcid sse4_1 sse4_2 x2apic movbe popcnt tsc_deadline_timer aes xsave avx f16c rdrand lahf_lm abm 3dnowprefetch cpuid_fault epb invpcid_single pti ssbd ibrs ibpb stibp tpr_shadow vnmi flexpriority ept vpid ept_ad fsgsbase tsc_adjust bmi1 avx2 smep bmi2 erms invpcid mpx rdseed adx smap clflushopt intel_pt xsaveopt xsavec xgetbv1 xsaves dtherm ida arat pln pts hwp hwp_notify hwp_act_window hwp_epp flush_l1d

Memory: 4k page, physical 8059252k(102752k free), swap 0k(0k free)

vm_info: Java HotSpot(TM) 64-Bit Server VM (9.0.4+11) for linux-amd64 JRE (9.0.4+11), built on Dec 19 2017 18:12:19 by "mach5one" with gcc 4.9.2

END.
