#
# There is insufficient memory for the Java Runtime Environment to continue.
# Native memory allocation (mmap) failed to map 330301440 bytes for committing reserved memory.
# Possible reasons:
#   The system is out of physical RAM or swap space
#   The process is running with CompressedOops enabled, and the Java Heap may be blocking the growth of the native heap
# Possible solutions:
#   Reduce memory load on the system
#   Increase physical memory or swap space
#   Check if swap backing store is full
#   Decrease Java heap size (-Xmx/-Xms)
#   Decrease number of Java threads
#   Decrease Java thread stack sizes (-Xss)
#   Set larger code cache with -XX:ReservedCodeCacheSize=
#   JVM is running with Unscaled Compressed Oops mode in which the Java heap is
#     placed in the first 4GB address space. The Java Heap base address is the
#     maximum limit for the native heap growth. Please use -XX:HeapBaseMinAddress
#     to set the Java Heap base and to place the Java Heap above 4GB virtual address.
# This output file may be truncated or incomplete.
#
#  Out of Memory Error (os_linux.cpp:2647), pid=10438, tid=10482
#
# JRE version: Java(TM) SE Runtime Environment (9.0+11) (build 9.0.4+11)
# Java VM: Java HotSpot(TM) 64-Bit Server VM (9.0.4+11, mixed mode, tiered, compressed oops, g1 gc, linux-amd64)
# Core dump will be written. Default location: Core dumps may be processed with "/usr/lib/systemd/systemd-coredump %P %u %g %s %t %c %h %e" (or dumping to /home/linus/diepold-bachelorthesis/code/core.10438)
#

---------------  S U M M A R Y ------------

Command Line: -javaagent:/opt/intellij-idea-ce/lib/idea_rt.jar=33515:/opt/intellij-idea-ce/bin -Dfile.encoding=UTF-8 com.company.Main input/IPC2/logistic.log

Host: Intel(R) Core(TM) i5-8250U CPU @ 1.60GHz, 8 cores, 7G, Arch Linux
Time: Mon May 20 15:33:04 2019 CEST elapsed time: 94 seconds (0d 0h 1m 34s)

---------------  T H R E A D  ---------------

Current thread (0x00007fb190169000):  VMThread "VM Thread" [stack: 0x00007fb11d5ff000,0x00007fb11d6ff000] [id=10482]

Stack: [0x00007fb11d5ff000,0x00007fb11d6ff000],  sp=0x00007fb11d6fd010,  free space=1016k
Native frames: (J=compiled Java code, A=aot compiled Java code, j=interpreted, Vv=VM code, C=native code)
V  [libjvm.so+0xd4c6c2]  VMError::report_and_die(int, char const*, char const*, __va_list_tag*, Thread*, unsigned char*, void*, void*, char const*, int, unsigned long)+0x162
V  [libjvm.so+0xd4d32b]  VMError::report_and_die(Thread*, char const*, int, unsigned long, VMErrorType, char const*, __va_list_tag*)+0x2b
V  [libjvm.so+0x654ac8]  report_vm_out_of_memory(char const*, int, unsigned long, VMErrorType, char const*, ...)+0xd8
V  [libjvm.so+0xb68241]  os::pd_commit_memory_or_exit(char*, unsigned long, unsigned long, bool, char const*)+0x101
V  [libjvm.so+0xb628cd]  os::commit_memory_or_exit(char*, unsigned long, unsigned long, bool, char const*)+0x1d
V  [libjvm.so+0x763492]  G1PageBasedVirtualSpace::commit_preferred_pages(unsigned long, unsigned long)+0x62
V  [libjvm.so+0x7637ae]  G1PageBasedVirtualSpace::commit(unsigned long, unsigned long)+0x11e
V  [libjvm.so+0x766713]  G1RegionsLargerThanCommitSizeMapper::commit_regions(unsigned int, unsigned long, WorkGang*)+0x43
V  [libjvm.so+0x7f760c]  HeapRegionManager::commit_regions(unsigned int, unsigned long, WorkGang*)+0x7c
V  [libjvm.so+0x7f81d4]  HeapRegionManager::make_regions_available(unsigned int, unsigned int, WorkGang*)+0x34
V  [libjvm.so+0x7f86f1]  HeapRegionManager::expand_by(unsigned int, WorkGang*)+0x71
V  [libjvm.so+0x729a87]  G1CollectedHeap::expand(unsigned long, WorkGang*, double*)+0xd7
V  [libjvm.so+0x7309ca]  G1CollectedHeap::do_collection_pause_at_safepoint(double)+0x104a
V  [libjvm.so+0xd5e4c2]  VM_G1IncCollectionPause::doit()+0x82
V  [libjvm.so+0xd5d4f9]  VM_Operation::evaluate()+0x59
V  [libjvm.so+0xd5b243]  VMThread::evaluate_operation(VM_Operation*)+0xc3
V  [libjvm.so+0xd5b7b0]  VMThread::loop()+0x210
V  [libjvm.so+0xd5bcc2]  VMThread::run()+0x72
V  [libjvm.so+0xb6e132]  thread_native_entry(Thread*)+0xf2

VM_Operation (0x00007fb196476220): G1IncCollectionPause, mode: safepoint, requested by thread 0x00007fb190013800


---------------  P R O C E S S  ---------------

Java Threads: ( => current thread )
  0x00007fb108001000 JavaThread "Attach Listener" daemon [_thread_blocked, id=10510, stack(0x00007fb11c1e2000,0x00007fb11c2e3000)]
  0x00007fb190302800 JavaThread "Service Thread" daemon [_thread_blocked, id=10504, stack(0x00007fb11c3e5000,0x00007fb11c4e6000)]
  0x00007fb190305000 JavaThread "Monitor Ctrl-Break" daemon [_thread_in_native, id=10503, stack(0x00007fb11c4e6000,0x00007fb11c5e7000)]
  0x00007fb1901ae800 JavaThread "Common-Cleaner" daemon [_thread_blocked, id=10500, stack(0x00007fb11c5e7000,0x00007fb11c6e8000)]
  0x00007fb19019f800 JavaThread "Sweeper thread" daemon [_thread_blocked, id=10498, stack(0x00007fb11cb10000,0x00007fb11cc11000)]
  0x00007fb19019e000 JavaThread "C1 CompilerThread3" daemon [_thread_blocked, id=10497, stack(0x00007fb11cc11000,0x00007fb11cd12000)]
  0x00007fb19019c000 JavaThread "C2 CompilerThread2" daemon [_thread_blocked, id=10496, stack(0x00007fb11cd12000,0x00007fb11ce13000)]
  0x00007fb19019a000 JavaThread "C2 CompilerThread1" daemon [_thread_blocked, id=10493, stack(0x00007fb11ce13000,0x00007fb11cf14000)]
  0x00007fb190196000 JavaThread "C2 CompilerThread0" daemon [_thread_blocked, id=10491, stack(0x00007fb11cf14000,0x00007fb11d015000)]
  0x00007fb190198000 JavaThread "Signal Dispatcher" daemon [_thread_blocked, id=10490, stack(0x00007fb11d015000,0x00007fb11d116000)]
  0x00007fb19017b000 JavaThread "Finalizer" daemon [_thread_blocked, id=10486, stack(0x00007fb11d3fb000,0x00007fb11d4fc000)]
  0x00007fb190173000 JavaThread "Reference Handler" daemon [_thread_blocked, id=10484, stack(0x00007fb11d4fc000,0x00007fb11d5fd000)]
  0x00007fb190013800 JavaThread "main" [_thread_blocked, id=10440, stack(0x00007fb196379000,0x00007fb196478000)]

Other Threads:
=>0x00007fb190169000 VMThread "VM Thread" [stack: 0x00007fb11d5ff000,0x00007fb11d6ff000] [id=10482]
  0x00007fb190307800 WatcherThread [stack: 0x00007fb11c2e5000,0x00007fb11c3e5000] [id=10505]
  0x00007fb19002a800 GCTaskThread "GC Thread#0" [stack: 0x00007fb19561f000,0x00007fb19571f000] [id=10446]
  0x00007fb19002c000 GCTaskThread "GC Thread#1" [stack: 0x00007fb19551d000,0x00007fb19561d000] [id=10449]
  0x00007fb19002d800 GCTaskThread "GC Thread#2" [stack: 0x00007fb19541b000,0x00007fb19551b000] [id=10451]
  0x00007fb19002f800 GCTaskThread "GC Thread#3" [stack: 0x00007fb195319000,0x00007fb195419000] [id=10452]
  0x00007fb190031000 GCTaskThread "GC Thread#4" [stack: 0x00007fb195217000,0x00007fb195317000] [id=10453]
  0x00007fb190033000 GCTaskThread "GC Thread#5" [stack: 0x00007fb195115000,0x00007fb195215000] [id=10455]
  0x00007fb190034800 GCTaskThread "GC Thread#6" [stack: 0x00007fb195013000,0x00007fb195113000] [id=10457]
  0x00007fb190036800 GCTaskThread "GC Thread#7" [stack: 0x00007fb194f11000,0x00007fb195011000] [id=10459]
  0x00007fb19006c000 ConcurrentGCThread "G1 Main Marker" [stack: 0x00007fb1747dd000,0x00007fb1748dd000] [id=10478]
  0x00007fb19006e000 ConcurrentGCThread "G1 Marker#0" [stack: 0x00007fb1746db000,0x00007fb1747db000] [id=10479]
  0x00007fb19006f800 ConcurrentGCThread "G1 Marker#1" [stack: 0x00007fb1745d9000,0x00007fb1746d9000] [id=10480]
  0x00007fb190045000 ConcurrentGCThread "G1 Refine#0" [stack: 0x00007fb175941000,0x00007fb175a41000] [id=10476]
  0x00007fb190043000 ConcurrentGCThread "G1 Refine#1" [stack: 0x00007fb175a43000,0x00007fb175b43000] [id=10474]
  0x00007fb190041800 ConcurrentGCThread "G1 Refine#2" [stack: 0x00007fb1940fd000,0x00007fb1941fd000] [id=10472]
  0x00007fb19003f800 ConcurrentGCThread "G1 Refine#3" [stack: 0x00007fb1941ff000,0x00007fb1942ff000] [id=10470]
  0x00007fb19003e000 ConcurrentGCThread "G1 Refine#4" [stack: 0x00007fb194301000,0x00007fb194401000] [id=10468]
  0x00007fb19003c000 ConcurrentGCThread "G1 Refine#5" [stack: 0x00007fb194403000,0x00007fb194503000] [id=10466]
  0x00007fb19003a800 ConcurrentGCThread "G1 Refine#6" [stack: 0x00007fb194505000,0x00007fb194605000] [id=10464]
  0x00007fb190038800 ConcurrentGCThread "G1 Refine#7" [stack: 0x00007fb194607000,0x00007fb194707000] [id=10462]
  0x00007fb190046800 ConcurrentGCThread "G1 Young RemSet Sampling" [stack: 0x00007fb17583f000,0x00007fb17593f000] [id=10477]

Threads with active compile tasks:

VM state:at safepoint (normal execution)

VM Mutex/Monitor currently owned by a thread:  ([mutex/lock_event])
[0x00007fb190010330] Threads_lock - owner thread: 0x00007fb190169000
[0x00007fb1900108d0] Heap_lock - owner thread: 0x00007fb190013800

Heap address: 0x0000000085000000, size: 1968 MB, Compressed Oops mode: 32-bit
Narrow klass base: 0x0000000000000000, Narrow klass shift: 3
Compressed class space size: 1073741824 Address: 0x0000000100000000

Heap:
 garbage-first heap   total 727040K, used 2101K [0x0000000085000000, 0x0000000085101630, 0x0000000100000000)
  region size 1024K, 1 young (1024K), 1 survivors (1024K)
 Metaspace       used 8098K, capacity 8312K, committed 8448K, reserved 1056768K
  class space    used 687K, capacity 745K, committed 768K, reserved 1048576K
Heap Regions: E=young(eden), S=young(survivor), O=old, HS=humongous(starts), HC=humongous(continues), CS=collection set, F=free, A=archive, TS=gc time stamp, AC=allocation context, TAMS=top-at-mark-start (previous, next)
|   0|0x0000000085000000, 0x0000000085100000, 0x0000000085100000|100%| O|  |TS 31|AC  0|TAMS 0x0000000085000000, 0x0000000085000000|
|   1|0x0000000085100000, 0x0000000085200000, 0x0000000085200000|100%| O|  |TS405|AC  0|TAMS 0x0000000085100000, 0x0000000085100000|
|   2|0x0000000085200000, 0x0000000085200000, 0x0000000085300000|  0%| F|  |TS  0|AC  0|TAMS 0x0000000085200000, 0x0000000085200000|
|   3|0x0000000085300000, 0x0000000085300000, 0x0000000085400000|  0%| F|  |TS  0|AC  0|TAMS 0x0000000085300000, 0x0000000085300000|
|   4|0x0000000085400000, 0x0000000085400000, 0x0000000085500000|  0%| F|  |TS  0|AC  0|TAMS 0x0000000085400000, 0x0000000085400000|
|   5|0x0000000085500000, 0x0000000085500000, 0x0000000085600000|  0%| F|  |TS  0|AC  0|TAMS 0x0000000085500000, 0x0000000085500000|
|   6|0x0000000085600000, 0x0000000085600000, 0x0000000085700000|  0%| F|  |TS  0|AC  0|TAMS 0x0000000085600000, 0x0000000085600000|
|   7|0x0000000085700000, 0x0000000085700000, 0x0000000085800000|  0%| F|  |TS  0|AC  0|TAMS 0x0000000085700000, 0x0000000085700000|
|   8|0x0000000085800000, 0x0000000085800000, 0x0000000085900000|  0%| F|  |TS  0|AC  0|TAMS 0x0000000085800000, 0x0000000085800000|
|   9|0x0000000085900000, 0x0000000085900000, 0x0000000085a00000|  0%| F|  |TS  0|AC  0|TAMS 0x0000000085900000, 0x0000000085900000|
|  10|0x0000000085a00000, 0x0000000085a00000, 0x0000000085b00000|  0%| F|  |TS  0|AC  0|TAMS 0x0000000085a00000, 0x0000000085a00000|
|  11|0x0000000085b00000, 0x0000000085b00000, 0x0000000085c00000|  0%| F|  |TS  0|AC  0|TAMS 0x0000000085b00000, 0x0000000085b00000|
|  12|0x0000000085c00000, 0x0000000085c00000, 0x0000000085d00000|  0%| F|  |TS  0|AC  0|TAMS 0x0000000085c00000, 0x0000000085c00000|
|  13|0x0000000085d00000, 0x0000000085d00000, 0x0000000085e00000|  0%| F|  |TS  0|AC  0|TAMS 0x0000000085d00000, 0x0000000085d00000|
|  14|0x0000000085e00000, 0x0000000085e00000, 0x0000000085f00000|  0%| F|  |TS  0|AC  0|TAMS 0x0000000085e00000, 0x0000000085e00000|
|  15|0x0000000085f00000, 0x0000000085f00000, 0x0000000086000000|  0%| F|  |TS  0|AC  0|TAMS 0x0000000085f00000, 0x0000000085f00000|
|  16|0x0000000086000000, 0x0000000086000000, 0x0000000086100000|  0%| F|  |TS  0|AC  0|TAMS 0x0000000086000000, 0x0000000086000000|
|  17|0x0000000086100000, 0x0000000086100000, 0x0000000086200000|  0%| F|  |TS  0|AC  0|TAMS 0x0000000086100000, 0x0000000086100000|
|  18|0x0000000086200000, 0x0000000086200000, 0x0000000086300000|  0%| F|  |TS  0|AC  0|TAMS 0x0000000086200000, 0x0000000086200000|
|  19|0x0000000086300000, 0x0000000086300000, 0x0000000086400000|  0%| F|  |TS  0|AC  0|TAMS 0x0000000086300000, 0x0000000086300000|
|  20|0x0000000086400000, 0x0000000086400000, 0x0000000086500000|  0%| F|  |TS  0|AC  0|TAMS 0x0000000086400000, 0x0000000086400000|
|  21|0x0000000086500000, 0x0000000086500000, 0x0000000086600000|  0%| F|  |TS  0|AC  0|TAMS 0x0000000086500000, 0x0000000086500000|
|  22|0x0000000086600000, 0x0000000086600000, 0x0000000086700000|  0%| F|  |TS  0|AC  0|TAMS 0x0000000086600000, 0x0000000086600000|
|  23|0x0000000086700000, 0x0000000086700000, 0x0000000086800000|  0%| F|  |TS  0|AC  0|TAMS 0x0000000086700000, 0x0000000086700000|
|  24|0x0000000086800000, 0x0000000086800000, 0x0000000086900000|  0%| F|  |TS  0|AC  0|TAMS 0x0000000086800000, 0x0000000086800000|
|  25|0x0000000086900000, 0x0000000086900000, 0x0000000086a00000|  0%| F|  |TS  0|AC  0|TAMS 0x0000000086900000, 0x0000000086900000|
|  26|0x0000000086a00000, 0x0000000086a00000, 0x0000000086b00000|  0%| F|  |TS  0|AC  0|TAMS 0x0000000086a00000, 0x0000000086a00000|
|  27|0x0000000086b00000, 0x0000000086b00000, 0x0000000086c00000|  0%| F|  |TS  0|AC  0|TAMS 0x0000000086b00000, 0x0000000086b00000|
|  28|0x0000000086c00000, 0x0000000086c00000, 0x0000000086d00000|  0%| F|  |TS  0|AC  0|TAMS 0x0000000086c00000, 0x0000000086c00000|
|  29|0x0000000086d00000, 0x0000000086d00000, 0x0000000086e00000|  0%| F|  |TS  0|AC  0|TAMS 0x0000000086d00000, 0x0000000086d00000|
|  30|0x0000000086e00000, 0x0000000086e00000, 0x0000000086f00000|  0%| F|  |TS  0|AC  0|TAMS 0x0000000086e00000, 0x0000000086e00000|
|  31|0x0000000086f00000, 0x0000000086f00000, 0x0000000087000000|  0%| F|  |TS  0|AC  0|TAMS 0x0000000086f00000, 0x0000000086f00000|
|  32|0x0000000087000000, 0x0000000087000000, 0x0000000087100000|  0%| F|  |TS  0|AC  0|TAMS 0x0000000087000000, 0x0000000087000000|
|  33|0x0000000087100000, 0x0000000087100000, 0x0000000087200000|  0%| F|  |TS  0|AC  0|TAMS 0x0000000087100000, 0x0000000087100000|
|  34|0x0000000087200000, 0x0000000087200000, 0x0000000087300000|  0%| F|  |TS  0|AC  0|TAMS 0x0000000087200000, 0x0000000087200000|
|  35|0x0000000087300000, 0x0000000087300000, 0x0000000087400000|  0%| F|  |TS  0|AC  0|TAMS 0x0000000087300000, 0x0000000087300000|
|  36|0x0000000087400000, 0x0000000087400000, 0x0000000087500000|  0%| F|  |TS  0|AC  0|TAMS 0x0000000087400000, 0x0000000087400000|
|  37|0x0000000087500000, 0x0000000087500000, 0x0000000087600000|  0%| F|  |TS  0|AC  0|TAMS 0x0000000087500000, 0x0000000087500000|
|  38|0x0000000087600000, 0x0000000087600000, 0x0000000087700000|  0%| F|  |TS  0|AC  0|TAMS 0x0000000087600000, 0x0000000087600000|
|  39|0x0000000087700000, 0x0000000087700000, 0x0000000087800000|  0%| F|  |TS  0|AC  0|TAMS 0x0000000087700000, 0x0000000087700000|
|  40|0x0000000087800000, 0x0000000087800000, 0x0000000087900000|  0%| F|  |TS  0|AC  0|TAMS 0x0000000087800000, 0x0000000087800000|
|  41|0x0000000087900000, 0x0000000087900000, 0x0000000087a00000|  0%| F|  |TS  0|AC  0|TAMS 0x0000000087900000, 0x0000000087900000|
|  42|0x0000000087a00000, 0x0000000087a00000, 0x0000000087b00000|  0%| F|  |TS  0|AC  0|TAMS 0x0000000087a00000, 0x0000000087a00000|
|  43|0x0000000087b00000, 0x0000000087b00000, 0x0000000087c00000|  0%| F|  |TS  0|AC  0|TAMS 0x0000000087b00000, 0x0000000087b00000|
|  44|0x0000000087c00000, 0x0000000087c00000, 0x0000000087d00000|  0%| F|  |TS  0|AC  0|TAMS 0x0000000087c00000, 0x0000000087c00000|
|  45|0x0000000087d00000, 0x0000000087d00000, 0x0000000087e00000|  0%| F|  |TS  0|AC  0|TAMS 0x0000000087d00000, 0x0000000087d00000|
|  46|0x0000000087e00000, 0x0000000087e00000, 0x0000000087f00000|  0%| F|  |TS  0|AC  0|TAMS 0x0000000087e00000, 0x0000000087e00000|
|  47|0x0000000087f00000, 0x0000000087f00000, 0x0000000088000000|  0%| F|  |TS  0|AC  0|TAMS 0x0000000087f00000, 0x0000000087f00000|
|  48|0x0000000088000000, 0x0000000088000000, 0x0000000088100000|  0%| F|  |TS 29|AC  0|TAMS 0x0000000088000000, 0x0000000088000000|
|  49|0x0000000088100000, 0x0000000088100000, 0x0000000088200000|  0%| F|  |TS 29|AC  0|TAMS 0x0000000088100000, 0x0000000088100000|
|  50|0x0000000088200000, 0x0000000088200000, 0x0000000088300000|  0%| F|  |TS 31|AC  0|TAMS 0x0000000088200000, 0x0000000088200000|
|  51|0x0000000088300000, 0x0000000088300000, 0x0000000088400000|  0%| F|  |TS 31|AC  0|TAMS 0x0000000088300000, 0x0000000088300000|
|  52|0x0000000088400000, 0x0000000088400000, 0x0000000088500000|  0%| F|  |TS 29|AC  0|TAMS 0x0000000088400000, 0x0000000088400000|
|  53|0x0000000088500000, 0x0000000088500000, 0x0000000088600000|  0%| F|  |TS 29|AC  0|TAMS 0x0000000088500000, 0x0000000088500000|
|  54|0x0000000088600000, 0x0000000088600000, 0x0000000088700000|  0%| F|  |TS 29|AC  0|TAMS 0x0000000088600000, 0x0000000088600000|
|  55|0x0000000088700000, 0x0000000088700000, 0x0000000088800000|  0%| F|  |TS 29|AC  0|TAMS 0x0000000088700000, 0x0000000088700000|
|  56|0x0000000088800000, 0x0000000088800000, 0x0000000088900000|  0%| F|  |TS 29|AC  0|TAMS 0x0000000088800000, 0x0000000088800000|
|  57|0x0000000088900000, 0x0000000088900000, 0x0000000088a00000|  0%| F|  |TS 29|AC  0|TAMS 0x0000000088900000, 0x0000000088900000|
|  58|0x0000000088a00000, 0x0000000088a00000, 0x0000000088b00000|  0%| F|  |TS 29|AC  0|TAMS 0x0000000088a00000, 0x0000000088a00000|
|  59|0x0000000088b00000, 0x0000000088b00000, 0x0000000088c00000|  0%| F|  |TS 47|AC  0|TAMS 0x0000000088b00000, 0x0000000088b00000|
|  60|0x0000000088c00000, 0x0000000088c00000, 0x0000000088d00000|  0%| F|  |TS 45|AC  0|TAMS 0x0000000088c00000, 0x0000000088c00000|
|  61|0x0000000088d00000, 0x0000000088d00000, 0x0000000088e00000|  0%| F|  |TS 45|AC  0|TAMS 0x0000000088d00000, 0x0000000088d00000|
|  62|0x0000000088e00000, 0x0000000088e00000, 0x0000000088f00000|  0%| F|  |TS 45|AC  0|TAMS 0x0000000088e00000, 0x0000000088e00000|
|  63|0x0000000088f00000, 0x0000000088f00000, 0x0000000089000000|  0%| F|  |TS 45|AC  0|TAMS 0x0000000088f00000, 0x0000000088f00000|
|  64|0x0000000089000000, 0x0000000089000000, 0x0000000089100000|  0%| F|  |TS 45|AC  0|TAMS 0x0000000089000000, 0x0000000089000000|
|  65|0x0000000089100000, 0x0000000089100000, 0x0000000089200000|  0%| F|  |TS 45|AC  0|TAMS 0x0000000089100000, 0x0000000089100000|
|  66|0x0000000089200000, 0x0000000089200000, 0x0000000089300000|  0%| F|  |TS 45|AC  0|TAMS 0x0000000089200000, 0x0000000089200000|
|  67|0x0000000089300000, 0x0000000089300000, 0x0000000089400000|  0%| F|  |TS 45|AC  0|TAMS 0x0000000089300000, 0x0000000089300000|
|  68|0x0000000089400000, 0x0000000089400000, 0x0000000089500000|  0%| F|  |TS 45|AC  0|TAMS 0x0000000089400000, 0x0000000089400000|
|  69|0x0000000089500000, 0x0000000089500000, 0x0000000089600000|  0%| F|  |TS 45|AC  0|TAMS 0x0000000089500000, 0x0000000089500000|
|  70|0x0000000089600000, 0x0000000089600000, 0x0000000089700000|  0%| F|  |TS 45|AC  0|TAMS 0x0000000089600000, 0x0000000089600000|
|  71|0x0000000089700000, 0x0000000089700000, 0x0000000089800000|  0%| F|  |TS 45|AC  0|TAMS 0x0000000089700000, 0x0000000089700000|
|  72|0x0000000089800000, 0x0000000089800000, 0x0000000089900000|  0%| F|  |TS 45|AC  0|TAMS 0x0000000089800000, 0x0000000089800000|
|  73|0x0000000089900000, 0x0000000089900000, 0x0000000089a00000|  0%| F|  |TS 71|AC  0|TAMS 0x0000000089900000, 0x0000000089900000|
|  74|0x0000000089a00000, 0x0000000089a00000, 0x0000000089b00000|  0%| F|  |TS 73|AC  0|TAMS 0x0000000089a00000, 0x0000000089a00000|
|  75|0x0000000089b00000, 0x0000000089b00000, 0x0000000089c00000|  0%| F|  |TS 71|AC  0|TAMS 0x0000000089b00000, 0x0000000089b00000|
|  76|0x0000000089c00000, 0x0000000089c00000, 0x0000000089d00000|  0%| F|  |TS 71|AC  0|TAMS 0x0000000089c00000, 0x0000000089c00000|
|  77|0x0000000089d00000, 0x0000000089d00000, 0x0000000089e00000|  0%| F|  |TS 71|AC  0|TAMS 0x0000000089d00000, 0x0000000089d00000|
|  78|0x0000000089e00000, 0x0000000089e00000, 0x0000000089f00000|  0%| F|  |TS 71|AC  0|TAMS 0x0000000089e00000, 0x0000000089e00000|
|  79|0x0000000089f00000, 0x0000000089f00000, 0x000000008a000000|  0%| F|  |TS 71|AC  0|TAMS 0x0000000089f00000, 0x0000000089f00000|
|  80|0x000000008a000000, 0x000000008a000000, 0x000000008a100000|  0%| F|  |TS 71|AC  0|TAMS 0x000000008a000000, 0x000000008a000000|
|  81|0x000000008a100000, 0x000000008a100000, 0x000000008a200000|  0%| F|  |TS 71|AC  0|TAMS 0x000000008a100000, 0x000000008a100000|
|  82|0x000000008a200000, 0x000000008a200000, 0x000000008a300000|  0%| F|  |TS 71|AC  0|TAMS 0x000000008a200000, 0x000000008a200000|
|  83|0x000000008a300000, 0x000000008a300000, 0x000000008a400000|  0%| F|  |TS 71|AC  0|TAMS 0x000000008a300000, 0x000000008a300000|
|  84|0x000000008a400000, 0x000000008a400000, 0x000000008a500000|  0%| F|  |TS 71|AC  0|TAMS 0x000000008a400000, 0x000000008a400000|
|  85|0x000000008a500000, 0x000000008a500000, 0x000000008a600000|  0%| F|  |TS 71|AC  0|TAMS 0x000000008a500000, 0x000000008a500000|
|  86|0x000000008a600000, 0x000000008a600000, 0x000000008a700000|  0%| F|  |TS 71|AC  0|TAMS 0x000000008a600000, 0x000000008a600000|
|  87|0x000000008a700000, 0x000000008a700000, 0x000000008a800000|  0%| F|  |TS169|AC  0|TAMS 0x000000008a700000, 0x000000008a700000|
|  88|0x000000008a800000, 0x000000008a800000, 0x000000008a900000|  0%| F|  |TS167|AC  0|TAMS 0x000000008a800000, 0x000000008a800000|
|  89|0x000000008a900000, 0x000000008a900000, 0x000000008aa00000|  0%| F|  |TS167|AC  0|TAMS 0x000000008a900000, 0x000000008a900000|
|  90|0x000000008aa00000, 0x000000008aa00000, 0x000000008ab00000|  0%| F|  |TS167|AC  0|TAMS 0x000000008aa00000, 0x000000008aa00000|
|  91|0x000000008ab00000, 0x000000008ab00000, 0x000000008ac00000|  0%| F|  |TS167|AC  0|TAMS 0x000000008ab00000, 0x000000008ab00000|
|  92|0x000000008ac00000, 0x000000008ac00000, 0x000000008ad00000|  0%| F|  |TS167|AC  0|TAMS 0x000000008ac00000, 0x000000008ac00000|
|  93|0x000000008ad00000, 0x000000008ad00000, 0x000000008ae00000|  0%| F|  |TS167|AC  0|TAMS 0x000000008ad00000, 0x000000008ad00000|
|  94|0x000000008ae00000, 0x000000008ae00000, 0x000000008af00000|  0%| F|  |TS167|AC  0|TAMS 0x000000008ae00000, 0x000000008ae00000|
|  95|0x000000008af00000, 0x000000008af00000, 0x000000008b000000|  0%| F|  |TS167|AC  0|TAMS 0x000000008af00000, 0x000000008af00000|
|  96|0x000000008b000000, 0x000000008b000000, 0x000000008b100000|  0%| F|  |TS167|AC  0|TAMS 0x000000008b000000, 0x000000008b000000|
|  97|0x000000008b100000, 0x000000008b100000, 0x000000008b200000|  0%| F|  |TS167|AC  0|TAMS 0x000000008b100000, 0x000000008b100000|
|  98|0x000000008b200000, 0x000000008b200000, 0x000000008b300000|  0%| F|  |TS167|AC  0|TAMS 0x000000008b200000, 0x000000008b200000|
|  99|0x000000008b300000, 0x000000008b300000, 0x000000008b400000|  0%| F|  |TS167|AC  0|TAMS 0x000000008b300000, 0x000000008b300000|
| 100|0x000000008b400000, 0x000000008b400000, 0x000000008b500000|  0%| F|  |TS167|AC  0|TAMS 0x000000008b400000, 0x000000008b400000|
| 101|0x000000008b500000, 0x000000008b500000, 0x000000008b600000|  0%| F|  |TS167|AC  0|TAMS 0x000000008b500000, 0x000000008b500000|
| 102|0x000000008b600000, 0x000000008b600000, 0x000000008b700000|  0%| F|  |TS167|AC  0|TAMS 0x000000008b600000, 0x000000008b600000|
| 103|0x000000008b700000, 0x000000008b700000, 0x000000008b800000|  0%| F|  |TS167|AC  0|TAMS 0x000000008b700000, 0x000000008b700000|
| 104|0x000000008b800000, 0x000000008b800000, 0x000000008b900000|  0%| F|  |TS167|AC  0|TAMS 0x000000008b800000, 0x000000008b800000|
| 105|0x000000008b900000, 0x000000008b900000, 0x000000008ba00000|  0%| F|  |TS185|AC  0|TAMS 0x000000008b900000, 0x000000008b900000|
| 106|0x000000008ba00000, 0x000000008ba00000, 0x000000008bb00000|  0%| F|  |TS187|AC  0|TAMS 0x000000008ba00000, 0x000000008ba00000|
| 107|0x000000008bb00000, 0x000000008bb00000, 0x000000008bc00000|  0%| F|  |TS185|AC  0|TAMS 0x000000008bb00000, 0x000000008bb00000|
| 108|0x000000008bc00000, 0x000000008bc00000, 0x000000008bd00000|  0%| F|  |TS185|AC  0|TAMS 0x000000008bc00000, 0x000000008bc00000|
| 109|0x000000008bd00000, 0x000000008bd00000, 0x000000008be00000|  0%| F|  |TS185|AC  0|TAMS 0x000000008bd00000, 0x000000008bd00000|
| 110|0x000000008be00000, 0x000000008be00000, 0x000000008bf00000|  0%| F|  |TS185|AC  0|TAMS 0x000000008be00000, 0x000000008be00000|
| 111|0x000000008bf00000, 0x000000008bf00000, 0x000000008c000000|  0%| F|  |TS185|AC  0|TAMS 0x000000008bf00000, 0x000000008bf00000|
| 112|0x000000008c000000, 0x000000008c000000, 0x000000008c100000|  0%| F|  |TS185|AC  0|TAMS 0x000000008c000000, 0x000000008c000000|
| 113|0x000000008c100000, 0x000000008c100000, 0x000000008c200000|  0%| F|  |TS185|AC  0|TAMS 0x000000008c100000, 0x000000008c100000|
| 114|0x000000008c200000, 0x000000008c200000, 0x000000008c300000|  0%| F|  |TS185|AC  0|TAMS 0x000000008c200000, 0x000000008c200000|
| 115|0x000000008c300000, 0x000000008c300000, 0x000000008c400000|  0%| F|  |TS185|AC  0|TAMS 0x000000008c300000, 0x000000008c300000|
| 116|0x000000008c400000, 0x000000008c400000, 0x000000008c500000|  0%| F|  |TS185|AC  0|TAMS 0x000000008c400000, 0x000000008c400000|
| 117|0x000000008c500000, 0x000000008c500000, 0x000000008c600000|  0%| F|  |TS185|AC  0|TAMS 0x000000008c500000, 0x000000008c500000|
| 118|0x000000008c600000, 0x000000008c600000, 0x000000008c700000|  0%| F|  |TS185|AC  0|TAMS 0x000000008c600000, 0x000000008c600000|
| 119|0x000000008c700000, 0x000000008c700000, 0x000000008c800000|  0%| F|  |TS185|AC  0|TAMS 0x000000008c700000, 0x000000008c700000|
| 120|0x000000008c800000, 0x000000008c800000, 0x000000008c900000|  0%| F|  |TS185|AC  0|TAMS 0x000000008c800000, 0x000000008c800000|
| 121|0x000000008c900000, 0x000000008c900000, 0x000000008ca00000|  0%| F|  |TS185|AC  0|TAMS 0x000000008c900000, 0x000000008c900000|
| 122|0x000000008ca00000, 0x000000008ca00000, 0x000000008cb00000|  0%| F|  |TS185|AC  0|TAMS 0x000000008ca00000, 0x000000008ca00000|
| 123|0x000000008cb00000, 0x000000008cb00000, 0x000000008cc00000|  0%| F|  |TS185|AC  0|TAMS 0x000000008cb00000, 0x000000008cb00000|
| 124|0x000000008cc00000, 0x000000008cc00000, 0x000000008cd00000|  0%| F|  |TS185|AC  0|TAMS 0x000000008cc00000, 0x000000008cc00000|
| 125|0x000000008cd00000, 0x000000008cd00000, 0x000000008ce00000|  0%| F|  |TS185|AC  0|TAMS 0x000000008cd00000, 0x000000008cd00000|
| 126|0x000000008ce00000, 0x000000008ce00000, 0x000000008cf00000|  0%| F|  |TS185|AC  0|TAMS 0x000000008ce00000, 0x000000008ce00000|
| 127|0x000000008cf00000, 0x000000008cf00000, 0x000000008d000000|  0%| F|  |TS185|AC  0|TAMS 0x000000008cf00000, 0x000000008cf00000|
| 128|0x000000008d000000, 0x000000008d000000, 0x000000008d100000|  0%| F|  |TS185|AC  0|TAMS 0x000000008d000000, 0x000000008d000000|
| 129|0x000000008d100000, 0x000000008d100000, 0x000000008d200000|  0%| F|  |TS185|AC  0|TAMS 0x000000008d100000, 0x000000008d100000|
| 130|0x000000008d200000, 0x000000008d200000, 0x000000008d300000|  0%| F|  |TS185|AC  0|TAMS 0x000000008d200000, 0x000000008d200000|
| 131|0x000000008d300000, 0x000000008d300000, 0x000000008d400000|  0%| F|  |TS371|AC  0|TAMS 0x000000008d300000, 0x000000008d300000|
| 132|0x000000008d400000, 0x000000008d400000, 0x000000008d500000|  0%| F|  |TS369|AC  0|TAMS 0x000000008d400000, 0x000000008d400000|
| 133|0x000000008d500000, 0x000000008d500000, 0x000000008d600000|  0%| F|  |TS369|AC  0|TAMS 0x000000008d500000, 0x000000008d500000|
| 134|0x000000008d600000, 0x000000008d600000, 0x000000008d700000|  0%| F|  |TS369|AC  0|TAMS 0x000000008d600000, 0x000000008d600000|
| 135|0x000000008d700000, 0x000000008d700000, 0x000000008d800000|  0%| F|  |TS369|AC  0|TAMS 0x000000008d700000, 0x000000008d700000|
| 136|0x000000008d800000, 0x000000008d800000, 0x000000008d900000|  0%| F|  |TS369|AC  0|TAMS 0x000000008d800000, 0x000000008d800000|
| 137|0x000000008d900000, 0x000000008d900000, 0x000000008da00000|  0%| F|  |TS369|AC  0|TAMS 0x000000008d900000, 0x000000008d900000|
| 138|0x000000008da00000, 0x000000008da00000, 0x000000008db00000|  0%| F|  |TS369|AC  0|TAMS 0x000000008da00000, 0x000000008da00000|
| 139|0x000000008db00000, 0x000000008db00000, 0x000000008dc00000|  0%| F|  |TS369|AC  0|TAMS 0x000000008db00000, 0x000000008db00000|
| 140|0x000000008dc00000, 0x000000008dc00000, 0x000000008dd00000|  0%| F|  |TS369|AC  0|TAMS 0x000000008dc00000, 0x000000008dc00000|
| 141|0x000000008dd00000, 0x000000008dd00000, 0x000000008de00000|  0%| F|  |TS369|AC  0|TAMS 0x000000008dd00000, 0x000000008dd00000|
| 142|0x000000008de00000, 0x000000008de00000, 0x000000008df00000|  0%| F|  |TS369|AC  0|TAMS 0x000000008de00000, 0x000000008de00000|
| 143|0x000000008df00000, 0x000000008df00000, 0x000000008e000000|  0%| F|  |TS369|AC  0|TAMS 0x000000008df00000, 0x000000008df00000|
| 144|0x000000008e000000, 0x000000008e000000, 0x000000008e100000|  0%| F|  |TS369|AC  0|TAMS 0x000000008e000000, 0x000000008e000000|
| 145|0x000000008e100000, 0x000000008e100000, 0x000000008e200000|  0%| F|  |TS369|AC  0|TAMS 0x000000008e100000, 0x000000008e100000|
| 146|0x000000008e200000, 0x000000008e200000, 0x000000008e300000|  0%| F|  |TS369|AC  0|TAMS 0x000000008e200000, 0x000000008e200000|
| 147|0x000000008e300000, 0x000000008e300000, 0x000000008e400000|  0%| F|  |TS369|AC  0|TAMS 0x000000008e300000, 0x000000008e300000|
| 148|0x000000008e400000, 0x000000008e400000, 0x000000008e500000|  0%| F|  |TS369|AC  0|TAMS 0x000000008e400000, 0x000000008e400000|
| 149|0x000000008e500000, 0x000000008e500000, 0x000000008e600000|  0%| F|  |TS369|AC  0|TAMS 0x000000008e500000, 0x000000008e500000|
| 150|0x000000008e600000, 0x000000008e600000, 0x000000008e700000|  0%| F|  |TS369|AC  0|TAMS 0x000000008e600000, 0x000000008e600000|
| 151|0x000000008e700000, 0x000000008e700000, 0x000000008e800000|  0%| F|  |TS369|AC  0|TAMS 0x000000008e700000, 0x000000008e700000|
| 152|0x000000008e800000, 0x000000008e800000, 0x000000008e900000|  0%| F|  |TS369|AC  0|TAMS 0x000000008e800000, 0x000000008e800000|
| 153|0x000000008e900000, 0x000000008e900000, 0x000000008ea00000|  0%| F|  |TS369|AC  0|TAMS 0x000000008e900000, 0x000000008e900000|
| 154|0x000000008ea00000, 0x000000008ea00000, 0x000000008eb00000|  0%| F|  |TS369|AC  0|TAMS 0x000000008ea00000, 0x000000008ea00000|
| 155|0x000000008eb00000, 0x000000008eb00000, 0x000000008ec00000|  0%| F|  |TS369|AC  0|TAMS 0x000000008eb00000, 0x000000008eb00000|
| 156|0x000000008ec00000, 0x000000008ec00000, 0x000000008ed00000|  0%| F|  |TS369|AC  0|TAMS 0x000000008ec00000, 0x000000008ec00000|
| 157|0x000000008ed00000, 0x000000008ed0d618, 0x000000008ee00000|  5%| S|CS|TS425|AC  0|TAMS 0x000000008ed00000, 0x000000008ed00000|
| 158|0x000000008ee00000, 0x000000008ee00000, 0x000000008ef00000|  0%| F|  |TS425|AC  0|TAMS 0x000000008ee00000, 0x000000008ee00000|
| 159|0x000000008ef00000, 0x000000008ef00000, 0x000000008f000000|  0%| F|  |TS425|AC  0|TAMS 0x000000008ef00000, 0x000000008ef00000|
| 160|0x000000008f000000, 0x000000008f000000, 0x000000008f100000|  0%| F|  |TS425|AC  0|TAMS 0x000000008f000000, 0x000000008f000000|
| 161|0x000000008f100000, 0x000000008f100000, 0x000000008f200000|  0%| F|  |TS425|AC  0|TAMS 0x000000008f100000, 0x000000008f100000|
| 162|0x000000008f200000, 0x000000008f200000, 0x000000008f300000|  0%| F|  |TS425|AC  0|TAMS 0x000000008f200000, 0x000000008f200000|
| 163|0x000000008f300000, 0x000000008f300000, 0x000000008f400000|  0%| F|  |TS425|AC  0|TAMS 0x000000008f300000, 0x000000008f300000|
| 164|0x000000008f400000, 0x000000008f400000, 0x000000008f500000|  0%| F|  |TS425|AC  0|TAMS 0x000000008f400000, 0x000000008f400000|
| 165|0x000000008f500000, 0x000000008f500000, 0x000000008f600000|  0%| F|  |TS425|AC  0|TAMS 0x000000008f500000, 0x000000008f500000|
| 166|0x000000008f600000, 0x000000008f600000, 0x000000008f700000|  0%| F|  |TS425|AC  0|TAMS 0x000000008f600000, 0x000000008f600000|
| 167|0x000000008f700000, 0x000000008f700000, 0x000000008f800000|  0%| F|  |TS425|AC  0|TAMS 0x000000008f700000, 0x000000008f700000|
| 168|0x000000008f800000, 0x000000008f800000, 0x000000008f900000|  0%| F|  |TS425|AC  0|TAMS 0x000000008f800000, 0x000000008f800000|
| 169|0x000000008f900000, 0x000000008f900000, 0x000000008fa00000|  0%| F|  |TS425|AC  0|TAMS 0x000000008f900000, 0x000000008f900000|
| 170|0x000000008fa00000, 0x000000008fa00000, 0x000000008fb00000|  0%| F|  |TS425|AC  0|TAMS 0x000000008fa00000, 0x000000008fa00000|
| 171|0x000000008fb00000, 0x000000008fb00000, 0x000000008fc00000|  0%| F|  |TS425|AC  0|TAMS 0x000000008fb00000, 0x000000008fb00000|
| 172|0x000000008fc00000, 0x000000008fc00000, 0x000000008fd00000|  0%| F|  |TS425|AC  0|TAMS 0x000000008fc00000, 0x000000008fc00000|
| 173|0x000000008fd00000, 0x000000008fd00000, 0x000000008fe00000|  0%| F|  |TS425|AC  0|TAMS 0x000000008fd00000, 0x000000008fd00000|
| 174|0x000000008fe00000, 0x000000008fe00000, 0x000000008ff00000|  0%| F|  |TS425|AC  0|TAMS 0x000000008fe00000, 0x000000008fe00000|
| 175|0x000000008ff00000, 0x000000008ff00000, 0x0000000090000000|  0%| F|  |TS425|AC  0|TAMS 0x000000008ff00000, 0x000000008ff00000|
| 176|0x0000000090000000, 0x0000000090000000, 0x0000000090100000|  0%| F|  |TS425|AC  0|TAMS 0x0000000090000000, 0x0000000090000000|
| 177|0x0000000090100000, 0x0000000090100000, 0x0000000090200000|  0%| F|  |TS425|AC  0|TAMS 0x0000000090100000, 0x0000000090100000|
| 178|0x0000000090200000, 0x0000000090200000, 0x0000000090300000|  0%| F|  |TS425|AC  0|TAMS 0x0000000090200000, 0x0000000090200000|
| 179|0x0000000090300000, 0x0000000090300000, 0x0000000090400000|  0%| F|  |TS425|AC  0|TAMS 0x0000000090300000, 0x0000000090300000|
| 180|0x0000000090400000, 0x0000000090400000, 0x0000000090500000|  0%| F|  |TS425|AC  0|TAMS 0x0000000090400000, 0x0000000090400000|
| 181|0x0000000090500000, 0x0000000090500000, 0x0000000090600000|  0%| F|  |TS425|AC  0|TAMS 0x0000000090500000, 0x0000000090500000|
| 182|0x0000000090600000, 0x0000000090600000, 0x0000000090700000|  0%| F|  |TS425|AC  0|TAMS 0x0000000090600000, 0x0000000090600000|
| 183|0x0000000090700000, 0x0000000090700000, 0x0000000090800000|  0%| F|  |TS425|AC  0|TAMS 0x0000000090700000, 0x0000000090700000|
| 184|0x0000000090800000, 0x0000000090800000, 0x0000000090900000|  0%| F|  |TS425|AC  0|TAMS 0x0000000090800000, 0x0000000090800000|
| 185|0x0000000090900000, 0x0000000090900000, 0x0000000090a00000|  0%| F|  |TS425|AC  0|TAMS 0x0000000090900000, 0x0000000090900000|
| 186|0x0000000090a00000, 0x0000000090a00000, 0x0000000090b00000|  0%| F|  |TS425|AC  0|TAMS 0x0000000090a00000, 0x0000000090a00000|
| 187|0x0000000090b00000, 0x0000000090b00000, 0x0000000090c00000|  0%| F|  |TS425|AC  0|TAMS 0x0000000090b00000, 0x0000000090b00000|
| 188|0x0000000090c00000, 0x0000000090c00000, 0x0000000090d00000|  0%| F|  |TS425|AC  0|TAMS 0x0000000090c00000, 0x0000000090c00000|
| 189|0x0000000090d00000, 0x0000000090d00000, 0x0000000090e00000|  0%| F|  |TS425|AC  0|TAMS 0x0000000090d00000, 0x0000000090d00000|
| 190|0x0000000090e00000, 0x0000000090e00000, 0x0000000090f00000|  0%| F|  |TS425|AC  0|TAMS 0x0000000090e00000, 0x0000000090e00000|
| 191|0x0000000090f00000, 0x0000000090f00000, 0x0000000091000000|  0%| F|  |TS425|AC  0|TAMS 0x0000000090f00000, 0x0000000090f00000|
| 192|0x0000000091000000, 0x0000000091000000, 0x0000000091100000|  0%| F|  |TS425|AC  0|TAMS 0x0000000091000000, 0x0000000091000000|
| 193|0x0000000091100000, 0x0000000091100000, 0x0000000091200000|  0%| F|  |TS425|AC  0|TAMS 0x0000000091100000, 0x0000000091100000|
| 194|0x0000000091200000, 0x0000000091200000, 0x0000000091300000|  0%| F|  |TS425|AC  0|TAMS 0x0000000091200000, 0x0000000091200000|
| 195|0x0000000091300000, 0x0000000091300000, 0x0000000091400000|  0%| F|  |TS425|AC  0|TAMS 0x0000000091300000, 0x0000000091300000|
| 196|0x0000000091400000, 0x0000000091400000, 0x0000000091500000|  0%| F|  |TS425|AC  0|TAMS 0x0000000091400000, 0x0000000091400000|
| 197|0x0000000091500000, 0x0000000091500000, 0x0000000091600000|  0%| F|  |TS425|AC  0|TAMS 0x0000000091500000, 0x0000000091500000|
| 198|0x0000000091600000, 0x0000000091600000, 0x0000000091700000|  0%| F|  |TS425|AC  0|TAMS 0x0000000091600000, 0x0000000091600000|
| 199|0x0000000091700000, 0x0000000091700000, 0x0000000091800000|  0%| F|  |TS425|AC  0|TAMS 0x0000000091700000, 0x0000000091700000|
| 200|0x0000000091800000, 0x0000000091800000, 0x0000000091900000|  0%| F|  |TS425|AC  0|TAMS 0x0000000091800000, 0x0000000091800000|
| 201|0x0000000091900000, 0x0000000091900000, 0x0000000091a00000|  0%| F|  |TS425|AC  0|TAMS 0x0000000091900000, 0x0000000091900000|
| 202|0x0000000091a00000, 0x0000000091a00000, 0x0000000091b00000|  0%| F|  |TS425|AC  0|TAMS 0x0000000091a00000, 0x0000000091a00000|
| 203|0x0000000091b00000, 0x0000000091b00000, 0x0000000091c00000|  0%| F|  |TS425|AC  0|TAMS 0x0000000091b00000, 0x0000000091b00000|
| 204|0x0000000091c00000, 0x0000000091c00000, 0x0000000091d00000|  0%| F|  |TS425|AC  0|TAMS 0x0000000091c00000, 0x0000000091c00000|
| 205|0x0000000091d00000, 0x0000000091d00000, 0x0000000091e00000|  0%| F|  |TS425|AC  0|TAMS 0x0000000091d00000, 0x0000000091d00000|
| 206|0x0000000091e00000, 0x0000000091e00000, 0x0000000091f00000|  0%| F|  |TS425|AC  0|TAMS 0x0000000091e00000, 0x0000000091e00000|
| 207|0x0000000091f00000, 0x0000000091f00000, 0x0000000092000000|  0%| F|  |TS425|AC  0|TAMS 0x0000000091f00000, 0x0000000091f00000|
| 208|0x0000000092000000, 0x0000000092000000, 0x0000000092100000|  0%| F|  |TS425|AC  0|TAMS 0x0000000092000000, 0x0000000092000000|
| 209|0x0000000092100000, 0x0000000092100000, 0x0000000092200000|  0%| F|  |TS425|AC  0|TAMS 0x0000000092100000, 0x0000000092100000|
| 210|0x0000000092200000, 0x0000000092200000, 0x0000000092300000|  0%| F|  |TS425|AC  0|TAMS 0x0000000092200000, 0x0000000092200000|
| 211|0x0000000092300000, 0x0000000092300000, 0x0000000092400000|  0%| F|  |TS425|AC  0|TAMS 0x0000000092300000, 0x0000000092300000|
| 212|0x0000000092400000, 0x0000000092400000, 0x0000000092500000|  0%| F|  |TS425|AC  0|TAMS 0x0000000092400000, 0x0000000092400000|
| 213|0x0000000092500000, 0x0000000092500000, 0x0000000092600000|  0%| F|  |TS425|AC  0|TAMS 0x0000000092500000, 0x0000000092500000|
| 214|0x0000000092600000, 0x0000000092600000, 0x0000000092700000|  0%| F|  |TS425|AC  0|TAMS 0x0000000092600000, 0x0000000092600000|
| 215|0x0000000092700000, 0x0000000092700000, 0x0000000092800000|  0%| F|  |TS425|AC  0|TAMS 0x0000000092700000, 0x0000000092700000|
| 216|0x0000000092800000, 0x0000000092800000, 0x0000000092900000|  0%| F|  |TS425|AC  0|TAMS 0x0000000092800000, 0x0000000092800000|
| 217|0x0000000092900000, 0x0000000092900000, 0x0000000092a00000|  0%| F|  |TS425|AC  0|TAMS 0x0000000092900000, 0x0000000092900000|
| 218|0x0000000092a00000, 0x0000000092a00000, 0x0000000092b00000|  0%| F|  |TS425|AC  0|TAMS 0x0000000092a00000, 0x0000000092a00000|
| 219|0x0000000092b00000, 0x0000000092b00000, 0x0000000092c00000|  0%| F|  |TS425|AC  0|TAMS 0x0000000092b00000, 0x0000000092b00000|
| 220|0x0000000092c00000, 0x0000000092c00000, 0x0000000092d00000|  0%| F|  |TS425|AC  0|TAMS 0x0000000092c00000, 0x0000000092c00000|
| 221|0x0000000092d00000, 0x0000000092d00000, 0x0000000092e00000|  0%| F|  |TS425|AC  0|TAMS 0x0000000092d00000, 0x0000000092d00000|
| 222|0x0000000092e00000, 0x0000000092e00000, 0x0000000092f00000|  0%| F|  |TS425|AC  0|TAMS 0x0000000092e00000, 0x0000000092e00000|
| 223|0x0000000092f00000, 0x0000000092f00000, 0x0000000093000000|  0%| F|  |TS425|AC  0|TAMS 0x0000000092f00000, 0x0000000092f00000|
| 224|0x0000000093000000, 0x0000000093000000, 0x0000000093100000|  0%| F|  |TS425|AC  0|TAMS 0x0000000093000000, 0x0000000093000000|
| 225|0x0000000093100000, 0x0000000093100000, 0x0000000093200000|  0%| F|  |TS425|AC  0|TAMS 0x0000000093100000, 0x0000000093100000|
| 226|0x0000000093200000, 0x0000000093200000, 0x0000000093300000|  0%| F|  |TS425|AC  0|TAMS 0x0000000093200000, 0x0000000093200000|
| 227|0x0000000093300000, 0x0000000093300000, 0x0000000093400000|  0%| F|  |TS425|AC  0|TAMS 0x0000000093300000, 0x0000000093300000|
| 228|0x0000000093400000, 0x0000000093400000, 0x0000000093500000|  0%| F|  |TS425|AC  0|TAMS 0x0000000093400000, 0x0000000093400000|
| 229|0x0000000093500000, 0x0000000093500000, 0x0000000093600000|  0%| F|  |TS425|AC  0|TAMS 0x0000000093500000, 0x0000000093500000|
| 230|0x0000000093600000, 0x0000000093600000, 0x0000000093700000|  0%| F|  |TS425|AC  0|TAMS 0x0000000093600000, 0x0000000093600000|
| 231|0x0000000093700000, 0x0000000093700000, 0x0000000093800000|  0%| F|  |TS425|AC  0|TAMS 0x0000000093700000, 0x0000000093700000|
| 232|0x0000000093800000, 0x0000000093800000, 0x0000000093900000|  0%| F|  |TS425|AC  0|TAMS 0x0000000093800000, 0x0000000093800000|
| 233|0x0000000093900000, 0x0000000093900000, 0x0000000093a00000|  0%| F|  |TS425|AC  0|TAMS 0x0000000093900000, 0x0000000093900000|
| 234|0x0000000093a00000, 0x0000000093a00000, 0x0000000093b00000|  0%| F|  |TS425|AC  0|TAMS 0x0000000093a00000, 0x0000000093a00000|
| 235|0x0000000093b00000, 0x0000000093b00000, 0x0000000093c00000|  0%| F|  |TS425|AC  0|TAMS 0x0000000093b00000, 0x0000000093b00000|
| 236|0x0000000093c00000, 0x0000000093c00000, 0x0000000093d00000|  0%| F|  |TS425|AC  0|TAMS 0x0000000093c00000, 0x0000000093c00000|
| 237|0x0000000093d00000, 0x0000000093d00000, 0x0000000093e00000|  0%| F|  |TS425|AC  0|TAMS 0x0000000093d00000, 0x0000000093d00000|
| 238|0x0000000093e00000, 0x0000000093e00000, 0x0000000093f00000|  0%| F|  |TS425|AC  0|TAMS 0x0000000093e00000, 0x0000000093e00000|
| 239|0x0000000093f00000, 0x0000000093f00000, 0x0000000094000000|  0%| F|  |TS425|AC  0|TAMS 0x0000000093f00000, 0x0000000093f00000|
| 240|0x0000000094000000, 0x0000000094000000, 0x0000000094100000|  0%| F|  |TS425|AC  0|TAMS 0x0000000094000000, 0x0000000094000000|
| 241|0x0000000094100000, 0x0000000094100000, 0x0000000094200000|  0%| F|  |TS425|AC  0|TAMS 0x0000000094100000, 0x0000000094100000|
| 242|0x0000000094200000, 0x0000000094200000, 0x0000000094300000|  0%| F|  |TS425|AC  0|TAMS 0x0000000094200000, 0x0000000094200000|
| 243|0x0000000094300000, 0x0000000094300000, 0x0000000094400000|  0%| F|  |TS425|AC  0|TAMS 0x0000000094300000, 0x0000000094300000|
| 244|0x0000000094400000, 0x0000000094400000, 0x0000000094500000|  0%| F|  |TS425|AC  0|TAMS 0x0000000094400000, 0x0000000094400000|
| 245|0x0000000094500000, 0x0000000094500000, 0x0000000094600000|  0%| F|  |TS425|AC  0|TAMS 0x0000000094500000, 0x0000000094500000|
| 246|0x0000000094600000, 0x0000000094600000, 0x0000000094700000|  0%| F|  |TS425|AC  0|TAMS 0x0000000094600000, 0x0000000094600000|
| 247|0x0000000094700000, 0x0000000094700000, 0x0000000094800000|  0%| F|  |TS425|AC  0|TAMS 0x0000000094700000, 0x0000000094700000|
| 248|0x0000000094800000, 0x0000000094800000, 0x0000000094900000|  0%| F|  |TS425|AC  0|TAMS 0x0000000094800000, 0x0000000094800000|
| 249|0x0000000094900000, 0x0000000094900000, 0x0000000094a00000|  0%| F|  |TS425|AC  0|TAMS 0x0000000094900000, 0x0000000094900000|
| 250|0x0000000094a00000, 0x0000000094a00000, 0x0000000094b00000|  0%| F|  |TS425|AC  0|TAMS 0x0000000094a00000, 0x0000000094a00000|
| 251|0x0000000094b00000, 0x0000000094b00000, 0x0000000094c00000|  0%| F|  |TS425|AC  0|TAMS 0x0000000094b00000, 0x0000000094b00000|
| 252|0x0000000094c00000, 0x0000000094c00000, 0x0000000094d00000|  0%| F|  |TS425|AC  0|TAMS 0x0000000094c00000, 0x0000000094c00000|
| 253|0x0000000094d00000, 0x0000000094d00000, 0x0000000094e00000|  0%| F|  |TS425|AC  0|TAMS 0x0000000094d00000, 0x0000000094d00000|
| 254|0x0000000094e00000, 0x0000000094e00000, 0x0000000094f00000|  0%| F|  |TS425|AC  0|TAMS 0x0000000094e00000, 0x0000000094e00000|
| 255|0x0000000094f00000, 0x0000000094f00000, 0x0000000095000000|  0%| F|  |TS425|AC  0|TAMS 0x0000000094f00000, 0x0000000094f00000|
| 256|0x0000000095000000, 0x0000000095000000, 0x0000000095100000|  0%| F|  |TS425|AC  0|TAMS 0x0000000095000000, 0x0000000095000000|
| 257|0x0000000095100000, 0x0000000095100000, 0x0000000095200000|  0%| F|  |TS425|AC  0|TAMS 0x0000000095100000, 0x0000000095100000|
| 258|0x0000000095200000, 0x0000000095200000, 0x0000000095300000|  0%| F|  |TS425|AC  0|TAMS 0x0000000095200000, 0x0000000095200000|
| 259|0x0000000095300000, 0x0000000095300000, 0x0000000095400000|  0%| F|  |TS425|AC  0|TAMS 0x0000000095300000, 0x0000000095300000|
| 260|0x0000000095400000, 0x0000000095400000, 0x0000000095500000|  0%| F|  |TS425|AC  0|TAMS 0x0000000095400000, 0x0000000095400000|
| 261|0x0000000095500000, 0x0000000095500000, 0x0000000095600000|  0%| F|  |TS425|AC  0|TAMS 0x0000000095500000, 0x0000000095500000|
| 262|0x0000000095600000, 0x0000000095600000, 0x0000000095700000|  0%| F|  |TS425|AC  0|TAMS 0x0000000095600000, 0x0000000095600000|
| 263|0x0000000095700000, 0x0000000095700000, 0x0000000095800000|  0%| F|  |TS425|AC  0|TAMS 0x0000000095700000, 0x0000000095700000|
| 264|0x0000000095800000, 0x0000000095800000, 0x0000000095900000|  0%| F|  |TS425|AC  0|TAMS 0x0000000095800000, 0x0000000095800000|
| 265|0x0000000095900000, 0x0000000095900000, 0x0000000095a00000|  0%| F|  |TS425|AC  0|TAMS 0x0000000095900000, 0x0000000095900000|
| 266|0x0000000095a00000, 0x0000000095a00000, 0x0000000095b00000|  0%| F|  |TS425|AC  0|TAMS 0x0000000095a00000, 0x0000000095a00000|
| 267|0x0000000095b00000, 0x0000000095b00000, 0x0000000095c00000|  0%| F|  |TS425|AC  0|TAMS 0x0000000095b00000, 0x0000000095b00000|
| 268|0x0000000095c00000, 0x0000000095c00000, 0x0000000095d00000|  0%| F|  |TS425|AC  0|TAMS 0x0000000095c00000, 0x0000000095c00000|
| 269|0x0000000095d00000, 0x0000000095d00000, 0x0000000095e00000|  0%| F|  |TS425|AC  0|TAMS 0x0000000095d00000, 0x0000000095d00000|
| 270|0x0000000095e00000, 0x0000000095e00000, 0x0000000095f00000|  0%| F|  |TS425|AC  0|TAMS 0x0000000095e00000, 0x0000000095e00000|
| 271|0x0000000095f00000, 0x0000000095f00000, 0x0000000096000000|  0%| F|  |TS425|AC  0|TAMS 0x0000000095f00000, 0x0000000095f00000|
| 272|0x0000000096000000, 0x0000000096000000, 0x0000000096100000|  0%| F|  |TS425|AC  0|TAMS 0x0000000096000000, 0x0000000096000000|
| 273|0x0000000096100000, 0x0000000096100000, 0x0000000096200000|  0%| F|  |TS425|AC  0|TAMS 0x0000000096100000, 0x0000000096100000|
| 274|0x0000000096200000, 0x0000000096200000, 0x0000000096300000|  0%| F|  |TS425|AC  0|TAMS 0x0000000096200000, 0x0000000096200000|
| 275|0x0000000096300000, 0x0000000096300000, 0x0000000096400000|  0%| F|  |TS425|AC  0|TAMS 0x0000000096300000, 0x0000000096300000|
| 276|0x0000000096400000, 0x0000000096400000, 0x0000000096500000|  0%| F|  |TS425|AC  0|TAMS 0x0000000096400000, 0x0000000096400000|
| 277|0x0000000096500000, 0x0000000096500000, 0x0000000096600000|  0%| F|  |TS425|AC  0|TAMS 0x0000000096500000, 0x0000000096500000|
| 278|0x0000000096600000, 0x0000000096600000, 0x0000000096700000|  0%| F|  |TS425|AC  0|TAMS 0x0000000096600000, 0x0000000096600000|
| 279|0x0000000096700000, 0x0000000096700000, 0x0000000096800000|  0%| F|  |TS425|AC  0|TAMS 0x0000000096700000, 0x0000000096700000|
| 280|0x0000000096800000, 0x0000000096800000, 0x0000000096900000|  0%| F|  |TS425|AC  0|TAMS 0x0000000096800000, 0x0000000096800000|
| 281|0x0000000096900000, 0x0000000096900000, 0x0000000096a00000|  0%| F|  |TS425|AC  0|TAMS 0x0000000096900000, 0x0000000096900000|
| 282|0x0000000096a00000, 0x0000000096a00000, 0x0000000096b00000|  0%| F|  |TS425|AC  0|TAMS 0x0000000096a00000, 0x0000000096a00000|
| 283|0x0000000096b00000, 0x0000000096b00000, 0x0000000096c00000|  0%| F|  |TS425|AC  0|TAMS 0x0000000096b00000, 0x0000000096b00000|
| 284|0x0000000096c00000, 0x0000000096c00000, 0x0000000096d00000|  0%| F|  |TS425|AC  0|TAMS 0x0000000096c00000, 0x0000000096c00000|
| 285|0x0000000096d00000, 0x0000000096d00000, 0x0000000096e00000|  0%| F|  |TS425|AC  0|TAMS 0x0000000096d00000, 0x0000000096d00000|
| 286|0x0000000096e00000, 0x0000000096e00000, 0x0000000096f00000|  0%| F|  |TS425|AC  0|TAMS 0x0000000096e00000, 0x0000000096e00000|
| 287|0x0000000096f00000, 0x0000000096f00000, 0x0000000097000000|  0%| F|  |TS425|AC  0|TAMS 0x0000000096f00000, 0x0000000096f00000|
| 288|0x0000000097000000, 0x0000000097000000, 0x0000000097100000|  0%| F|  |TS425|AC  0|TAMS 0x0000000097000000, 0x0000000097000000|
| 289|0x0000000097100000, 0x0000000097100000, 0x0000000097200000|  0%| F|  |TS425|AC  0|TAMS 0x0000000097100000, 0x0000000097100000|
| 290|0x0000000097200000, 0x0000000097200000, 0x0000000097300000|  0%| F|  |TS425|AC  0|TAMS 0x0000000097200000, 0x0000000097200000|
| 291|0x0000000097300000, 0x0000000097300000, 0x0000000097400000|  0%| F|  |TS425|AC  0|TAMS 0x0000000097300000, 0x0000000097300000|
| 292|0x0000000097400000, 0x0000000097400000, 0x0000000097500000|  0%| F|  |TS425|AC  0|TAMS 0x0000000097400000, 0x0000000097400000|
| 293|0x0000000097500000, 0x0000000097500000, 0x0000000097600000|  0%| F|  |TS425|AC  0|TAMS 0x0000000097500000, 0x0000000097500000|
| 294|0x0000000097600000, 0x0000000097600000, 0x0000000097700000|  0%| F|  |TS425|AC  0|TAMS 0x0000000097600000, 0x0000000097600000|
| 295|0x0000000097700000, 0x0000000097700000, 0x0000000097800000|  0%| F|  |TS425|AC  0|TAMS 0x0000000097700000, 0x0000000097700000|
| 296|0x0000000097800000, 0x0000000097800000, 0x0000000097900000|  0%| F|  |TS425|AC  0|TAMS 0x0000000097800000, 0x0000000097800000|
| 297|0x0000000097900000, 0x0000000097900000, 0x0000000097a00000|  0%| F|  |TS425|AC  0|TAMS 0x0000000097900000, 0x0000000097900000|
| 298|0x0000000097a00000, 0x0000000097a00000, 0x0000000097b00000|  0%| F|  |TS425|AC  0|TAMS 0x0000000097a00000, 0x0000000097a00000|
| 299|0x0000000097b00000, 0x0000000097b00000, 0x0000000097c00000|  0%| F|  |TS425|AC  0|TAMS 0x0000000097b00000, 0x0000000097b00000|
| 300|0x0000000097c00000, 0x0000000097c00000, 0x0000000097d00000|  0%| F|  |TS425|AC  0|TAMS 0x0000000097c00000, 0x0000000097c00000|
| 301|0x0000000097d00000, 0x0000000097d00000, 0x0000000097e00000|  0%| F|  |TS425|AC  0|TAMS 0x0000000097d00000, 0x0000000097d00000|
| 302|0x0000000097e00000, 0x0000000097e00000, 0x0000000097f00000|  0%| F|  |TS425|AC  0|TAMS 0x0000000097e00000, 0x0000000097e00000|
| 303|0x0000000097f00000, 0x0000000097f00000, 0x0000000098000000|  0%| F|  |TS425|AC  0|TAMS 0x0000000097f00000, 0x0000000097f00000|
| 304|0x0000000098000000, 0x0000000098000000, 0x0000000098100000|  0%| F|  |TS425|AC  0|TAMS 0x0000000098000000, 0x0000000098000000|
| 305|0x0000000098100000, 0x0000000098100000, 0x0000000098200000|  0%| F|  |TS425|AC  0|TAMS 0x0000000098100000, 0x0000000098100000|
| 306|0x0000000098200000, 0x0000000098200000, 0x0000000098300000|  0%| F|  |TS425|AC  0|TAMS 0x0000000098200000, 0x0000000098200000|
| 307|0x0000000098300000, 0x0000000098300000, 0x0000000098400000|  0%| F|  |TS425|AC  0|TAMS 0x0000000098300000, 0x0000000098300000|
| 308|0x0000000098400000, 0x0000000098400000, 0x0000000098500000|  0%| F|  |TS425|AC  0|TAMS 0x0000000098400000, 0x0000000098400000|
| 309|0x0000000098500000, 0x0000000098500000, 0x0000000098600000|  0%| F|  |TS425|AC  0|TAMS 0x0000000098500000, 0x0000000098500000|
| 310|0x0000000098600000, 0x0000000098600000, 0x0000000098700000|  0%| F|  |TS425|AC  0|TAMS 0x0000000098600000, 0x0000000098600000|
| 311|0x0000000098700000, 0x0000000098700000, 0x0000000098800000|  0%| F|  |TS425|AC  0|TAMS 0x0000000098700000, 0x0000000098700000|
| 312|0x0000000098800000, 0x0000000098800000, 0x0000000098900000|  0%| F|  |TS425|AC  0|TAMS 0x0000000098800000, 0x0000000098800000|
| 313|0x0000000098900000, 0x0000000098900000, 0x0000000098a00000|  0%| F|  |TS425|AC  0|TAMS 0x0000000098900000, 0x0000000098900000|
| 314|0x0000000098a00000, 0x0000000098a00000, 0x0000000098b00000|  0%| F|  |TS425|AC  0|TAMS 0x0000000098a00000, 0x0000000098a00000|
| 315|0x0000000098b00000, 0x0000000098b00000, 0x0000000098c00000|  0%| F|  |TS425|AC  0|TAMS 0x0000000098b00000, 0x0000000098b00000|
| 316|0x0000000098c00000, 0x0000000098c00000, 0x0000000098d00000|  0%| F|  |TS425|AC  0|TAMS 0x0000000098c00000, 0x0000000098c00000|
| 317|0x0000000098d00000, 0x0000000098d00000, 0x0000000098e00000|  0%| F|  |TS425|AC  0|TAMS 0x0000000098d00000, 0x0000000098d00000|
| 318|0x0000000098e00000, 0x0000000098e00000, 0x0000000098f00000|  0%| F|  |TS425|AC  0|TAMS 0x0000000098e00000, 0x0000000098e00000|
| 319|0x0000000098f00000, 0x0000000098f00000, 0x0000000099000000|  0%| F|  |TS425|AC  0|TAMS 0x0000000098f00000, 0x0000000098f00000|
| 320|0x0000000099000000, 0x0000000099000000, 0x0000000099100000|  0%| F|  |TS425|AC  0|TAMS 0x0000000099000000, 0x0000000099000000|
| 321|0x0000000099100000, 0x0000000099100000, 0x0000000099200000|  0%| F|  |TS425|AC  0|TAMS 0x0000000099100000, 0x0000000099100000|
| 322|0x0000000099200000, 0x0000000099200000, 0x0000000099300000|  0%| F|  |TS425|AC  0|TAMS 0x0000000099200000, 0x0000000099200000|
| 323|0x0000000099300000, 0x0000000099300000, 0x0000000099400000|  0%| F|  |TS425|AC  0|TAMS 0x0000000099300000, 0x0000000099300000|
| 324|0x0000000099400000, 0x0000000099400000, 0x0000000099500000|  0%| F|  |TS425|AC  0|TAMS 0x0000000099400000, 0x0000000099400000|
| 325|0x0000000099500000, 0x0000000099500000, 0x0000000099600000|  0%| F|  |TS425|AC  0|TAMS 0x0000000099500000, 0x0000000099500000|
| 326|0x0000000099600000, 0x0000000099600000, 0x0000000099700000|  0%| F|  |TS425|AC  0|TAMS 0x0000000099600000, 0x0000000099600000|
| 327|0x0000000099700000, 0x0000000099700000, 0x0000000099800000|  0%| F|  |TS425|AC  0|TAMS 0x0000000099700000, 0x0000000099700000|
| 328|0x0000000099800000, 0x0000000099800000, 0x0000000099900000|  0%| F|  |TS425|AC  0|TAMS 0x0000000099800000, 0x0000000099800000|
| 329|0x0000000099900000, 0x0000000099900000, 0x0000000099a00000|  0%| F|  |TS425|AC  0|TAMS 0x0000000099900000, 0x0000000099900000|
| 330|0x0000000099a00000, 0x0000000099a00000, 0x0000000099b00000|  0%| F|  |TS425|AC  0|TAMS 0x0000000099a00000, 0x0000000099a00000|
| 331|0x0000000099b00000, 0x0000000099b00000, 0x0000000099c00000|  0%| F|  |TS425|AC  0|TAMS 0x0000000099b00000, 0x0000000099b00000|
| 332|0x0000000099c00000, 0x0000000099c00000, 0x0000000099d00000|  0%| F|  |TS425|AC  0|TAMS 0x0000000099c00000, 0x0000000099c00000|
| 333|0x0000000099d00000, 0x0000000099d00000, 0x0000000099e00000|  0%| F|  |TS425|AC  0|TAMS 0x0000000099d00000, 0x0000000099d00000|
| 334|0x0000000099e00000, 0x0000000099e00000, 0x0000000099f00000|  0%| F|  |TS425|AC  0|TAMS 0x0000000099e00000, 0x0000000099e00000|
| 335|0x0000000099f00000, 0x0000000099f00000, 0x000000009a000000|  0%| F|  |TS425|AC  0|TAMS 0x0000000099f00000, 0x0000000099f00000|
| 336|0x000000009a000000, 0x000000009a000000, 0x000000009a100000|  0%| F|  |TS425|AC  0|TAMS 0x000000009a000000, 0x000000009a000000|
| 337|0x000000009a100000, 0x000000009a100000, 0x000000009a200000|  0%| F|  |TS425|AC  0|TAMS 0x000000009a100000, 0x000000009a100000|
| 338|0x000000009a200000, 0x000000009a200000, 0x000000009a300000|  0%| F|  |TS425|AC  0|TAMS 0x000000009a200000, 0x000000009a200000|
| 339|0x000000009a300000, 0x000000009a300000, 0x000000009a400000|  0%| F|  |TS425|AC  0|TAMS 0x000000009a300000, 0x000000009a300000|
| 340|0x000000009a400000, 0x000000009a400000, 0x000000009a500000|  0%| F|  |TS425|AC  0|TAMS 0x000000009a400000, 0x000000009a400000|
| 341|0x000000009a500000, 0x000000009a500000, 0x000000009a600000|  0%| F|  |TS425|AC  0|TAMS 0x000000009a500000, 0x000000009a500000|
| 342|0x000000009a600000, 0x000000009a600000, 0x000000009a700000|  0%| F|  |TS425|AC  0|TAMS 0x000000009a600000, 0x000000009a600000|
| 343|0x000000009a700000, 0x000000009a700000, 0x000000009a800000|  0%| F|  |TS425|AC  0|TAMS 0x000000009a700000, 0x000000009a700000|
| 344|0x000000009a800000, 0x000000009a800000, 0x000000009a900000|  0%| F|  |TS425|AC  0|TAMS 0x000000009a800000, 0x000000009a800000|
| 345|0x000000009a900000, 0x000000009a900000, 0x000000009aa00000|  0%| F|  |TS425|AC  0|TAMS 0x000000009a900000, 0x000000009a900000|
| 346|0x000000009aa00000, 0x000000009aa00000, 0x000000009ab00000|  0%| F|  |TS425|AC  0|TAMS 0x000000009aa00000, 0x000000009aa00000|
| 347|0x000000009ab00000, 0x000000009ab00000, 0x000000009ac00000|  0%| F|  |TS425|AC  0|TAMS 0x000000009ab00000, 0x000000009ab00000|
| 348|0x000000009ac00000, 0x000000009ac00000, 0x000000009ad00000|  0%| F|  |TS425|AC  0|TAMS 0x000000009ac00000, 0x000000009ac00000|
| 349|0x000000009ad00000, 0x000000009ad00000, 0x000000009ae00000|  0%| F|  |TS425|AC  0|TAMS 0x000000009ad00000, 0x000000009ad00000|
| 350|0x000000009ae00000, 0x000000009ae00000, 0x000000009af00000|  0%| F|  |TS425|AC  0|TAMS 0x000000009ae00000, 0x000000009ae00000|
| 351|0x000000009af00000, 0x000000009af00000, 0x000000009b000000|  0%| F|  |TS425|AC  0|TAMS 0x000000009af00000, 0x000000009af00000|
| 352|0x000000009b000000, 0x000000009b000000, 0x000000009b100000|  0%| F|  |TS425|AC  0|TAMS 0x000000009b000000, 0x000000009b000000|
| 353|0x000000009b100000, 0x000000009b100000, 0x000000009b200000|  0%| F|  |TS425|AC  0|TAMS 0x000000009b100000, 0x000000009b100000|
| 354|0x000000009b200000, 0x000000009b200000, 0x000000009b300000|  0%| F|  |TS425|AC  0|TAMS 0x000000009b200000, 0x000000009b200000|
| 355|0x000000009b300000, 0x000000009b300000, 0x000000009b400000|  0%| F|  |TS425|AC  0|TAMS 0x000000009b300000, 0x000000009b300000|
| 356|0x000000009b400000, 0x000000009b400000, 0x000000009b500000|  0%| F|  |TS425|AC  0|TAMS 0x000000009b400000, 0x000000009b400000|
| 357|0x000000009b500000, 0x000000009b500000, 0x000000009b600000|  0%| F|  |TS425|AC  0|TAMS 0x000000009b500000, 0x000000009b500000|
| 358|0x000000009b600000, 0x000000009b600000, 0x000000009b700000|  0%| F|  |TS425|AC  0|TAMS 0x000000009b600000, 0x000000009b600000|
| 359|0x000000009b700000, 0x000000009b700000, 0x000000009b800000|  0%| F|  |TS425|AC  0|TAMS 0x000000009b700000, 0x000000009b700000|
| 360|0x000000009b800000, 0x000000009b800000, 0x000000009b900000|  0%| F|  |TS425|AC  0|TAMS 0x000000009b800000, 0x000000009b800000|
| 361|0x000000009b900000, 0x000000009b900000, 0x000000009ba00000|  0%| F|  |TS425|AC  0|TAMS 0x000000009b900000, 0x000000009b900000|
| 362|0x000000009ba00000, 0x000000009ba00000, 0x000000009bb00000|  0%| F|  |TS425|AC  0|TAMS 0x000000009ba00000, 0x000000009ba00000|
| 363|0x000000009bb00000, 0x000000009bb00000, 0x000000009bc00000|  0%| F|  |TS425|AC  0|TAMS 0x000000009bb00000, 0x000000009bb00000|
| 364|0x000000009bc00000, 0x000000009bc00000, 0x000000009bd00000|  0%| F|  |TS425|AC  0|TAMS 0x000000009bc00000, 0x000000009bc00000|
| 365|0x000000009bd00000, 0x000000009bd00000, 0x000000009be00000|  0%| F|  |TS425|AC  0|TAMS 0x000000009bd00000, 0x000000009bd00000|
| 366|0x000000009be00000, 0x000000009be00000, 0x000000009bf00000|  0%| F|  |TS425|AC  0|TAMS 0x000000009be00000, 0x000000009be00000|
| 367|0x000000009bf00000, 0x000000009bf00000, 0x000000009c000000|  0%| F|  |TS425|AC  0|TAMS 0x000000009bf00000, 0x000000009bf00000|
| 368|0x000000009c000000, 0x000000009c000000, 0x000000009c100000|  0%| F|  |TS425|AC  0|TAMS 0x000000009c000000, 0x000000009c000000|
| 369|0x000000009c100000, 0x000000009c100000, 0x000000009c200000|  0%| F|  |TS425|AC  0|TAMS 0x000000009c100000, 0x000000009c100000|
| 370|0x000000009c200000, 0x000000009c200000, 0x000000009c300000|  0%| F|  |TS425|AC  0|TAMS 0x000000009c200000, 0x000000009c200000|
| 371|0x000000009c300000, 0x000000009c300000, 0x000000009c400000|  0%| F|  |TS425|AC  0|TAMS 0x000000009c300000, 0x000000009c300000|
| 372|0x000000009c400000, 0x000000009c400000, 0x000000009c500000|  0%| F|  |TS425|AC  0|TAMS 0x000000009c400000, 0x000000009c400000|
| 373|0x000000009c500000, 0x000000009c500000, 0x000000009c600000|  0%| F|  |TS425|AC  0|TAMS 0x000000009c500000, 0x000000009c500000|
| 374|0x000000009c600000, 0x000000009c600000, 0x000000009c700000|  0%| F|  |TS425|AC  0|TAMS 0x000000009c600000, 0x000000009c600000|
| 375|0x000000009c700000, 0x000000009c700000, 0x000000009c800000|  0%| F|  |TS425|AC  0|TAMS 0x000000009c700000, 0x000000009c700000|
| 376|0x000000009c800000, 0x000000009c800000, 0x000000009c900000|  0%| F|  |TS425|AC  0|TAMS 0x000000009c800000, 0x000000009c800000|
| 377|0x000000009c900000, 0x000000009c900000, 0x000000009ca00000|  0%| F|  |TS425|AC  0|TAMS 0x000000009c900000, 0x000000009c900000|
| 378|0x000000009ca00000, 0x000000009ca00000, 0x000000009cb00000|  0%| F|  |TS425|AC  0|TAMS 0x000000009ca00000, 0x000000009ca00000|
| 379|0x000000009cb00000, 0x000000009cb00000, 0x000000009cc00000|  0%| F|  |TS425|AC  0|TAMS 0x000000009cb00000, 0x000000009cb00000|
| 380|0x000000009cc00000, 0x000000009cc00000, 0x000000009cd00000|  0%| F|  |TS425|AC  0|TAMS 0x000000009cc00000, 0x000000009cc00000|
| 381|0x000000009cd00000, 0x000000009cd00000, 0x000000009ce00000|  0%| F|  |TS425|AC  0|TAMS 0x000000009cd00000, 0x000000009cd00000|
| 382|0x000000009ce00000, 0x000000009ce00000, 0x000000009cf00000|  0%| F|  |TS425|AC  0|TAMS 0x000000009ce00000, 0x000000009ce00000|
| 383|0x000000009cf00000, 0x000000009cf00000, 0x000000009d000000|  0%| F|  |TS425|AC  0|TAMS 0x000000009cf00000, 0x000000009cf00000|
| 384|0x000000009d000000, 0x000000009d000000, 0x000000009d100000|  0%| F|  |TS425|AC  0|TAMS 0x000000009d000000, 0x000000009d000000|
| 385|0x000000009d100000, 0x000000009d100000, 0x000000009d200000|  0%| F|  |TS425|AC  0|TAMS 0x000000009d100000, 0x000000009d100000|
| 386|0x000000009d200000, 0x000000009d200000, 0x000000009d300000|  0%| F|  |TS425|AC  0|TAMS 0x000000009d200000, 0x000000009d200000|
| 387|0x000000009d300000, 0x000000009d300000, 0x000000009d400000|  0%| F|  |TS425|AC  0|TAMS 0x000000009d300000, 0x000000009d300000|
| 388|0x000000009d400000, 0x000000009d400000, 0x000000009d500000|  0%| F|  |TS425|AC  0|TAMS 0x000000009d400000, 0x000000009d400000|
| 389|0x000000009d500000, 0x000000009d500000, 0x000000009d600000|  0%| F|  |TS425|AC  0|TAMS 0x000000009d500000, 0x000000009d500000|
| 390|0x000000009d600000, 0x000000009d600000, 0x000000009d700000|  0%| F|  |TS425|AC  0|TAMS 0x000000009d600000, 0x000000009d600000|
| 391|0x000000009d700000, 0x000000009d700000, 0x000000009d800000|  0%| F|  |TS425|AC  0|TAMS 0x000000009d700000, 0x000000009d700000|
| 392|0x000000009d800000, 0x000000009d800000, 0x000000009d900000|  0%| F|  |TS425|AC  0|TAMS 0x000000009d800000, 0x000000009d800000|
| 393|0x000000009d900000, 0x000000009d900000, 0x000000009da00000|  0%| F|  |TS425|AC  0|TAMS 0x000000009d900000, 0x000000009d900000|
| 394|0x000000009da00000, 0x000000009da00000, 0x000000009db00000|  0%| F|  |TS425|AC  0|TAMS 0x000000009da00000, 0x000000009da00000|

Card table byte_map: [0x00007fb174cb5000,0x00007fb17508d000] byte_map_base: 0x00007fb17488d000

Marking Bits (Prev, Next): (CMBitMap*) 0x00007fb19006b2b0, (CMBitMap*) 0x00007fb19006b2e8
 Prev Bits: [0x00007fb12e140000, 0x00007fb130000000)
 Next Bits: [0x00007fb12c280000, 0x00007fb12e140000)

Polling page: 0x00007fb197faf000

CodeHeap 'non-profiled nmethods': size=120032Kb used=749Kb max_used=758Kb free=119282Kb
 bounds [0x00007fb17d60b000, 0x00007fb17d87b000, 0x00007fb184b43000]
CodeHeap 'profiled nmethods': size=120028Kb used=1170Kb max_used=1887Kb free=118857Kb
 bounds [0x00007fb1760d4000, 0x00007fb176344000, 0x00007fb17d60b000]
CodeHeap 'non-nmethods': size=5700Kb used=1198Kb max_used=1246Kb free=4501Kb
 bounds [0x00007fb175b43000, 0x00007fb175db3000, 0x00007fb1760d4000]
 total_blobs=1402 nmethods=647 adapters=276
 compilation: enabled

Compilation events (10 events):
Event: 44.301 Thread 0x00007fb19019c000  746       4       jdk.internal.misc.Unsafe::allocateUninitializedArray (52 bytes)
Event: 44.303 Thread 0x00007fb19019c000 nmethod 746 0x00007fb17d632790 code [0x00007fb17d632940, 0x00007fb17d632af8]
Event: 45.503 Thread 0x00007fb19019a000  747       4       jdk.internal.misc.Unsafe::allocateUninitializedArray (52 bytes)
Event: 45.505 Thread 0x00007fb19019a000 nmethod 747 0x00007fb17d632310 code [0x00007fb17d6324a0, 0x00007fb17d632638]
Event: 51.277 Thread 0x00007fb190196000  748       4       java.nio.Buffer::position (55 bytes)
Event: 51.290 Thread 0x00007fb190196000 nmethod 748 0x00007fb17d614d90 code [0x00007fb17d614f20, 0x00007fb17d614ff8]
Event: 51.411 Thread 0x00007fb19019c000  749       4       java.nio.ByteBuffer::arrayOffset (35 bytes)
Event: 51.412 Thread 0x00007fb19019c000 nmethod 749 0x00007fb17d61b310 code [0x00007fb17d61b4a0, 0x00007fb17d61b538]
Event: 69.200 Thread 0x00007fb19019a000  750       4       java.util.regex.Pattern$Node::study (21 bytes)
Event: 87.992 Thread 0x00007fb19019a000 nmethod 750 0x00007fb17d627710 code [0x00007fb17d6278c0, 0x00007fb17d6279c8]

GC Heap History (10 events):
Event: 51.424 GC heap after
{Heap after GC invocations=208 (full 0):
 garbage-first heap   total 404480K, used 2101K [0x0000000085000000, 0x0000000085100c58, 0x0000000100000000)
  region size 1024K, 1 young (1024K), 1 survivors (1024K)
 Metaspace       used 8098K, capacity 8312K, committed 8448K, reserved 1056768K
  class space    used 687K, capacity 745K, committed 768K, reserved 1048576K
}
Event: 61.046 GC heap before
{Heap before GC invocations=208 (full 0):
 garbage-first heap   total 404480K, used 243765K [0x0000000085000000, 0x0000000085100c58, 0x0000000100000000)
  region size 1024K, 237 young (242688K), 1 survivors (1024K)
 Metaspace       used 8098K, capacity 8312K, committed 8448K, reserved 1056768K
  class space    used 687K, capacity 745K, committed 768K, reserved 1048576K
}
Event: 61.539 GC heap after
{Heap after GC invocations=209 (full 0):
 garbage-first heap   total 404480K, used 2105K [0x0000000085000000, 0x0000000085100c58, 0x0000000100000000)
  region size 1024K, 1 young (1024K), 1 survivors (1024K)
 Metaspace       used 8098K, capacity 8312K, committed 8448K, reserved 1056768K
  class space    used 687K, capacity 745K, committed 768K, reserved 1048576K
}
Event: 71.974 GC heap before
{Heap before GC invocations=209 (full 0):
 garbage-first heap   total 404480K, used 243769K [0x0000000085000000, 0x0000000085100c58, 0x0000000100000000)
  region size 1024K, 237 young (242688K), 1 survivors (1024K)
 Metaspace       used 8098K, capacity 8312K, committed 8448K, reserved 1056768K
  class space    used 687K, capacity 745K, committed 768K, reserved 1048576K
}
Event: 72.548 GC heap after
{Heap after GC invocations=210 (full 0):
 garbage-first heap   total 404480K, used 2107K [0x0000000085000000, 0x0000000085100c58, 0x0000000100000000)
  region size 1024K, 1 young (1024K), 1 survivors (1024K)
 Metaspace       used 8098K, capacity 8312K, committed 8448K, reserved 1056768K
  class space    used 687K, capacity 745K, committed 768K, reserved 1048576K
}
Event: 78.072 GC heap before
{Heap before GC invocations=210 (full 0):
 garbage-first heap   total 404480K, used 243771K [0x0000000085000000, 0x0000000085100c58, 0x0000000100000000)
  region size 1024K, 237 young (242688K), 1 survivors (1024K)
 Metaspace       used 8098K, capacity 8312K, committed 8448K, reserved 1056768K
  class space    used 687K, capacity 745K, committed 768K, reserved 1048576K
}
Event: 78.801 GC heap after
{Heap after GC invocations=211 (full 0):
 garbage-first heap   total 404480K, used 2095K [0x0000000085000000, 0x0000000085100c58, 0x0000000100000000)
  region size 1024K, 1 young (1024K), 1 survivors (1024K)
 Metaspace       used 8098K, capacity 8312K, committed 8448K, reserved 1056768K
  class space    used 687K, capacity 745K, committed 768K, reserved 1048576K
}
Event: 84.680 GC heap before
{Heap before GC invocations=211 (full 0):
 garbage-first heap   total 404480K, used 243759K [0x0000000085000000, 0x0000000085100c58, 0x0000000100000000)
  region size 1024K, 237 young (242688K), 1 survivors (1024K)
 Metaspace       used 8098K, capacity 8312K, committed 8448K, reserved 1056768K
  class space    used 687K, capacity 745K, committed 768K, reserved 1048576K
}
Event: 85.776 GC heap after
{Heap after GC invocations=212 (full 0):
 garbage-first heap   total 404480K, used 2111K [0x0000000085000000, 0x0000000085100c58, 0x0000000100000000)
  region size 1024K, 1 young (1024K), 1 survivors (1024K)
 Metaspace       used 8098K, capacity 8312K, committed 8448K, reserved 1056768K
  class space    used 687K, capacity 745K, committed 768K, reserved 1048576K
}
Event: 92.466 GC heap before
{Heap before GC invocations=212 (full 0):
 garbage-first heap   total 404480K, used 243775K [0x0000000085000000, 0x0000000085100c58, 0x0000000100000000)
  region size 1024K, 237 young (242688K), 1 survivors (1024K)
 Metaspace       used 8098K, capacity 8312K, committed 8448K, reserved 1056768K
  class space    used 687K, capacity 745K, committed 768K, reserved 1048576K
}

Deoptimization events (10 events):
Event: 2.952 Thread 0x00007fb190013800 Uncommon trap: reason=array_check action=maybe_recompile pc=0x00007fb17d6642f0 method=java.util.AbstractCollection.toArray([Ljava/lang/Object;)[Ljava/lang/Object; @ 116 c2
Event: 2.952 Thread 0x00007fb190013800 Uncommon trap: reason=array_check action=maybe_recompile pc=0x00007fb17d6642f0 method=java.util.AbstractCollection.toArray([Ljava/lang/Object;)[Ljava/lang/Object; @ 116 c2
Event: 2.952 Thread 0x00007fb190013800 Uncommon trap: reason=array_check action=maybe_recompile pc=0x00007fb17d6642f0 method=java.util.AbstractCollection.toArray([Ljava/lang/Object;)[Ljava/lang/Object; @ 116 c2
Event: 2.952 Thread 0x00007fb190013800 Uncommon trap: reason=array_check action=maybe_recompile pc=0x00007fb17d6642f0 method=java.util.AbstractCollection.toArray([Ljava/lang/Object;)[Ljava/lang/Object; @ 116 c2
Event: 40.417 Thread 0x00007fb190013800 Uncommon trap: reason=unstable_if action=reinterpret pc=0x00007fb17d6ac2fc method=com.company.Utillity.removeOperator(I[Lcom/company/planStep;)[Lcom/company/planStep; @ 29 c2
Event: 40.417 Thread 0x00007fb190013800 Uncommon trap: reason=unstable_if action=reinterpret pc=0x00007fb17d65c608 method=com.company.Utillity.removeOperator(I[Lcom/company/planStep;)[Lcom/company/planStep; @ 29 c2
Event: 44.371 Thread 0x00007fb190013800 Uncommon trap: reason=class_check action=maybe_recompile pc=0x00007fb17d632a30 method=jdk.internal.misc.Unsafe.allocateUninitializedArray(Ljava/lang/Class;I)Ljava/lang/Object; @ 48 c2
Event: 44.371 Thread 0x00007fb190013800 Uncommon trap: reason=class_check action=maybe_recompile pc=0x00007fb17d632a30 method=jdk.internal.misc.Unsafe.allocateUninitializedArray(Ljava/lang/Class;I)Ljava/lang/Object; @ 48 c2
Event: 44.371 Thread 0x00007fb190013800 Uncommon trap: reason=class_check action=maybe_recompile pc=0x00007fb17d632a30 method=jdk.internal.misc.Unsafe.allocateUninitializedArray(Ljava/lang/Class;I)Ljava/lang/Object; @ 48 c2
Event: 44.371 Thread 0x00007fb190013800 Uncommon trap: reason=class_check action=maybe_recompile pc=0x00007fb17d632a30 method=jdk.internal.misc.Unsafe.allocateUninitializedArray(Ljava/lang/Class;I)Ljava/lang/Object; @ 48 c2

Classes redefined (0 events):
No events

Internal exceptions (6 events):
Event: 0.189 Thread 0x00007fb190013800 Exception <a 'java/lang/NoSuchMethodError'{0x000000008c7600b8}: java.lang.Object.lambda$negate$3(I)Z> (0x000000008c7600b8) thrown at [/scratch/opt/mach5/mesos/work_dir/slaves/5af44a71-976a-41b7-81de-5773b84ec572-S39643/frameworks/1735e8a2-a1db-478c-8104-6
Event: 0.190 Thread 0x00007fb190013800 Exception <a 'java/lang/NoSuchMethodError'{0x000000008c763510}: java.lang.Object.lambda$and$0(Ljava/util/regex/Pattern$CharPredicate;I)Z> (0x000000008c763510) thrown at [/scratch/opt/mach5/mesos/work_dir/slaves/5af44a71-976a-41b7-81de-5773b84ec572-S39643/
Event: 0.211 Thread 0x00007fb190013800 Exception <a 'java/lang/NoSuchMethodError'{0x000000008c63a498}: java.lang.Object.lambda$union$2(Ljava/util/regex/Pattern$CharPredicate;I)Z> (0x000000008c63a498) thrown at [/scratch/opt/mach5/mesos/work_dir/slaves/5af44a71-976a-41b7-81de-5773b84ec572-S3964
Event: 2.195 Thread 0x00007fb190013800 Exception <a 'java/lang/NoSuchMethodError'{0x000000008bc519d8}: java.lang.invoke.DirectMethodHandle$Holder.invokeStatic(Ljava/lang/Object;Ljava/lang/Object;Ljava/lang/Object;Ljava/lang/Object;Ljava/lang/Object;Ljava/lang/Object;Ljava/lang/Object;Ljava/lan
Event: 2.198 Thread 0x00007fb190013800 Exception <a 'java/lang/NoSuchMethodError'{0x000000008bc6f5f0}: java.lang.invoke.DirectMethodHandle$Holder.invokeStatic(Ljava/lang/Object;Ljava/lang/Object;Ljava/lang/Object;Ljava/lang/Object;Ljava/lang/Object;Ljava/lang/Object;Ljava/lang/Object;Ljava/lan
Event: 2.206 Thread 0x00007fb190013800 Exception <a 'java/lang/NoSuchMethodError'{0x000000008bcb5848}: java.lang.invoke.DirectMethodHandle$Holder.invokeStatic(Ljava/lang/Object;Ljava/lang/Object;Ljava/lang/Object;Ljava/lang/Object;Ljava/lang/Object;Ljava/lang/Object;Ljava/lang/Object;Ljava/lan

Events (10 events):
Event: 51.424 Executing VM operation: G1IncCollectionPause done
Event: 60.952 Executing VM operation: G1IncCollectionPause
Event: 61.647 Executing VM operation: G1IncCollectionPause done
Event: 71.434 Executing VM operation: G1IncCollectionPause
Event: 72.659 Executing VM operation: G1IncCollectionPause done
Event: 77.155 Executing VM operation: G1IncCollectionPause
Event: 78.939 Executing VM operation: G1IncCollectionPause done
Event: 84.504 Executing VM operation: G1IncCollectionPause
Event: 85.882 Executing VM operation: G1IncCollectionPause done
Event: 92.126 Executing VM operation: G1IncCollectionPause


Dynamic libraries:
00400000-00401000 r-xp 00000000 103:05 1058277                           /usr/lib/jvm/java-9-jdk/bin/java
00600000-00601000 rw-p 00000000 103:05 1058277                           /usr/lib/jvm/java-9-jdk/bin/java
02011000-02032000 rw-p 00000000 00:00 0                                  [heap]
85000000-9db00000 rw-p 00000000 00:00 0 
b1600000-100000000 ---p 00000000 00:00 0 
100000000-1000c0000 rw-p 00000000 00:00 0 
1000c0000-140000000 ---p 00000000 00:00 0 
7fb0e0000000-7fb0e0023000 rw-p 00000000 00:00 0 
7fb0e0023000-7fb0e4000000 ---p 00000000 00:00 0 
7fb0e8000000-7fb0e8021000 rw-p 00000000 00:00 0 
7fb0e8021000-7fb0ec000000 ---p 00000000 00:00 0 
7fb0ec000000-7fb0ec021000 rw-p 00000000 00:00 0 
7fb0ec021000-7fb0f0000000 ---p 00000000 00:00 0 
7fb0f0000000-7fb0f0021000 rw-p 00000000 00:00 0 
7fb0f0021000-7fb0f4000000 ---p 00000000 00:00 0 
7fb0f4000000-7fb0f4021000 rw-p 00000000 00:00 0 
7fb0f4021000-7fb0f8000000 ---p 00000000 00:00 0 
7fb0f8000000-7fb0f8485000 rw-p 00000000 00:00 0 
7fb0f8485000-7fb0fc000000 ---p 00000000 00:00 0 
7fb0fc000000-7fb0fc021000 rw-p 00000000 00:00 0 
7fb0fc021000-7fb100000000 ---p 00000000 00:00 0 
7fb100000000-7fb1009d3000 rw-p 00000000 00:00 0 
7fb1009d3000-7fb104000000 ---p 00000000 00:00 0 
7fb104000000-7fb1049e9000 rw-p 00000000 00:00 0 
7fb1049e9000-7fb108000000 ---p 00000000 00:00 0 
7fb108000000-7fb108021000 rw-p 00000000 00:00 0 
7fb108021000-7fb10c000000 ---p 00000000 00:00 0 
7fb10c000000-7fb10d7fa000 rw-p 00000000 00:00 0 
7fb10d7fa000-7fb110000000 ---p 00000000 00:00 0 
7fb110000000-7fb110021000 rw-p 00000000 00:00 0 
7fb110021000-7fb114000000 ---p 00000000 00:00 0 
7fb114000000-7fb114021000 rw-p 00000000 00:00 0 
7fb114021000-7fb118000000 ---p 00000000 00:00 0 
7fb118000000-7fb118420000 rw-p 00000000 00:00 0 
7fb118420000-7fb11c000000 ---p 00000000 00:00 0 
7fb11c1e2000-7fb11c1e6000 ---p 00000000 00:00 0 
7fb11c1e6000-7fb11c2e3000 rw-p 00000000 00:00 0 
7fb11c2e3000-7fb11c2e4000 ---p 00000000 00:00 0 
7fb11c2e4000-7fb11c3e5000 rw-p 00000000 00:00 0 
7fb11c3e5000-7fb11c3e9000 ---p 00000000 00:00 0 
7fb11c3e9000-7fb11c4e6000 rw-p 00000000 00:00 0 
7fb11c4e6000-7fb11c4ea000 ---p 00000000 00:00 0 
7fb11c4ea000-7fb11c5e7000 rw-p 00000000 00:00 0 
7fb11c5e7000-7fb11c5eb000 ---p 00000000 00:00 0 
7fb11c5eb000-7fb11c6e8000 rw-p 00000000 00:00 0 
7fb11c6e8000-7fb11c6fe000 r-xp 00000000 103:05 1058558                   /usr/lib/jvm/java-9-jdk/lib/libnet.so
7fb11c6fe000-7fb11c8fe000 ---p 00016000 103:05 1058558                   /usr/lib/jvm/java-9-jdk/lib/libnet.so
7fb11c8fe000-7fb11c8ff000 rw-p 00016000 103:05 1058558                   /usr/lib/jvm/java-9-jdk/lib/libnet.so
7fb11c8ff000-7fb11c90f000 r-xp 00000000 103:05 1058559                   /usr/lib/jvm/java-9-jdk/lib/libnio.so
7fb11c90f000-7fb11cb0f000 ---p 00010000 103:05 1058559                   /usr/lib/jvm/java-9-jdk/lib/libnio.so
7fb11cb0f000-7fb11cb10000 rw-p 00010000 103:05 1058559                   /usr/lib/jvm/java-9-jdk/lib/libnio.so
7fb11cb10000-7fb11cb14000 ---p 00000000 00:00 0 
7fb11cb14000-7fb11cc11000 rw-p 00000000 00:00 0 
7fb11cc11000-7fb11cc15000 ---p 00000000 00:00 0 
7fb11cc15000-7fb11cd12000 rw-p 00000000 00:00 0 
7fb11cd12000-7fb11cd16000 ---p 00000000 00:00 0 
7fb11cd16000-7fb11ce13000 rw-p 00000000 00:00 0 
7fb11ce13000-7fb11ce17000 ---p 00000000 00:00 0 
7fb11ce17000-7fb11cf14000 rw-p 00000000 00:00 0 
7fb11cf14000-7fb11cf18000 ---p 00000000 00:00 0 
7fb11cf18000-7fb11d015000 rw-p 00000000 00:00 0 
7fb11d015000-7fb11d019000 ---p 00000000 00:00 0 
7fb11d019000-7fb11d116000 rw-p 00000000 00:00 0 
7fb11d116000-7fb11d3fb000 r--p 00000000 103:05 439860                    /usr/lib/locale/locale-archive
7fb11d3fb000-7fb11d3ff000 ---p 00000000 00:00 0 
7fb11d3ff000-7fb11d4fc000 rw-p 00000000 00:00 0 
7fb11d4fc000-7fb11d500000 ---p 00000000 00:00 0 
7fb11d500000-7fb11d5fd000 rw-p 00000000 00:00 0 
7fb11d5fd000-7fb11d5fe000 ---p 00000000 00:00 0 
7fb11d5fe000-7fb11de7f000 rw-p 00000000 00:00 0 
7fb11de7f000-7fb11deff000 ---p 00000000 00:00 0 
7fb11deff000-7fb11e000000 rw-p 00000000 00:00 0 
7fb11e000000-7fb120000000 rwxp 00000000 00:00 0 
7fb120000000-7fb120021000 rw-p 00000000 00:00 0 
7fb120021000-7fb124000000 ---p 00000000 00:00 0 
7fb124000000-7fb124021000 rw-p 00000000 00:00 0 
7fb124021000-7fb128000000 ---p 00000000 00:00 0 
7fb128000000-7fb128021000 rw-p 00000000 00:00 0 
7fb128021000-7fb12c000000 ---p 00000000 00:00 0 
7fb12c07e000-7fb12c8ac000 rw-p 00000000 00:00 0 
7fb12c8ac000-7fb12e140000 ---p 00000000 00:00 0 
7fb12e140000-7fb12e76c000 rw-p 00000000 00:00 0 
7fb12e76c000-7fb130000000 ---p 00000000 00:00 0 
7fb130000000-7fb130021000 rw-p 00000000 00:00 0 
7fb130021000-7fb134000000 ---p 00000000 00:00 0 
7fb134000000-7fb134021000 rw-p 00000000 00:00 0 
7fb134021000-7fb138000000 ---p 00000000 00:00 0 
7fb138000000-7fb138021000 rw-p 00000000 00:00 0 
7fb138021000-7fb13c000000 ---p 00000000 00:00 0 
7fb13c000000-7fb13c021000 rw-p 00000000 00:00 0 
7fb13c021000-7fb140000000 ---p 00000000 00:00 0 
7fb140000000-7fb140021000 rw-p 00000000 00:00 0 
7fb140021000-7fb144000000 ---p 00000000 00:00 0 
7fb144000000-7fb144021000 rw-p 00000000 00:00 0 
7fb144021000-7fb148000000 ---p 00000000 00:00 0 
7fb148000000-7fb148021000 rw-p 00000000 00:00 0 
7fb148021000-7fb14c000000 ---p 00000000 00:00 0 
7fb14c000000-7fb14c021000 rw-p 00000000 00:00 0 
7fb14c021000-7fb150000000 ---p 00000000 00:00 0 
7fb150000000-7fb150021000 rw-p 00000000 00:00 0 
7fb150021000-7fb154000000 ---p 00000000 00:00 0 
7fb154000000-7fb154021000 rw-p 00000000 00:00 0 
7fb154021000-7fb158000000 ---p 00000000 00:00 0 
7fb158000000-7fb158021000 rw-p 00000000 00:00 0 
7fb158021000-7fb15c000000 ---p 00000000 00:00 0 
7fb15c000000-7fb15c021000 rw-p 00000000 00:00 0 
7fb15c021000-7fb160000000 ---p 00000000 00:00 0 
7fb160000000-7fb160021000 rw-p 00000000 00:00 0 
7fb160021000-7fb164000000 ---p 00000000 00:00 0 
7fb164000000-7fb164021000 rw-p 00000000 00:00 0 
7fb164021000-7fb168000000 ---p 00000000 00:00 0 
7fb168000000-7fb168021000 rw-p 00000000 00:00 0 
7fb168021000-7fb16c000000 ---p 00000000 00:00 0 
7fb16c000000-7fb16c021000 rw-p 00000000 00:00 0 
7fb16c021000-7fb170000000 ---p 00000000 00:00 0 
7fb170000000-7fb170021000 rw-p 00000000 00:00 0 
7fb170021000-7fb174000000 ---p 00000000 00:00 0 
7fb174001000-7fb1745d7000 rw-p 00000000 00:00 0 
7fb1745d7000-7fb1745d8000 ---p 00000000 00:00 0 
7fb1745d8000-7fb1746d9000 rw-p 00000000 00:00 0 
7fb1746d9000-7fb1746da000 ---p 00000000 00:00 0 
7fb1746da000-7fb1747db000 rw-p 00000000 00:00 0 
7fb1747db000-7fb1747dc000 ---p 00000000 00:00 0 
7fb1747dc000-7fb1749a3000 rw-p 00000000 00:00 0 
7fb1749a3000-7fb174cb5000 ---p 00000000 00:00 0 
7fb174cb5000-7fb174d7b000 rw-p 00000000 00:00 0 
7fb174d7b000-7fb175465000 ---p 00000000 00:00 0 
7fb175465000-7fb17552b000 rw-p 00000000 00:00 0 
7fb17552b000-7fb17583d000 ---p 00000000 00:00 0 
7fb17583d000-7fb17583e000 ---p 00000000 00:00 0 
7fb17583e000-7fb17593f000 rw-p 00000000 00:00 0 
7fb17593f000-7fb175940000 ---p 00000000 00:00 0 
7fb175940000-7fb175a41000 rw-p 00000000 00:00 0 
7fb175a41000-7fb175a42000 ---p 00000000 00:00 0 
7fb175a42000-7fb175b43000 rw-p 00000000 00:00 0 
7fb175b43000-7fb175db3000 rwxp 00000000 00:00 0 
7fb175db3000-7fb1760d4000 ---p 00000000 00:00 0 
7fb1760d4000-7fb176344000 rwxp 00000000 00:00 0 
7fb176344000-7fb17d60b000 ---p 00000000 00:00 0 
7fb17d60b000-7fb17d87b000 rwxp 00000000 00:00 0 
7fb17d87b000-7fb184b43000 ---p 00000000 00:00 0 
7fb184b43000-7fb190000000 r--s 00000000 103:05 1058598                   /usr/lib/jvm/java-9-jdk/lib/modules
7fb190000000-7fb1906ff000 rw-p 00000000 00:00 0 
7fb1906ff000-7fb194000000 ---p 00000000 00:00 0 
7fb19403e000-7fb1940fb000 rw-p 00000000 00:00 0 
7fb1940fb000-7fb1940fc000 ---p 00000000 00:00 0 
7fb1940fc000-7fb1941fd000 rw-p 00000000 00:00 0 
7fb1941fd000-7fb1941fe000 ---p 00000000 00:00 0 
7fb1941fe000-7fb1942ff000 rw-p 00000000 00:00 0 
7fb1942ff000-7fb194300000 ---p 00000000 00:00 0 
7fb194300000-7fb194401000 rw-p 00000000 00:00 0 
7fb194401000-7fb194402000 ---p 00000000 00:00 0 
7fb194402000-7fb194503000 rw-p 00000000 00:00 0 
7fb194503000-7fb194504000 ---p 00000000 00:00 0 
7fb194504000-7fb194605000 rw-p 00000000 00:00 0 
7fb194605000-7fb194606000 ---p 00000000 00:00 0 
7fb194606000-7fb194f0f000 rw-p 00000000 00:00 0 
7fb194f0f000-7fb194f10000 ---p 00000000 00:00 0 
7fb194f10000-7fb195011000 rw-p 00000000 00:00 0 
7fb195011000-7fb195012000 ---p 00000000 00:00 0 
7fb195012000-7fb195113000 rw-p 00000000 00:00 0 
7fb195113000-7fb195114000 ---p 00000000 00:00 0 
7fb195114000-7fb195215000 rw-p 00000000 00:00 0 
7fb195215000-7fb195216000 ---p 00000000 00:00 0 
7fb195216000-7fb195317000 rw-p 00000000 00:00 0 
7fb195317000-7fb195318000 ---p 00000000 00:00 0 
7fb195318000-7fb195419000 rw-p 00000000 00:00 0 
7fb195419000-7fb19541a000 ---p 00000000 00:00 0 
7fb19541a000-7fb19551b000 rw-p 00000000 00:00 0 
7fb19551b000-7fb19551c000 ---p 00000000 00:00 0 
7fb19551c000-7fb19561d000 rw-p 00000000 00:00 0 
7fb19561d000-7fb19561e000 ---p 00000000 00:00 0 
7fb19561e000-7fb195724000 rw-p 00000000 00:00 0 
7fb195724000-7fb19580a000 ---p 00000000 00:00 0 
7fb19580a000-7fb19580f000 rw-p 00000000 00:00 0 
7fb19580f000-7fb1958f5000 ---p 00000000 00:00 0 
7fb1958f5000-7fb19590f000 r-xp 00000000 103:05 1058548                   /usr/lib/jvm/java-9-jdk/lib/libjimage.so
7fb19590f000-7fb195b0e000 ---p 0001a000 103:05 1058548                   /usr/lib/jvm/java-9-jdk/lib/libjimage.so
7fb195b0e000-7fb195b10000 rw-p 00019000 103:05 1058548                   /usr/lib/jvm/java-9-jdk/lib/libjimage.so
7fb195b10000-7fb195b22000 rw-p 00000000 00:00 0 
7fb195b22000-7fb195b29000 r-xp 00000000 103:05 1058574                   /usr/lib/jvm/java-9-jdk/lib/libzip.so
7fb195b29000-7fb195d28000 ---p 00007000 103:05 1058574                   /usr/lib/jvm/java-9-jdk/lib/libzip.so
7fb195d28000-7fb195d29000 rw-p 00006000 103:05 1058574                   /usr/lib/jvm/java-9-jdk/lib/libzip.so
7fb195d29000-7fb195d33000 r-xp 00000000 103:05 1058531                   /usr/lib/jvm/java-9-jdk/lib/libinstrument.so
7fb195d33000-7fb195f32000 ---p 0000a000 103:05 1058531                   /usr/lib/jvm/java-9-jdk/lib/libinstrument.so
7fb195f32000-7fb195f33000 rw-p 00009000 103:05 1058531                   /usr/lib/jvm/java-9-jdk/lib/libinstrument.so
7fb195f33000-7fb195f5e000 r-xp 00000000 103:05 1058536                   /usr/lib/jvm/java-9-jdk/lib/libjava.so
7fb195f5e000-7fb19615d000 ---p 0002b000 103:05 1058536                   /usr/lib/jvm/java-9-jdk/lib/libjava.so
7fb19615d000-7fb19615f000 rw-p 0002a000 103:05 1058536                   /usr/lib/jvm/java-9-jdk/lib/libjava.so
7fb19615f000-7fb19616c000 r-xp 00000000 103:05 1058573                   /usr/lib/jvm/java-9-jdk/lib/libverify.so
7fb19616c000-7fb19636b000 ---p 0000d000 103:05 1058573                   /usr/lib/jvm/java-9-jdk/lib/libverify.so
7fb19636b000-7fb19636d000 rw-p 0000c000 103:05 1058573                   /usr/lib/jvm/java-9-jdk/lib/libverify.so
7fb19636d000-7fb19636f000 r--p 00000000 103:05 396670                    /usr/lib/librt-2.29.so
7fb19636f000-7fb196373000 r-xp 00002000 103:05 396670                    /usr/lib/librt-2.29.so
7fb196373000-7fb196375000 r--p 00006000 103:05 396670                    /usr/lib/librt-2.29.so
7fb196375000-7fb196376000 r--p 00007000 103:05 396670                    /usr/lib/librt-2.29.so
7fb196376000-7fb196377000 rw-p 00008000 103:05 396670                    /usr/lib/librt-2.29.so
7fb196377000-7fb196378000 ---p 00000000 00:00 0 
7fb196378000-7fb196379000 rw-p 00000000 00:00 0 
7fb196379000-7fb19637d000 ---p 00000000 00:00 0 
7fb19637d000-7fb196478000 rw-p 00000000 00:00 0 
7fb196478000-7fb196485000 r--p 00000000 103:05 396624                    /usr/lib/libm-2.29.so
7fb196485000-7fb196521000 r-xp 0000d000 103:05 396624                    /usr/lib/libm-2.29.so
7fb196521000-7fb1965bc000 r--p 000a9000 103:05 396624                    /usr/lib/libm-2.29.so
7fb1965bc000-7fb1965bd000 r--p 00143000 103:05 396624                    /usr/lib/libm-2.29.so
7fb1965bd000-7fb1965be000 rw-p 00144000 103:05 396624                    /usr/lib/libm-2.29.so
7fb1965be000-7fb1975d3000 r-xp 00000000 103:05 1456646                   /usr/lib/jvm/java-9-jdk/lib/server/libjvm.so
7fb1975d3000-7fb1977d2000 ---p 01015000 103:05 1456646                   /usr/lib/jvm/java-9-jdk/lib/server/libjvm.so
7fb1977d2000-7fb1978a3000 r--p 01014000 103:05 1456646                   /usr/lib/jvm/java-9-jdk/lib/server/libjvm.so
7fb1978a3000-7fb1978da000 rw-p 010e5000 103:05 1456646                   /usr/lib/jvm/java-9-jdk/lib/server/libjvm.so
7fb1978da000-7fb197945000 rw-p 00000000 00:00 0 
7fb197945000-7fb197967000 r--p 00000000 103:05 396602                    /usr/lib/libc-2.29.so
7fb197967000-7fb197ab3000 r-xp 00022000 103:05 396602                    /usr/lib/libc-2.29.so
7fb197ab3000-7fb197aff000 r--p 0016e000 103:05 396602                    /usr/lib/libc-2.29.so
7fb197aff000-7fb197b00000 ---p 001ba000 103:05 396602                    /usr/lib/libc-2.29.so
7fb197b00000-7fb197b04000 r--p 001ba000 103:05 396602                    /usr/lib/libc-2.29.so
7fb197b04000-7fb197b06000 rw-p 001be000 103:05 396602                    /usr/lib/libc-2.29.so
7fb197b06000-7fb197b0a000 rw-p 00000000 00:00 0 
7fb197b0a000-7fb197b0b000 r--p 00000000 103:05 396615                    /usr/lib/libdl-2.29.so
7fb197b0b000-7fb197b0c000 r-xp 00001000 103:05 396615                    /usr/lib/libdl-2.29.so
7fb197b0c000-7fb197b0d000 r--p 00002000 103:05 396615                    /usr/lib/libdl-2.29.so
7fb197b0d000-7fb197b0e000 r--p 00002000 103:05 396615                    /usr/lib/libdl-2.29.so
7fb197b0e000-7fb197b0f000 rw-p 00003000 103:05 396615                    /usr/lib/libdl-2.29.so
7fb197b0f000-7fb197b1d000 r-xp 00000000 103:05 1058505                   /usr/lib/jvm/java-9-jdk/lib/jli/libjli.so
7fb197b1d000-7fb197d1d000 ---p 0000e000 103:05 1058505                   /usr/lib/jvm/java-9-jdk/lib/jli/libjli.so
7fb197d1d000-7fb197d1e000 rw-p 0000e000 103:05 1058505                   /usr/lib/jvm/java-9-jdk/lib/jli/libjli.so
7fb197d1e000-7fb197d24000 r--p 00000000 103:05 396662                    /usr/lib/libpthread-2.29.so
7fb197d24000-7fb197d33000 r-xp 00006000 103:05 396662                    /usr/lib/libpthread-2.29.so
7fb197d33000-7fb197d39000 r--p 00015000 103:05 396662                    /usr/lib/libpthread-2.29.so
7fb197d39000-7fb197d3a000 r--p 0001a000 103:05 396662                    /usr/lib/libpthread-2.29.so
7fb197d3a000-7fb197d3b000 rw-p 0001b000 103:05 396662                    /usr/lib/libpthread-2.29.so
7fb197d3b000-7fb197d3f000 rw-p 00000000 00:00 0 
7fb197d3f000-7fb197d55000 r-xp 00000000 103:05 406753                    /usr/lib/libz.so.1.2.11
7fb197d55000-7fb197f54000 ---p 00016000 103:05 406753                    /usr/lib/libz.so.1.2.11
7fb197f54000-7fb197f55000 r--p 00015000 103:05 406753                    /usr/lib/libz.so.1.2.11
7fb197f55000-7fb197f56000 rw-p 00016000 103:05 406753                    /usr/lib/libz.so.1.2.11
7fb197f56000-7fb197f58000 rw-p 00000000 00:00 0 
7fb197f5b000-7fb197f61000 rw-p 00000000 00:00 0 
7fb197f61000-7fb197f68000 ---p 00000000 00:00 0 
7fb197f68000-7fb197f70000 rw-s 00000000 00:2a 173201                     /tmp/hsperfdata_linus/10438
7fb197f70000-7fb197f73000 r--p 00000000 103:05 396655                    /usr/lib/libnss_files-2.29.so
7fb197f73000-7fb197f7a000 r-xp 00003000 103:05 396655                    /usr/lib/libnss_files-2.29.so
7fb197f7a000-7fb197f7d000 r--p 0000a000 103:05 396655                    /usr/lib/libnss_files-2.29.so
7fb197f7d000-7fb197f7e000 r--p 0000c000 103:05 396655                    /usr/lib/libnss_files-2.29.so
7fb197f7e000-7fb197f7f000 rw-p 0000d000 103:05 396655                    /usr/lib/libnss_files-2.29.so
7fb197f7f000-7fb197f86000 rw-p 00000000 00:00 0 
7fb197f86000-7fb197f88000 r--p 00000000 103:05 396588                    /usr/lib/ld-2.29.so
7fb197f88000-7fb197fa7000 r-xp 00002000 103:05 396588                    /usr/lib/ld-2.29.so
7fb197fa7000-7fb197faf000 r--p 00021000 103:05 396588                    /usr/lib/ld-2.29.so
7fb197faf000-7fb197fb0000 ---p 00000000 00:00 0 
7fb197fb0000-7fb197fb1000 r--p 00029000 103:05 396588                    /usr/lib/ld-2.29.so
7fb197fb1000-7fb197fb2000 rw-p 0002a000 103:05 396588                    /usr/lib/ld-2.29.so
7fb197fb2000-7fb197fb3000 rw-p 00000000 00:00 0 
7ffc05d05000-7ffc05d26000 rw-p 00000000 00:00 0                          [stack]
7ffc05d40000-7ffc05d43000 r--p 00000000 00:00 0                          [vvar]
7ffc05d43000-7ffc05d44000 r-xp 00000000 00:00 0                          [vdso]

VM Arguments:
jvm_args: -javaagent:/opt/intellij-idea-ce/lib/idea_rt.jar=33515:/opt/intellij-idea-ce/bin -Dfile.encoding=UTF-8 
java_command: com.company.Main input/IPC2/logistic.log
java_class_path (initial): /home/linus/diepold-bachelorthesis/code/out/production/bachelorarbeit:/home/linus/.m2/repository/org/junit/jupiter/junit-jupiter-api/5.5.0-M1/junit-jupiter-api-5.5.0-M1.jar:/home/linus/.m2/repository/org/apiguardian/apiguardian-api/1.0.0/apiguardian-api-1.0.0.jar:/home/linus/.m2/repository/org/opentest4j/opentest4j/1.1.1/opentest4j-1.1.1.jar:/home/linus/.m2/repository/org/junit/platform/junit-platform-commons/1.5.0-M1/junit-platform-commons-1.5.0-M1.jar
Launcher Type: SUN_STANDARD

Logging:
Log output configuration:
#0: stdout all=warning uptime,level,tags
#1: stderr all=off uptime,level,tags

Environment Variables:
PATH=/usr/local/bin:/usr/local/sbin:/usr/bin:/usr/lib/jvm/default/bin:/usr/bin/site_perl:/usr/bin/vendor_perl:/usr/bin/core_perl
USERNAME=linus
SHELL=/bin/zsh
DISPLAY=:0

Signal Handlers:
SIGSEGV: [libjvm.so+0xd4d370], sa_mask[0]=11111111011111111101111111111110, sa_flags=SA_RESTART|SA_SIGINFO
SIGBUS: [libjvm.so+0xd4d370], sa_mask[0]=11111111011111111101111111111110, sa_flags=SA_RESTART|SA_SIGINFO
SIGFPE: [libjvm.so+0xd4d370], sa_mask[0]=11111111011111111101111111111110, sa_flags=SA_RESTART|SA_SIGINFO
SIGPIPE: [libjvm.so+0xb64780], sa_mask[0]=11111111011111111101111111111110, sa_flags=SA_RESTART|SA_SIGINFO
SIGXFSZ: [libjvm.so+0xb64780], sa_mask[0]=11111111011111111101111111111110, sa_flags=SA_RESTART|SA_SIGINFO
SIGILL: [libjvm.so+0xd4d370], sa_mask[0]=11111111011111111101111111111110, sa_flags=SA_RESTART|SA_SIGINFO
SIGUSR2: [libjvm.so+0xb64640], sa_mask[0]=00100000000000000000000000000000, sa_flags=SA_RESTART|SA_SIGINFO
SIGHUP: [libjvm.so+0xb64850], sa_mask[0]=11111111011111111101111111111110, sa_flags=SA_RESTART|SA_SIGINFO
SIGINT: [libjvm.so+0xb64850], sa_mask[0]=11111111011111111101111111111110, sa_flags=SA_RESTART|SA_SIGINFO
SIGTERM: [libjvm.so+0xb64850], sa_mask[0]=11111111011111111101111111111110, sa_flags=SA_RESTART|SA_SIGINFO
SIGQUIT: [libjvm.so+0xb64850], sa_mask[0]=11111111011111111101111111111110, sa_flags=SA_RESTART|SA_SIGINFO


---------------  S Y S T E M  ---------------

OS:NAME="Arch Linux"
PRETTY_NAME="Arch Linux"
ID=arch
BUILD_ID=rolling
ANSI_COLOR="0;36"
HOME_URL="https://www.archlinux.org/"
DOCUMENTATION_URL="https://wiki.archlinux.org/"
SUPPORT_URL="https://bbs.archlinux.org/"
BUG_REPORT_URL="https://bugs.archlinux.org/"
uname:Linux 5.0.9-arch1-1-ARCH #1 SMP PREEMPT Sat Apr 20 15:00:46 UTC 2019 x86_64
libc:glibc 2.29 NPTL 2.29 
rlimit: STACK 8192k, CORE infinity, NPROC 31416, NOFILE 524288, AS infinity
load average:19.37 7.02 3.43

/proc/meminfo:
MemTotal:        8059264 kB
MemFree:          119052 kB
MemAvailable:      27896 kB
Buffers:             816 kB
Cached:           586356 kB
SwapCached:            0 kB
Active:          7071028 kB
Inactive:         180060 kB
Active(anon):    7057772 kB
Inactive(anon):   155708 kB
Active(file):      13256 kB
Inactive(file):    24352 kB
Unevictable:      384132 kB
Mlocked:              32 kB
SwapTotal:             0 kB
SwapFree:              0 kB
Dirty:               172 kB
Writeback:             0 kB
AnonPages:       7049564 kB
Mapped:           217028 kB
Shmem:            548048 kB
KReclaimable:      49672 kB
Slab:             135580 kB
SReclaimable:      49672 kB
SUnreclaim:        85908 kB
KernelStack:       15008 kB
PageTables:        48316 kB
NFS_Unstable:          0 kB
Bounce:                0 kB
WritebackTmp:          0 kB
CommitLimit:     4029632 kB
Committed_AS:   14524028 kB
VmallocTotal:   34359738367 kB
VmallocUsed:           0 kB
VmallocChunk:          0 kB
Percpu:             2912 kB
HardwareCorrupted:     0 kB
AnonHugePages:         0 kB
ShmemHugePages:        0 kB
ShmemPmdMapped:        0 kB
HugePages_Total:       0
HugePages_Free:        0
HugePages_Rsvd:        0
HugePages_Surp:        0
Hugepagesize:       2048 kB
Hugetlb:               0 kB
DirectMap4k:      224360 kB
DirectMap2M:     7008256 kB
DirectMap1G:     2097152 kB


CPU:total 8 (initial active 8) (4 cores per cpu, 2 threads per core) family 6 model 142 stepping 10, cmov, cx8, fxsr, mmx, sse, sse2, sse3, ssse3, sse4.1, sse4.2, popcnt, avx, avx2, aes, clmul, erms, 3dnowpref, lzcnt, ht, tsc, tscinvbit, bmi1, bmi2, adx, fma
CPU Model and flags from /proc/cpuinfo:
model name	: Intel(R) Core(TM) i5-8250U CPU @ 1.60GHz
flags		: fpu vme de pse tsc msr pae mce cx8 apic sep mtrr pge mca cmov pat pse36 clflush dts acpi mmx fxsr sse sse2 ss ht tm pbe syscall nx pdpe1gb rdtscp lm constant_tsc art arch_perfmon pebs bts rep_good nopl xtopology nonstop_tsc cpuid aperfmperf tsc_known_freq pni pclmulqdq dtes64 monitor ds_cpl vmx est tm2 ssse3 sdbg fma cx16 xtpr pdcm pcid sse4_1 sse4_2 x2apic movbe popcnt tsc_deadline_timer aes xsave avx f16c rdrand lahf_lm abm 3dnowprefetch cpuid_fault epb invpcid_single pti ssbd ibrs ibpb stibp tpr_shadow vnmi flexpriority ept vpid ept_ad fsgsbase tsc_adjust bmi1 avx2 smep bmi2 erms invpcid mpx rdseed adx smap clflushopt intel_pt xsaveopt xsavec xgetbv1 xsaves dtherm ida arat pln pts hwp hwp_notify hwp_act_window hwp_epp flush_l1d

Memory: 4k page, physical 8059264k(118296k free), swap 0k(0k free)

vm_info: Java HotSpot(TM) 64-Bit Server VM (9.0.4+11) for linux-amd64 JRE (9.0.4+11), built on Dec 19 2017 18:12:19 by "mach5one" with gcc 4.9.2

END.
