SOLUTION SEQUENCE, Makespan: 11
23
0 init(<Instance>)[driver1,driver2,package1,package2,package3,package4,package5,package6,truck1,truck2,truck3,s0,s1,s2,s3,s4,s5,p1-0,p1-4,p1-5,p2-1,p2-3,p3-0,p3-1,p3-5,p4-5] {} {+at[package6,s2],+at[driver1,s4],+at[truck3,s5],+empty[truck3],+empty[truck2],+at[package2,s0],+at[truck1,s0],+at[driver2,s0],+at[truck2,s4],+at[package5,s4],+at[package3,s4],+at[package1,s1],+at[package4,s4],+empty[truck1]} {}
1 goal(<Instance>)[driver1,driver2,package1,package2,package3,package4,package5,package6,truck1,truck2,truck3,s0,s1,s2,s3,s4,s5,p1-0,p1-4,p1-5,p2-1,p2-3,p3-0,p3-1,p3-5,p4-5] {+at[driver1,s1],+at[driver2,s0],+at[package1,s5],+at[package2,s1],+at[package3,s5],+at[package4,s1],+at[package5,s3],+at[package6,s2]} {} {}
2: LOAD-TRUCKpackage3truck2s4() {+at[truck2,s4],+at[package3,s4]} {+in[package3,truck2]} {+at[package3,s4]}
3: LOAD-TRUCKpackage2truck1s0() {+at[truck1,s0],+at[package2,s0]} {+in[package2,truck1]} {+at[package2,s0]}
4: LOAD-TRUCKpackage4truck2s4() {+at[truck2,s4],+at[package4,s4]} {+in[package4,truck2]} {+at[package4,s4]} 
5: BOARD-TRUCKdriver1truck2s4() {+at[truck2,s4],+at[driver1,s4],+empty[truck2]} {+driving[driver1,truck2]} {+at[driver1,s4],+empty[truck2]}
6: DRIVE-TRUCKtruck2s4s1driver1() {+at[truck2,s4],+driving[driver1,truck2]} {+at[truck2,s1]} {+at[truck2,s4]}
7: BOARD-TRUCKdriver2truck1s0() {+at[truck1,s0],+at[driver2,s0],+empty[truck1]} {+driving[driver2,truck1]} {+at[driver2,s0],+empty[truck1]}
8: LOAD-TRUCKpackage1truck2s1() {+at[truck2,s1],+at[package1,s1]} {+in[package1,truck2]} {+at[package1,s1]}
9: DRIVE-TRUCKtruck1s0s1driver2() {+at[truck1,s0],+driving[driver2,truck1]} {+at[truck1,s1]} {+at[truck1,s0]}
10: UNLOAD-TRUCKpackage2truck1s1() {+at[truck1,s1],+in[package2,truck1]} {+at[package2,s1]} {+in[package2,truck1]}
11: DRIVE-TRUCKtruck1s1s0driver2() {+at[truck1,s1],+driving[driver2,truck1]} {+at[truck1,s0]} {+at[truck1,s1]}
12: DISEMBARK-TRUCKdriver2truck1s0() {+at[truck1,s0],+driving[driver2,truck1]} {+at[driver2,s0],+empty[truck1]} {+driving[driver2,truck1]}
13: DRIVE-TRUCKtruck2s1s4driver1() {+at[truck2,s1],+driving[driver1,truck2]} {+at[truck2,s4]} {+at[truck2,s1]}
14: LOAD-TRUCKpackage5truck2s4() {+at[truck2,s4],+at[package5,s4]} {+in[package5,truck2]} {+at[package5,s4]}
15: DRIVE-TRUCKtruck2s4s5driver1() {+at[truck2,s4],+driving[driver1,truck2]} {+at[truck2,s5]} {+at[truck2,s4]}
16: UNLOAD-TRUCKpackage3truck2s5() {+at[truck2,s5],+in[package3,truck2]} {+at[package3,s5]} {+in[package3,truck2]}
17: UNLOAD-TRUCKpackage1truck2s5() {+at[truck2,s5],+in[package1,truck2]} {+at[package1,s5]} {+in[package1,truck2]}
18: DRIVE-TRUCKtruck2s5s3driver1() {+at[truck2,s5],+driving[driver1,truck2]} {+at[truck2,s3]} {+at[truck2,s5]}
19: UNLOAD-TRUCKpackage5truck2s3() {+at[truck2,s3],+in[package5,truck2]} {+at[package5,s3]} {+in[package5,truck2]}
20: DRIVE-TRUCKtruck2s3s1driver1() {+at[truck2,s3],+driving[driver1,truck2]} {+at[truck2,s1]} {+at[truck2,s3]}
21: DISEMBARK-TRUCKdriver1truck2s1() {+at[truck2,s1],+driving[driver1,truck2]} {+at[driver1,s1],+empty[truck2]} {+driving[driver1,truck2]}
22: UNLOAD-TRUCKpackage4truck2s1() {+at[truck2,s1],+in[package4,truck2]} {+at[package4,s1]} {+in[package4,truck2]}
DRIVE-TRUCKtruck2s1s4driver1() -> DRIVE-TRUCKtruck2s5s3driver1()
DRIVE-TRUCKtruck2s1s4driver1() -> UNLOAD-TRUCKpackage1truck2s5()
DRIVE-TRUCKtruck2s1s4driver1() -> LOAD-TRUCKpackage5truck2s4()
DRIVE-TRUCKtruck2s1s4driver1() -> DRIVE-TRUCKtruck2s3s1driver1()
DRIVE-TRUCKtruck2s1s4driver1() -> UNLOAD-TRUCKpackage4truck2s1()
DRIVE-TRUCKtruck2s1s4driver1() -> UNLOAD-TRUCKpackage5truck2s3()
DRIVE-TRUCKtruck2s1s4driver1() -> UNLOAD-TRUCKpackage3truck2s5()
DRIVE-TRUCKtruck2s1s4driver1() -> DISEMBARK-TRUCKdriver1truck2s1()
DRIVE-TRUCKtruck2s1s4driver1() -> DRIVE-TRUCKtruck2s4s5driver1()
DRIVE-TRUCKtruck1s0s1driver2() -> DISEMBARK-TRUCKdriver2truck1s0()
DRIVE-TRUCKtruck1s0s1driver2() -> DRIVE-TRUCKtruck1s1s0driver2()
DRIVE-TRUCKtruck1s0s1driver2() -> UNLOAD-TRUCKpackage2truck1s1()
LOAD-TRUCKpackage1truck2s1() -> DRIVE-TRUCKtruck2s1s4driver1()
LOAD-TRUCKpackage1truck2s1() -> DRIVE-TRUCKtruck2s5s3driver1()
LOAD-TRUCKpackage1truck2s1() -> UNLOAD-TRUCKpackage1truck2s5()
LOAD-TRUCKpackage1truck2s1() -> LOAD-TRUCKpackage5truck2s4()
LOAD-TRUCKpackage1truck2s1() -> DRIVE-TRUCKtruck2s3s1driver1()
LOAD-TRUCKpackage1truck2s1() -> UNLOAD-TRUCKpackage4truck2s1()
LOAD-TRUCKpackage1truck2s1() -> UNLOAD-TRUCKpackage5truck2s3()
LOAD-TRUCKpackage1truck2s1() -> UNLOAD-TRUCKpackage3truck2s5()
LOAD-TRUCKpackage1truck2s1() -> DISEMBARK-TRUCKdriver1truck2s1()
LOAD-TRUCKpackage1truck2s1() -> DRIVE-TRUCKtruck2s4s5driver1()
DRIVE-TRUCKtruck2s5s3driver1() -> DRIVE-TRUCKtruck2s3s1driver1()
DRIVE-TRUCKtruck2s5s3driver1() -> UNLOAD-TRUCKpackage4truck2s1()
DRIVE-TRUCKtruck2s5s3driver1() -> UNLOAD-TRUCKpackage5truck2s3()
DRIVE-TRUCKtruck2s5s3driver1() -> DISEMBARK-TRUCKdriver1truck2s1()
BOARD-TRUCKdriver2truck1s0() -> DISEMBARK-TRUCKdriver2truck1s0()
BOARD-TRUCKdriver2truck1s0() -> DRIVE-TRUCKtruck1s0s1driver2()
BOARD-TRUCKdriver2truck1s0() -> DRIVE-TRUCKtruck1s1s0driver2()
BOARD-TRUCKdriver2truck1s0() -> UNLOAD-TRUCKpackage2truck1s1()
UNLOAD-TRUCKpackage1truck2s5() -> DRIVE-TRUCKtruck2s5s3driver1()
UNLOAD-TRUCKpackage1truck2s5() -> DRIVE-TRUCKtruck2s3s1driver1()
UNLOAD-TRUCKpackage1truck2s5() -> UNLOAD-TRUCKpackage4truck2s1()
UNLOAD-TRUCKpackage1truck2s5() -> UNLOAD-TRUCKpackage5truck2s3()
UNLOAD-TRUCKpackage1truck2s5() -> DISEMBARK-TRUCKdriver1truck2s1()
BOARD-TRUCKdriver1truck2s4() -> DRIVE-TRUCKtruck2s1s4driver1()
BOARD-TRUCKdriver1truck2s4() -> LOAD-TRUCKpackage1truck2s1()
BOARD-TRUCKdriver1truck2s4() -> DRIVE-TRUCKtruck2s5s3driver1()
BOARD-TRUCKdriver1truck2s4() -> UNLOAD-TRUCKpackage1truck2s5()
BOARD-TRUCKdriver1truck2s4() -> LOAD-TRUCKpackage5truck2s4()
BOARD-TRUCKdriver1truck2s4() -> DRIVE-TRUCKtruck2s3s1driver1()
BOARD-TRUCKdriver1truck2s4() -> UNLOAD-TRUCKpackage4truck2s1()
BOARD-TRUCKdriver1truck2s4() -> UNLOAD-TRUCKpackage5truck2s3()
BOARD-TRUCKdriver1truck2s4() -> UNLOAD-TRUCKpackage3truck2s5()
BOARD-TRUCKdriver1truck2s4() -> DISEMBARK-TRUCKdriver1truck2s1()
BOARD-TRUCKdriver1truck2s4() -> DRIVE-TRUCKtruck2s4s1driver1()
BOARD-TRUCKdriver1truck2s4() -> DRIVE-TRUCKtruck2s4s5driver1()
LOAD-TRUCKpackage5truck2s4() -> DRIVE-TRUCKtruck2s5s3driver1()
LOAD-TRUCKpackage5truck2s4() -> UNLOAD-TRUCKpackage1truck2s5()
LOAD-TRUCKpackage5truck2s4() -> DRIVE-TRUCKtruck2s3s1driver1()
LOAD-TRUCKpackage5truck2s4() -> UNLOAD-TRUCKpackage4truck2s1()
LOAD-TRUCKpackage5truck2s4() -> UNLOAD-TRUCKpackage5truck2s3()
LOAD-TRUCKpackage5truck2s4() -> UNLOAD-TRUCKpackage3truck2s5()
LOAD-TRUCKpackage5truck2s4() -> DISEMBARK-TRUCKdriver1truck2s1()
LOAD-TRUCKpackage5truck2s4() -> DRIVE-TRUCKtruck2s4s5driver1()
DRIVE-TRUCKtruck2s3s1driver1() -> UNLOAD-TRUCKpackage4truck2s1()
DRIVE-TRUCKtruck2s3s1driver1() -> DISEMBARK-TRUCKdriver1truck2s1()
UNLOAD-TRUCKpackage5truck2s3() -> DRIVE-TRUCKtruck2s3s1driver1()
UNLOAD-TRUCKpackage5truck2s3() -> UNLOAD-TRUCKpackage4truck2s1()
UNLOAD-TRUCKpackage5truck2s3() -> DISEMBARK-TRUCKdriver1truck2s1()
LOAD-TRUCKpackage4truck2s4() -> DRIVE-TRUCKtruck2s1s4driver1()
LOAD-TRUCKpackage4truck2s4() -> LOAD-TRUCKpackage1truck2s1()
LOAD-TRUCKpackage4truck2s4() -> DRIVE-TRUCKtruck2s5s3driver1()
LOAD-TRUCKpackage4truck2s4() -> UNLOAD-TRUCKpackage1truck2s5()
LOAD-TRUCKpackage4truck2s4() -> LOAD-TRUCKpackage5truck2s4()
LOAD-TRUCKpackage4truck2s4() -> DRIVE-TRUCKtruck2s3s1driver1()
LOAD-TRUCKpackage4truck2s4() -> UNLOAD-TRUCKpackage4truck2s1()
LOAD-TRUCKpackage4truck2s4() -> UNLOAD-TRUCKpackage5truck2s3()
LOAD-TRUCKpackage4truck2s4() -> UNLOAD-TRUCKpackage3truck2s5()
LOAD-TRUCKpackage4truck2s4() -> DISEMBARK-TRUCKdriver1truck2s1()
LOAD-TRUCKpackage4truck2s4() -> DRIVE-TRUCKtruck2s4s1driver1()
LOAD-TRUCKpackage4truck2s4() -> DRIVE-TRUCKtruck2s4s5driver1()
DRIVE-TRUCKtruck1s1s0driver2() -> DISEMBARK-TRUCKdriver2truck1s0()
UNLOAD-TRUCKpackage3truck2s5() -> DRIVE-TRUCKtruck2s5s3driver1()
UNLOAD-TRUCKpackage3truck2s5() -> DRIVE-TRUCKtruck2s3s1driver1()
UNLOAD-TRUCKpackage3truck2s5() -> UNLOAD-TRUCKpackage4truck2s1()
UNLOAD-TRUCKpackage3truck2s5() -> UNLOAD-TRUCKpackage5truck2s3()
UNLOAD-TRUCKpackage3truck2s5() -> DISEMBARK-TRUCKdriver1truck2s1()
DRIVE-TRUCKtruck2s4s1driver1() -> DRIVE-TRUCKtruck2s1s4driver1()
DRIVE-TRUCKtruck2s4s1driver1() -> LOAD-TRUCKpackage1truck2s1()
DRIVE-TRUCKtruck2s4s1driver1() -> DRIVE-TRUCKtruck2s5s3driver1()
DRIVE-TRUCKtruck2s4s1driver1() -> UNLOAD-TRUCKpackage1truck2s5()
DRIVE-TRUCKtruck2s4s1driver1() -> LOAD-TRUCKpackage5truck2s4()
DRIVE-TRUCKtruck2s4s1driver1() -> DRIVE-TRUCKtruck2s3s1driver1()
DRIVE-TRUCKtruck2s4s1driver1() -> UNLOAD-TRUCKpackage4truck2s1()
DRIVE-TRUCKtruck2s4s1driver1() -> UNLOAD-TRUCKpackage5truck2s3()
DRIVE-TRUCKtruck2s4s1driver1() -> UNLOAD-TRUCKpackage3truck2s5()
DRIVE-TRUCKtruck2s4s1driver1() -> DISEMBARK-TRUCKdriver1truck2s1()
DRIVE-TRUCKtruck2s4s1driver1() -> DRIVE-TRUCKtruck2s4s5driver1()
LOAD-TRUCKpackage2truck1s0() -> DISEMBARK-TRUCKdriver2truck1s0()
LOAD-TRUCKpackage2truck1s0() -> DRIVE-TRUCKtruck1s0s1driver2()
LOAD-TRUCKpackage2truck1s0() -> DRIVE-TRUCKtruck1s1s0driver2()
LOAD-TRUCKpackage2truck1s0() -> UNLOAD-TRUCKpackage2truck1s1()
LOAD-TRUCKpackage3truck2s4() -> DRIVE-TRUCKtruck2s1s4driver1()
LOAD-TRUCKpackage3truck2s4() -> LOAD-TRUCKpackage1truck2s1()
LOAD-TRUCKpackage3truck2s4() -> DRIVE-TRUCKtruck2s5s3driver1()
LOAD-TRUCKpackage3truck2s4() -> UNLOAD-TRUCKpackage1truck2s5()
LOAD-TRUCKpackage3truck2s4() -> LOAD-TRUCKpackage5truck2s4()
LOAD-TRUCKpackage3truck2s4() -> DRIVE-TRUCKtruck2s3s1driver1()
LOAD-TRUCKpackage3truck2s4() -> UNLOAD-TRUCKpackage4truck2s1()
LOAD-TRUCKpackage3truck2s4() -> UNLOAD-TRUCKpackage5truck2s3()
LOAD-TRUCKpackage3truck2s4() -> UNLOAD-TRUCKpackage3truck2s5()
LOAD-TRUCKpackage3truck2s4() -> DISEMBARK-TRUCKdriver1truck2s1()
LOAD-TRUCKpackage3truck2s4() -> DRIVE-TRUCKtruck2s4s1driver1()
LOAD-TRUCKpackage3truck2s4() -> DRIVE-TRUCKtruck2s4s5driver1()
UNLOAD-TRUCKpackage2truck1s1() -> DISEMBARK-TRUCKdriver2truck1s0()
UNLOAD-TRUCKpackage2truck1s1() -> DRIVE-TRUCKtruck1s1s0driver2()
DRIVE-TRUCKtruck2s4s5driver1() -> DRIVE-TRUCKtruck2s5s3driver1()
DRIVE-TRUCKtruck2s4s5driver1() -> UNLOAD-TRUCKpackage1truck2s5()
DRIVE-TRUCKtruck2s4s5driver1() -> DRIVE-TRUCKtruck2s3s1driver1()
DRIVE-TRUCKtruck2s4s5driver1() -> UNLOAD-TRUCKpackage4truck2s1()
DRIVE-TRUCKtruck2s4s5driver1() -> UNLOAD-TRUCKpackage5truck2s3()
DRIVE-TRUCKtruck2s4s5driver1() -> UNLOAD-TRUCKpackage3truck2s5()
DRIVE-TRUCKtruck2s4s5driver1() -> DISEMBARK-TRUCKdriver1truck2s1()
