Domain: ../resources/IPC4/AIRPORT/domain/P01_DOMAIN.PDDL
Problem: ../resources/IPC4/AIRPORT/problems/P01_AIRPORT1_P1.PDDL
DETAILED SOLUTION
10
0 init(<Instance>)[light,medium,heavy,airplane_CFBEG,seg_pp_0_60,seg_ppdoor_0_40,seg_tww1_0_200,seg_twe1_0_200,seg_tww2_0_50,seg_tww3_0_50,seg_tww4_0_50,seg_rww_0_50,seg_rwtw1_0_10,seg_rw_0_400,seg_rwe_0_50,seg_twe4_0_50,seg_rwte1_0_10,seg_twe3_0_50,seg_twe2_0_50,seg_rwte2_0_10,seg_rwtw2_0_10,north,south] {} {+not_occupied[seg_twe1_0_200],+not_occupied[seg_twe2_0_50],+not_blocked[seg_twe2_0_50,airplane_CFBEG],+not_blocked[seg_tww3_0_50,airplane_CFBEG],+not_blocked[seg_rww_0_50,airplane_CFBEG],+not_blocked[seg_pp_0_60,airplane_CFBEG],+not_blocked[seg_twe4_0_50,airplane_CFBEG],+is-moving[airplane_CFBEG],+not_occupied[seg_tww2_0_50],+not_blocked[seg_twe3_0_50,airplane_CFBEG],+not_blocked[seg_rwtw1_0_10,airplane_CFBEG],+not_blocked[seg_twe1_0_200,airplane_CFBEG],+not_occupied[seg_pp_0_60],+not_occupied[seg_twe3_0_50],+not_occupied[seg_tww3_0_50],+not_blocked[seg_tww4_0_50,airplane_CFBEG],+facing[airplane_CFBEG,south],+not_occupied[seg_twe4_0_50],+at-segment[airplane_CFBEG,seg_rw_0_400],+not_occupied[seg_rww_0_50],+not_blocked[seg_ppdoor_0_40,airplane_CFBEG],+not_blocked[seg_tww2_0_50,airplane_CFBEG],+not_blocked[seg_tww1_0_200,airplane_CFBEG],+not_occupied[seg_tww4_0_50],+not_occupied[seg_tww1_0_200],+not_occupied[seg_ppdoor_0_40],+not_occupied[seg_rwe_0_50]} {}
1 goal(<Instance>)[light,medium,heavy,airplane_CFBEG,seg_pp_0_60,seg_ppdoor_0_40,seg_tww1_0_200,seg_twe1_0_200,seg_tww2_0_50,seg_tww3_0_50,seg_tww4_0_50,seg_rww_0_50,seg_rwtw1_0_10,seg_rw_0_400,seg_rwe_0_50,seg_twe4_0_50,seg_rwte1_0_10,seg_twe3_0_50,seg_twe2_0_50,seg_rwte2_0_10,seg_rwtw2_0_10,north,south] {+is-parked[airplane_CFBEG,seg_pp_0_60]} {} {}
2 park_seg_pp_0_60_south[airplane_CFBEG,seg_pp_0_60,south,seg_ppdoor_0_40] {+at-segment[airplane_CFBEG,seg_pp_0_60],+facing[airplane_CFBEG,south],+is-moving[airplane_CFBEG]} {+is-parked[airplane_CFBEG,seg_pp_0_60],+not_blocked[seg_ppdoor_0_40,airplane_CFBEG]} {+is-moving[airplane_CFBEG]}
3 move_seg_ppdoor_0_40_seg_pp_0_60_south_south_medium[airplane_CFBEG,medium,south,seg_ppdoor_0_40,seg_pp_0_60,airplane_CFBEG,seg_tww1_0_200,seg_twe1_0_200] {+is-moving[airplane_CFBEG],+facing[airplane_CFBEG,south],+at-segment[airplane_CFBEG,seg_ppdoor_0_40],+not_occupied[seg_pp_0_60],+not_blocked[seg_pp_0_60,airplane_CFBEG]} {+at-segment[airplane_CFBEG,seg_pp_0_60],+not_blocked[seg_twe1_0_200,airplane_CFBEG],+not_blocked[seg_tww1_0_200,airplane_CFBEG],+not_occupied[seg_ppdoor_0_40]} {+not_blocked[seg_pp_0_60,airplane_CFBEG],+at-segment[airplane_CFBEG,seg_ppdoor_0_40],+not_occupied[seg_pp_0_60]}
4 move_seg_tww1_0_200_seg_ppdoor_0_40_north_south_medium[airplane_CFBEG,medium,north,seg_tww1_0_200,seg_ppdoor_0_40,airplane_CFBEG,seg_twe1_0_200,south,seg_tww2_0_50] {+is-moving[airplane_CFBEG],+facing[airplane_CFBEG,north],+at-segment[airplane_CFBEG,seg_tww1_0_200],+not_occupied[seg_ppdoor_0_40],+not_blocked[seg_ppdoor_0_40,airplane_CFBEG],+not_occupied[seg_twe1_0_200]} {+facing[airplane_CFBEG,south],+not_blocked[seg_tww2_0_50,airplane_CFBEG],+not_occupied[seg_tww1_0_200],+at-segment[airplane_CFBEG,seg_ppdoor_0_40]} {+not_occupied[seg_ppdoor_0_40],+at-segment[airplane_CFBEG,seg_tww1_0_200],+not_blocked[seg_twe1_0_200,airplane_CFBEG],+not_blocked[seg_ppdoor_0_40,airplane_CFBEG],+facing[airplane_CFBEG,north]}
5 move_seg_rww_0_50_seg_tww4_0_50_south_north_medium[airplane_CFBEG,medium,south,seg_rww_0_50,seg_tww4_0_50,airplane_CFBEG,seg_rwtw1_0_10,north,seg_rwe_0_50,seg_rw_0_400] {+is-moving[airplane_CFBEG],+facing[airplane_CFBEG,south],+at-segment[airplane_CFBEG,seg_rww_0_50],+not_occupied[seg_tww4_0_50],+not_blocked[seg_tww4_0_50,airplane_CFBEG]} {+at-segment[airplane_CFBEG,seg_tww4_0_50],+not_occupied[seg_rww_0_50],+not_blocked[seg_rwe_0_50,airplane_CFBEG],+not_blocked[seg_rw_0_400,airplane_CFBEG],+facing[airplane_CFBEG,north]} {+not_blocked[seg_rwtw1_0_10,airplane_CFBEG],+facing[airplane_CFBEG,south],+not_occupied[seg_tww4_0_50],+at-segment[airplane_CFBEG,seg_rww_0_50],+not_blocked[seg_tww4_0_50,airplane_CFBEG]}
6 move_seg_rw_0_400_seg_rww_0_50_south_south_medium[airplane_CFBEG,medium,south,seg_rw_0_400,seg_rww_0_50,airplane_CFBEG,seg_rwe_0_50] {+is-moving[airplane_CFBEG],+facing[airplane_CFBEG,south],+at-segment[airplane_CFBEG,seg_rw_0_400],+not_occupied[seg_rww_0_50],+not_blocked[seg_rww_0_50,airplane_CFBEG],+not_occupied[seg_rwe_0_50]} {+not_occupied[seg_rw_0_400],+at-segment[airplane_CFBEG,seg_rww_0_50]} {+not_blocked[seg_rww_0_50,airplane_CFBEG],+at-segment[airplane_CFBEG,seg_rw_0_400],+not_occupied[seg_rww_0_50]}
7 move_seg_tww2_0_50_seg_tww1_0_200_north_north_medium[airplane_CFBEG,medium,north,seg_tww2_0_50,seg_tww1_0_200,airplane_CFBEG,seg_tww3_0_50] {+is-moving[airplane_CFBEG],+facing[airplane_CFBEG,north],+at-segment[airplane_CFBEG,seg_tww2_0_50],+not_occupied[seg_tww1_0_200],+not_blocked[seg_tww1_0_200,airplane_CFBEG]} {+not_blocked[seg_tww3_0_50,airplane_CFBEG],+not_occupied[seg_tww2_0_50],+at-segment[airplane_CFBEG,seg_tww1_0_200]} {+not_blocked[seg_tww1_0_200,airplane_CFBEG],+not_occupied[seg_tww1_0_200],+at-segment[airplane_CFBEG,seg_tww2_0_50]}
8 move_seg_tww3_0_50_seg_tww2_0_50_north_north_medium[airplane_CFBEG,medium,north,seg_tww3_0_50,seg_tww2_0_50,airplane_CFBEG,seg_tww4_0_50] {+is-moving[airplane_CFBEG],+facing[airplane_CFBEG,north],+at-segment[airplane_CFBEG,seg_tww3_0_50],+not_occupied[seg_tww2_0_50],+not_blocked[seg_tww2_0_50,airplane_CFBEG]} {+not_occupied[seg_tww3_0_50],+not_blocked[seg_tww4_0_50,airplane_CFBEG],+at-segment[airplane_CFBEG,seg_tww2_0_50]} {+not_occupied[seg_tww2_0_50],+not_blocked[seg_tww2_0_50,airplane_CFBEG],+at-segment[airplane_CFBEG,seg_tww3_0_50]}
9 move_seg_tww4_0_50_seg_tww3_0_50_north_north_medium[airplane_CFBEG,medium,north,seg_tww4_0_50,seg_tww3_0_50,airplane_CFBEG,seg_rww_0_50,seg_rwtw1_0_10] {+is-moving[airplane_CFBEG],+facing[airplane_CFBEG,north],+at-segment[airplane_CFBEG,seg_tww4_0_50],+not_occupied[seg_tww3_0_50],+not_blocked[seg_tww3_0_50,airplane_CFBEG]} {+at-segment[airplane_CFBEG,seg_tww3_0_50],+not_blocked[seg_rww_0_50,airplane_CFBEG],+not_blocked[seg_rwtw1_0_10,airplane_CFBEG],+not_occupied[seg_tww4_0_50]} {+not_blocked[seg_tww3_0_50,airplane_CFBEG],+not_occupied[seg_tww3_0_50],+at-segment[airplane_CFBEG,seg_tww4_0_50]}
41
2 +is-parked[airplane_CFBEG,seg_pp_0_60] 1
3 +at-segment[airplane_CFBEG,seg_pp_0_60] 2
0 +is-moving[airplane_CFBEG] 2
0 +is-moving[airplane_CFBEG] 3
4 +at-segment[airplane_CFBEG,seg_ppdoor_0_40] 3
5 +facing[airplane_CFBEG,north] 4
6 +at-segment[airplane_CFBEG,seg_rww_0_50] 5
0 +is-moving[airplane_CFBEG] 4
7 +at-segment[airplane_CFBEG,seg_tww1_0_200] 4
8 +at-segment[airplane_CFBEG,seg_tww2_0_50] 7
9 +at-segment[airplane_CFBEG,seg_tww3_0_50] 8
0 +is-moving[airplane_CFBEG] 5
0 +is-moving[airplane_CFBEG] 6
0 +is-moving[airplane_CFBEG] 7
5 +facing[airplane_CFBEG,north] 7
0 +is-moving[airplane_CFBEG] 8
5 +facing[airplane_CFBEG,north] 8
0 +is-moving[airplane_CFBEG] 9
5 +facing[airplane_CFBEG,north] 9
5 +at-segment[airplane_CFBEG,seg_tww4_0_50] 9
0 +not_occupied[seg_pp_0_60] 3
0 +not_blocked[seg_pp_0_60,airplane_CFBEG] 3
0 +not_occupied[seg_twe1_0_200] 4
0 +not_occupied[seg_tww4_0_50] 5
0 +at-segment[airplane_CFBEG,seg_rw_0_400] 6
0 +not_occupied[seg_tww2_0_50] 8
0 +not_occupied[seg_tww3_0_50] 9
0 +not_blocked[seg_tww3_0_50,airplane_CFBEG] 9
0 +not_occupied[seg_ppdoor_0_40] 4
0 +not_blocked[seg_ppdoor_0_40,airplane_CFBEG] 4
0 +not_blocked[seg_tww4_0_50,airplane_CFBEG] 5
0 +not_occupied[seg_rww_0_50] 6
0 +not_blocked[seg_rww_0_50,airplane_CFBEG] 6
0 +not_occupied[seg_rwe_0_50] 6
0 +not_occupied[seg_tww1_0_200] 7
0 +not_blocked[seg_tww1_0_200,airplane_CFBEG] 7
0 +not_blocked[seg_tww2_0_50,airplane_CFBEG] 8
0 +facing[airplane_CFBEG,south] 5
0 +facing[airplane_CFBEG,south] 6
4 +facing[airplane_CFBEG,south] 2
4 +facing[airplane_CFBEG,south] 3
45
0 1
0 2
0 3
0 4
0 5
0 6
0 7
0 8
0 9
5 1
5 2
5 3
5 4
5 7
5 8
5 9
6 1
6 2
6 3
6 4
6 5
6 7
6 8
6 9
9 1
9 2
9 3
9 4
9 7
9 8
2 1
7 1
7 2
7 3
7 4
3 1
3 2
8 1
8 2
8 3
8 4
8 7
4 1
4 2
4 3
Domain: ../resources/IPC4/AIRPORT/domain/P02_DOMAIN.PDDL
Problem: ../resources/IPC4/AIRPORT/problems/P02_AIRPORT1_P1.PDDL
DETAILED SOLUTION
11
0 init(<Instance>)[light,medium,heavy,airplane_DAEWH,seg_pp_0_60,seg_ppdoor_0_40,seg_tww1_0_200,seg_twe1_0_200,seg_tww2_0_50,seg_tww3_0_50,seg_tww4_0_50,seg_rww_0_50,seg_rwtw1_0_10,seg_rw_0_400,seg_rwe_0_50,seg_twe4_0_50,seg_rwte1_0_10,seg_twe3_0_50,seg_twe2_0_50,seg_rwte2_0_10,seg_rwtw2_0_10,north,south] {} {+not_occupied[seg_rw_0_400],+not_occupied[seg_twe1_0_200],+not_occupied[seg_twe2_0_50],+is-pushing[airplane_DAEWH],+not_blocked[seg_rwe_0_50,airplane_DAEWH],+not_blocked[seg_twe3_0_50,airplane_DAEWH],+not_blocked[seg_tww2_0_50,airplane_DAEWH],+not_blocked[seg_rwte1_0_10,airplane_DAEWH],+not_occupied[seg_tww2_0_50],+not_blocked[seg_tww3_0_50,airplane_DAEWH],+facing[airplane_DAEWH,south],+at-segment[airplane_DAEWH,seg_pp_0_60],+not_blocked[seg_rww_0_50,airplane_DAEWH],+not_occupied[seg_twe3_0_50],+not_occupied[seg_tww3_0_50],+not_blocked[seg_twe1_0_200,airplane_DAEWH],+not_occupied[seg_twe4_0_50],+not_blocked[seg_tww4_0_50,airplane_DAEWH],+not_occupied[seg_rww_0_50],+not_occupied[seg_tww4_0_50],+not_blocked[seg_twe4_0_50,airplane_DAEWH],+not_blocked[seg_rwtw1_0_10,airplane_DAEWH],+not_blocked[seg_ppdoor_0_40,airplane_DAEWH],+not_occupied[seg_tww1_0_200],+not_occupied[seg_ppdoor_0_40],+not_blocked[seg_tww1_0_200,airplane_DAEWH],+not_blocked[seg_twe2_0_50,airplane_DAEWH],+not_occupied[seg_rwe_0_50],+not_blocked[seg_rw_0_400,airplane_DAEWH]} {}
1 goal(<Instance>)[light,medium,heavy,airplane_DAEWH,seg_pp_0_60,seg_ppdoor_0_40,seg_tww1_0_200,seg_twe1_0_200,seg_tww2_0_50,seg_tww3_0_50,seg_tww4_0_50,seg_rww_0_50,seg_rwtw1_0_10,seg_rw_0_400,seg_rwe_0_50,seg_twe4_0_50,seg_rwte1_0_10,seg_twe3_0_50,seg_twe2_0_50,seg_rwte2_0_10,seg_rwtw2_0_10,north,south] {+airborne[airplane_DAEWH,seg_rwe_0_50]} {} {}
2 takeoff_seg_rwe_0_50_south[airplane_DAEWH,seg_rwe_0_50,south,seg_twe4_0_50] {+at-segment[airplane_DAEWH,seg_rwe_0_50],+facing[airplane_DAEWH,south],+is-moving[airplane_DAEWH]} {+not_blocked[seg_rwe_0_50,airplane_DAEWH],+airborne[airplane_DAEWH,seg_rwe_0_50],+not_blocked[seg_twe4_0_50,airplane_DAEWH],+not_occupied[seg_rwe_0_50]} {+at-segment[airplane_DAEWH,seg_rwe_0_50],+is-moving[airplane_DAEWH]}
3 move_seg_twe4_0_50_seg_rwe_0_50_south_south_medium[airplane_DAEWH,medium,south,seg_twe4_0_50,seg_rwe_0_50,airplane_DAEWH,seg_twe3_0_50] {+is-moving[airplane_DAEWH],+facing[airplane_DAEWH,south],+at-segment[airplane_DAEWH,seg_twe4_0_50],+not_occupied[seg_rwe_0_50],+not_blocked[seg_rwe_0_50,airplane_DAEWH]} {+at-segment[airplane_DAEWH,seg_rwe_0_50],+not_blocked[seg_twe3_0_50,airplane_DAEWH],+not_occupied[seg_twe4_0_50]} {+not_blocked[seg_rwe_0_50,airplane_DAEWH],+at-segment[airplane_DAEWH,seg_twe4_0_50],+not_occupied[seg_rwe_0_50]}
4 move_seg_twe3_0_50_seg_twe4_0_50_south_south_medium[airplane_DAEWH,medium,south,seg_twe3_0_50,seg_twe4_0_50,airplane_DAEWH,seg_twe2_0_50] {+is-moving[airplane_DAEWH],+facing[airplane_DAEWH,south],+at-segment[airplane_DAEWH,seg_twe3_0_50],+not_occupied[seg_twe4_0_50],+not_blocked[seg_twe4_0_50,airplane_DAEWH]} {+at-segment[airplane_DAEWH,seg_twe4_0_50],+not_occupied[seg_twe3_0_50],+not_blocked[seg_twe2_0_50,airplane_DAEWH]} {+not_blocked[seg_twe4_0_50,airplane_DAEWH],+not_occupied[seg_twe4_0_50],+at-segment[airplane_DAEWH,seg_twe3_0_50]}
5 move_seg_twe2_0_50_seg_twe3_0_50_south_south_medium[airplane_DAEWH,medium,south,seg_twe2_0_50,seg_twe3_0_50,airplane_DAEWH,seg_twe1_0_200] {+is-moving[airplane_DAEWH],+facing[airplane_DAEWH,south],+at-segment[airplane_DAEWH,seg_twe2_0_50],+not_occupied[seg_twe3_0_50],+not_blocked[seg_twe3_0_50,airplane_DAEWH]} {+not_occupied[seg_twe2_0_50],+not_blocked[seg_twe1_0_200,airplane_DAEWH],+at-segment[airplane_DAEWH,seg_twe3_0_50]} {+not_occupied[seg_twe3_0_50],+at-segment[airplane_DAEWH,seg_twe2_0_50],+not_blocked[seg_twe3_0_50,airplane_DAEWH]}
6 move_seg_twe1_0_200_seg_twe2_0_50_south_south_medium[airplane_DAEWH,medium,south,seg_twe1_0_200,seg_twe2_0_50,airplane_DAEWH,seg_ppdoor_0_40,seg_tww1_0_200] {+is-moving[airplane_DAEWH],+facing[airplane_DAEWH,south],+at-segment[airplane_DAEWH,seg_twe1_0_200],+not_occupied[seg_twe2_0_50],+not_blocked[seg_twe2_0_50,airplane_DAEWH]} {+not_occupied[seg_twe1_0_200],+not_blocked[seg_ppdoor_0_40,airplane_DAEWH],+at-segment[airplane_DAEWH,seg_twe2_0_50],+not_blocked[seg_tww1_0_200,airplane_DAEWH]} {+not_blocked[seg_twe2_0_50,airplane_DAEWH],+not_occupied[seg_twe2_0_50],+at-segment[airplane_DAEWH,seg_twe1_0_200]}
7 move_seg_tww1_0_200_seg_twe1_0_200_north_south_medium[airplane_DAEWH,medium,north,seg_tww1_0_200,seg_twe1_0_200,airplane_DAEWH,seg_ppdoor_0_40,south,seg_tww2_0_50] {+is-moving[airplane_DAEWH],+facing[airplane_DAEWH,north],+at-segment[airplane_DAEWH,seg_tww1_0_200],+not_occupied[seg_twe1_0_200],+not_blocked[seg_twe1_0_200,airplane_DAEWH],+not_occupied[seg_ppdoor_0_40]} {+not_blocked[seg_tww2_0_50,airplane_DAEWH],+at-segment[airplane_DAEWH,seg_twe1_0_200],+facing[airplane_DAEWH,south],+not_occupied[seg_tww1_0_200]} {+not_blocked[seg_twe1_0_200,airplane_DAEWH],+facing[airplane_DAEWH,north],+at-segment[airplane_DAEWH,seg_tww1_0_200],+not_blocked[seg_ppdoor_0_40,airplane_DAEWH],+not_occupied[seg_twe1_0_200]}
8 pushback_seg_ppdoor_0_40_seg_tww1_0_200_south_north_medium[airplane_DAEWH,medium,south,seg_ppdoor_0_40,seg_tww1_0_200,airplane_DAEWH,north] {+is-pushing[airplane_DAEWH],+facing[airplane_DAEWH,south],+at-segment[airplane_DAEWH,seg_ppdoor_0_40],+not_occupied[seg_tww1_0_200],+not_blocked[seg_tww1_0_200,airplane_DAEWH]} {+not_blocked[seg_ppdoor_0_40,airplane_DAEWH],+not_occupied[seg_ppdoor_0_40],+facing[airplane_DAEWH,north],+at-segment[airplane_DAEWH,seg_tww1_0_200]} {+facing[airplane_DAEWH,south],+not_occupied[seg_tww1_0_200],+at-segment[airplane_DAEWH,seg_ppdoor_0_40],+not_blocked[seg_tww1_0_200,airplane_DAEWH]}
9 pushback_seg_pp_0_60_seg_ppdoor_0_40_south_south_medium[airplane_DAEWH,medium,south,seg_pp_0_60,seg_ppdoor_0_40,airplane_DAEWH] {+is-pushing[airplane_DAEWH],+facing[airplane_DAEWH,south],+at-segment[airplane_DAEWH,seg_pp_0_60],+not_occupied[seg_ppdoor_0_40],+not_blocked[seg_ppdoor_0_40,airplane_DAEWH]} {+at-segment[airplane_DAEWH,seg_ppdoor_0_40],+not_blocked[seg_pp_0_60,airplane_DAEWH],+not_occupied[seg_pp_0_60]} {+not_occupied[seg_ppdoor_0_40],+at-segment[airplane_DAEWH,seg_pp_0_60],+not_blocked[seg_ppdoor_0_40,airplane_DAEWH]}
10 startup_seg_tww1_0_200_north_medium[airplane_DAEWH,seg_tww1_0_200,seg_tww2_0_50] {+is-pushing[airplane_DAEWH],+at-segment[airplane_DAEWH,seg_tww1_0_200],+not_occupied[seg_tww2_0_50]} {+is-moving[airplane_DAEWH]} {+is-pushing[airplane_DAEWH],+not_blocked[seg_tww2_0_50,airplane_DAEWH]}
43
2 +airborne[airplane_DAEWH,seg_rwe_0_50] 1
3 +at-segment[airplane_DAEWH,seg_rwe_0_50] 2
4 +at-segment[airplane_DAEWH,seg_twe4_0_50] 3
5 +at-segment[airplane_DAEWH,seg_twe3_0_50] 4
6 +at-segment[airplane_DAEWH,seg_twe2_0_50] 5
7 +at-segment[airplane_DAEWH,seg_twe1_0_200] 6
8 +facing[airplane_DAEWH,north] 7
0 +is-pushing[airplane_DAEWH] 8
0 +not_occupied[seg_twe4_0_50] 4
0 +not_occupied[seg_twe3_0_50] 5
0 +not_blocked[seg_twe3_0_50,airplane_DAEWH] 5
0 +not_occupied[seg_twe2_0_50] 6
0 +not_blocked[seg_twe2_0_50,airplane_DAEWH] 6
0 +not_occupied[seg_twe1_0_200] 7
9 +at-segment[airplane_DAEWH,seg_ppdoor_0_40] 8
0 +is-pushing[airplane_DAEWH] 9
0 +at-segment[airplane_DAEWH,seg_pp_0_60] 9
0 +not_occupied[seg_rwe_0_50] 3
0 +not_blocked[seg_rwe_0_50,airplane_DAEWH] 3
0 +not_blocked[seg_twe4_0_50,airplane_DAEWH] 4
8 +at-segment[airplane_DAEWH,seg_tww1_0_200] 7
0 +not_blocked[seg_twe1_0_200,airplane_DAEWH] 7
0 +not_occupied[seg_tww1_0_200] 8
0 +not_blocked[seg_tww1_0_200,airplane_DAEWH] 8
0 +facing[airplane_DAEWH,south] 8
0 +facing[airplane_DAEWH,south] 9
0 +not_occupied[seg_ppdoor_0_40] 9
0 +not_blocked[seg_ppdoor_0_40,airplane_DAEWH] 9
7 +facing[airplane_DAEWH,south] 2
7 +facing[airplane_DAEWH,south] 3
7 +facing[airplane_DAEWH,south] 4
7 +facing[airplane_DAEWH,south] 5
7 +facing[airplane_DAEWH,south] 6
8 +not_occupied[seg_ppdoor_0_40] 7
10 +is-moving[airplane_DAEWH] 2
0 +is-pushing[airplane_DAEWH] 10
0 +not_occupied[seg_tww2_0_50] 10
8 +at-segment[airplane_DAEWH,seg_tww1_0_200] 10
10 +is-moving[airplane_DAEWH] 3
10 +is-moving[airplane_DAEWH] 4
10 +is-moving[airplane_DAEWH] 5
10 +is-moving[airplane_DAEWH] 6
10 +is-moving[airplane_DAEWH] 7
55
0 1
0 2
0 3
0 4
0 5
0 6
0 7
0 8
0 9
0 10
5 1
5 2
5 3
5 4
10 1
10 2
10 3
10 4
10 5
10 6
10 7
6 1
6 2
6 3
6 4
6 5
9 1
9 2
9 3
9 4
9 5
9 6
9 7
9 8
9 10
2 1
7 1
7 2
7 3
7 4
7 5
7 6
3 1
3 2
8 1
8 2
8 3
8 4
8 5
8 6
8 7
8 10
4 1
4 2
4 3
Domain: ../resources/IPC4/AIRPORT/domain/P03_DOMAIN.PDDL
Problem: ../resources/IPC4/AIRPORT/problems/P03_AIRPORT1_P2.PDDL
DETAILED SOLUTION
19
0 init(<Instance>)[light,medium,heavy,airplane_CFBEG,airplane_DAEWH,seg_pp_0_60,seg_ppdoor_0_40,seg_tww1_0_200,seg_twe1_0_200,seg_tww2_0_50,seg_tww3_0_50,seg_tww4_0_50,seg_rww_0_50,seg_rwtw1_0_10,seg_rw_0_400,seg_rwe_0_50,seg_twe4_0_50,seg_rwte1_0_10,seg_twe3_0_50,seg_twe2_0_50,seg_rwte2_0_10,seg_rwtw2_0_10,north,south] {} {+not_occupied[seg_twe1_0_200],+not_occupied[seg_twe2_0_50],+is-pushing[airplane_DAEWH],+not_blocked[seg_rwe_0_50,airplane_DAEWH],+not_blocked[seg_twe2_0_50,airplane_CFBEG],+not_blocked[seg_tww3_0_50,airplane_CFBEG],+not_blocked[seg_twe3_0_50,airplane_DAEWH],+not_blocked[seg_tww2_0_50,airplane_DAEWH],+not_blocked[seg_rww_0_50,airplane_CFBEG],+not_blocked[seg_pp_0_60,airplane_CFBEG],+not_blocked[seg_rwte1_0_10,airplane_DAEWH],+not_blocked[seg_twe4_0_50,airplane_CFBEG],+is-moving[airplane_CFBEG],+not_occupied[seg_tww2_0_50],+not_blocked[seg_tww3_0_50,airplane_DAEWH],+facing[airplane_DAEWH,south],+not_blocked[seg_twe3_0_50,airplane_CFBEG],+at-segment[airplane_DAEWH,seg_pp_0_60],+not_blocked[seg_rww_0_50,airplane_DAEWH],+not_blocked[seg_rwtw1_0_10,airplane_CFBEG],+not_blocked[seg_twe1_0_200,airplane_CFBEG],+not_occupied[seg_twe3_0_50],+not_occupied[seg_tww3_0_50],+not_blocked[seg_tww4_0_50,airplane_CFBEG],+facing[airplane_CFBEG,south],+not_blocked[seg_twe1_0_200,airplane_DAEWH],+not_occupied[seg_twe4_0_50],+not_blocked[seg_tww4_0_50,airplane_DAEWH],+at-segment[airplane_CFBEG,seg_rw_0_400],+not_occupied[seg_rww_0_50],+not_blocked[seg_ppdoor_0_40,airplane_CFBEG],+not_blocked[seg_tww2_0_50,airplane_CFBEG],+not_blocked[seg_tww1_0_200,airplane_CFBEG],+not_occupied[seg_tww4_0_50],+not_blocked[seg_twe4_0_50,airplane_DAEWH],+not_blocked[seg_rwtw1_0_10,airplane_DAEWH],+not_blocked[seg_ppdoor_0_40,airplane_DAEWH],+not_occupied[seg_tww1_0_200],+not_occupied[seg_ppdoor_0_40],+not_blocked[seg_tww1_0_200,airplane_DAEWH],+not_blocked[seg_twe2_0_50,airplane_DAEWH],+not_occupied[seg_rwe_0_50],+not_blocked[seg_rw_0_400,airplane_DAEWH]} {}
1 goal(<Instance>)[light,medium,heavy,airplane_CFBEG,airplane_DAEWH,seg_pp_0_60,seg_ppdoor_0_40,seg_tww1_0_200,seg_twe1_0_200,seg_tww2_0_50,seg_tww3_0_50,seg_tww4_0_50,seg_rww_0_50,seg_rwtw1_0_10,seg_rw_0_400,seg_rwe_0_50,seg_twe4_0_50,seg_rwte1_0_10,seg_twe3_0_50,seg_twe2_0_50,seg_rwte2_0_10,seg_rwtw2_0_10,north,south] {+is-parked[airplane_CFBEG,seg_pp_0_60],+airborne[airplane_DAEWH,seg_rwe_0_50]} {} {}
2 takeoff_seg_rwe_0_50_south[airplane_DAEWH,seg_rwe_0_50,south,seg_twe4_0_50] {+at-segment[airplane_DAEWH,seg_rwe_0_50],+facing[airplane_DAEWH,south],+is-moving[airplane_DAEWH]} {+not_blocked[seg_rwe_0_50,airplane_DAEWH],+airborne[airplane_DAEWH,seg_rwe_0_50],+not_blocked[seg_twe4_0_50,airplane_DAEWH],+not_occupied[seg_rwe_0_50]} {+at-segment[airplane_DAEWH,seg_rwe_0_50],+is-moving[airplane_DAEWH]}
3 move_seg_twe4_0_50_seg_rwe_0_50_south_south_medium[airplane_DAEWH,medium,south,seg_twe4_0_50,seg_rwe_0_50,airplane_CFBEG,airplane_DAEWH,seg_twe3_0_50] {+is-moving[airplane_DAEWH],+facing[airplane_DAEWH,south],+at-segment[airplane_DAEWH,seg_twe4_0_50],+not_occupied[seg_rwe_0_50],+not_blocked[seg_rwe_0_50,airplane_CFBEG],+not_blocked[seg_rwe_0_50,airplane_DAEWH]} {+at-segment[airplane_DAEWH,seg_rwe_0_50],+not_blocked[seg_twe3_0_50,airplane_DAEWH],+not_occupied[seg_twe4_0_50]} {+not_blocked[seg_rwe_0_50,airplane_DAEWH],+at-segment[airplane_DAEWH,seg_twe4_0_50],+not_occupied[seg_rwe_0_50]}
4 move_seg_twe3_0_50_seg_twe4_0_50_south_south_medium[airplane_DAEWH,medium,south,seg_twe3_0_50,seg_twe4_0_50,airplane_CFBEG,airplane_DAEWH,seg_twe2_0_50] {+is-moving[airplane_DAEWH],+facing[airplane_DAEWH,south],+at-segment[airplane_DAEWH,seg_twe3_0_50],+not_occupied[seg_twe4_0_50],+not_blocked[seg_twe4_0_50,airplane_CFBEG],+not_blocked[seg_twe4_0_50,airplane_DAEWH]} {+at-segment[airplane_DAEWH,seg_twe4_0_50],+not_occupied[seg_twe3_0_50],+not_blocked[seg_twe2_0_50,airplane_DAEWH]} {+not_blocked[seg_twe4_0_50,airplane_DAEWH],+not_occupied[seg_twe4_0_50],+at-segment[airplane_DAEWH,seg_twe3_0_50]}
5 move_seg_twe2_0_50_seg_twe3_0_50_south_south_medium[airplane_DAEWH,medium,south,seg_twe2_0_50,seg_twe3_0_50,airplane_CFBEG,airplane_DAEWH,seg_twe1_0_200] {+is-moving[airplane_DAEWH],+facing[airplane_DAEWH,south],+at-segment[airplane_DAEWH,seg_twe2_0_50],+not_occupied[seg_twe3_0_50],+not_blocked[seg_twe3_0_50,airplane_CFBEG],+not_blocked[seg_twe3_0_50,airplane_DAEWH]} {+not_occupied[seg_twe2_0_50],+not_blocked[seg_twe1_0_200,airplane_DAEWH],+at-segment[airplane_DAEWH,seg_twe3_0_50]} {+not_occupied[seg_twe3_0_50],+at-segment[airplane_DAEWH,seg_twe2_0_50],+not_blocked[seg_twe3_0_50,airplane_DAEWH]}
6 move_seg_twe1_0_200_seg_twe2_0_50_south_south_medium[airplane_DAEWH,medium,south,seg_twe1_0_200,seg_twe2_0_50,airplane_CFBEG,airplane_DAEWH,seg_ppdoor_0_40,seg_tww1_0_200] {+is-moving[airplane_DAEWH],+facing[airplane_DAEWH,south],+at-segment[airplane_DAEWH,seg_twe1_0_200],+not_occupied[seg_twe2_0_50],+not_blocked[seg_twe2_0_50,airplane_CFBEG],+not_blocked[seg_twe2_0_50,airplane_DAEWH]} {+not_occupied[seg_twe1_0_200],+not_blocked[seg_ppdoor_0_40,airplane_DAEWH],+at-segment[airplane_DAEWH,seg_twe2_0_50],+not_blocked[seg_tww1_0_200,airplane_DAEWH]} {+not_blocked[seg_twe2_0_50,airplane_DAEWH],+not_occupied[seg_twe2_0_50],+at-segment[airplane_DAEWH,seg_twe1_0_200]}
7 move_seg_tww1_0_200_seg_twe1_0_200_north_south_medium[airplane_DAEWH,medium,north,seg_tww1_0_200,seg_twe1_0_200,airplane_CFBEG,airplane_DAEWH,seg_ppdoor_0_40,south,seg_tww2_0_50] {+is-moving[airplane_DAEWH],+facing[airplane_DAEWH,north],+at-segment[airplane_DAEWH,seg_tww1_0_200],+not_occupied[seg_twe1_0_200],+not_blocked[seg_twe1_0_200,airplane_CFBEG],+not_blocked[seg_twe1_0_200,airplane_DAEWH],+not_occupied[seg_ppdoor_0_40]} {+not_blocked[seg_tww2_0_50,airplane_DAEWH],+at-segment[airplane_DAEWH,seg_twe1_0_200],+facing[airplane_DAEWH,south],+not_occupied[seg_tww1_0_200]} {+not_blocked[seg_twe1_0_200,airplane_DAEWH],+facing[airplane_DAEWH,north],+at-segment[airplane_DAEWH,seg_tww1_0_200],+not_blocked[seg_ppdoor_0_40,airplane_DAEWH],+not_occupied[seg_twe1_0_200]}
8 park_seg_pp_0_60_south[airplane_CFBEG,seg_pp_0_60,south,seg_ppdoor_0_40] {+at-segment[airplane_CFBEG,seg_pp_0_60],+facing[airplane_CFBEG,south],+is-moving[airplane_CFBEG]} {+is-parked[airplane_CFBEG,seg_pp_0_60],+not_blocked[seg_ppdoor_0_40,airplane_CFBEG]} {}
9 move_seg_ppdoor_0_40_seg_pp_0_60_south_south_medium[airplane_CFBEG,medium,south,seg_ppdoor_0_40,seg_pp_0_60,airplane_CFBEG,airplane_DAEWH,seg_tww1_0_200,seg_twe1_0_200] {+is-moving[airplane_CFBEG],+facing[airplane_CFBEG,south],+at-segment[airplane_CFBEG,seg_ppdoor_0_40],+not_occupied[seg_pp_0_60],+not_blocked[seg_pp_0_60,airplane_CFBEG],+not_blocked[seg_pp_0_60,airplane_DAEWH]} {+at-segment[airplane_CFBEG,seg_pp_0_60],+not_blocked[seg_twe1_0_200,airplane_CFBEG],+not_blocked[seg_tww1_0_200,airplane_CFBEG],+not_occupied[seg_ppdoor_0_40]} {+not_blocked[seg_pp_0_60,airplane_CFBEG],+at-segment[airplane_CFBEG,seg_ppdoor_0_40],+not_occupied[seg_pp_0_60]}
10 move_seg_rww_0_50_seg_tww4_0_50_south_north_medium[airplane_CFBEG,medium,south,seg_rww_0_50,seg_tww4_0_50,airplane_CFBEG,airplane_DAEWH,seg_rwtw1_0_10,north,seg_rwe_0_50,seg_rw_0_400] {+is-moving[airplane_CFBEG],+facing[airplane_CFBEG,south],+at-segment[airplane_CFBEG,seg_rww_0_50],+not_occupied[seg_tww4_0_50],+not_blocked[seg_tww4_0_50,airplane_CFBEG],+not_blocked[seg_tww4_0_50,airplane_DAEWH]} {+at-segment[airplane_CFBEG,seg_tww4_0_50],+not_occupied[seg_rww_0_50],+not_blocked[seg_rwe_0_50,airplane_CFBEG],+not_blocked[seg_rw_0_400,airplane_CFBEG],+facing[airplane_CFBEG,north]} {+not_blocked[seg_rwtw1_0_10,airplane_CFBEG],+facing[airplane_CFBEG,south],+not_occupied[seg_tww4_0_50],+at-segment[airplane_CFBEG,seg_rww_0_50],+not_blocked[seg_tww4_0_50,airplane_CFBEG]}
11 move_seg_rw_0_400_seg_rww_0_50_south_south_medium[airplane_CFBEG,medium,south,seg_rw_0_400,seg_rww_0_50,airplane_CFBEG,airplane_DAEWH,seg_rwe_0_50] {+is-moving[airplane_CFBEG],+facing[airplane_CFBEG,south],+at-segment[airplane_CFBEG,seg_rw_0_400],+not_occupied[seg_rww_0_50],+not_blocked[seg_rww_0_50,airplane_CFBEG],+not_blocked[seg_rww_0_50,airplane_DAEWH],+not_occupied[seg_rwe_0_50]} {+not_occupied[seg_rw_0_400],+at-segment[airplane_CFBEG,seg_rww_0_50]} {+not_blocked[seg_rww_0_50,airplane_CFBEG],+at-segment[airplane_CFBEG,seg_rw_0_400],+not_occupied[seg_rww_0_50]}
12 pushback_seg_ppdoor_0_40_seg_tww1_0_200_south_north_medium[airplane_DAEWH,medium,south,seg_ppdoor_0_40,seg_tww1_0_200,airplane_CFBEG,airplane_DAEWH,north] {+is-pushing[airplane_DAEWH],+facing[airplane_DAEWH,south],+at-segment[airplane_DAEWH,seg_ppdoor_0_40],+not_occupied[seg_tww1_0_200],+not_blocked[seg_tww1_0_200,airplane_CFBEG],+not_blocked[seg_tww1_0_200,airplane_DAEWH]} {+not_blocked[seg_ppdoor_0_40,airplane_DAEWH],+not_occupied[seg_ppdoor_0_40],+facing[airplane_DAEWH,north],+at-segment[airplane_DAEWH,seg_tww1_0_200]} {+facing[airplane_DAEWH,south],+not_occupied[seg_tww1_0_200],+at-segment[airplane_DAEWH,seg_ppdoor_0_40],+not_blocked[seg_tww1_0_200,airplane_DAEWH]}
13 move_seg_tww1_0_200_seg_ppdoor_0_40_north_south_medium[airplane_CFBEG,medium,north,seg_tww1_0_200,seg_ppdoor_0_40,airplane_CFBEG,airplane_DAEWH,seg_twe1_0_200,south,seg_tww2_0_50] {+is-moving[airplane_CFBEG],+facing[airplane_CFBEG,north],+at-segment[airplane_CFBEG,seg_tww1_0_200],+not_occupied[seg_ppdoor_0_40],+not_blocked[seg_ppdoor_0_40,airplane_CFBEG],+not_blocked[seg_ppdoor_0_40,airplane_DAEWH],+not_occupied[seg_twe1_0_200]} {+facing[airplane_CFBEG,south],+not_blocked[seg_tww2_0_50,airplane_CFBEG],+not_occupied[seg_tww1_0_200],+at-segment[airplane_CFBEG,seg_ppdoor_0_40]} {+not_occupied[seg_ppdoor_0_40],+at-segment[airplane_CFBEG,seg_tww1_0_200],+not_blocked[seg_twe1_0_200,airplane_CFBEG],+not_blocked[seg_ppdoor_0_40,airplane_CFBEG],+facing[airplane_CFBEG,north]}
14 pushback_seg_pp_0_60_seg_ppdoor_0_40_south_south_medium[airplane_DAEWH,medium,south,seg_pp_0_60,seg_ppdoor_0_40,airplane_CFBEG,airplane_DAEWH] {+is-pushing[airplane_DAEWH],+facing[airplane_DAEWH,south],+at-segment[airplane_DAEWH,seg_pp_0_60],+not_occupied[seg_ppdoor_0_40],+not_blocked[seg_ppdoor_0_40,airplane_CFBEG],+not_blocked[seg_ppdoor_0_40,airplane_DAEWH]} {+at-segment[airplane_DAEWH,seg_ppdoor_0_40],+not_blocked[seg_pp_0_60,airplane_DAEWH],+not_occupied[seg_pp_0_60]} {+not_occupied[seg_ppdoor_0_40],+at-segment[airplane_DAEWH,seg_pp_0_60],+not_blocked[seg_ppdoor_0_40,airplane_DAEWH]}
15 move_seg_tww2_0_50_seg_tww1_0_200_north_north_medium[airplane_CFBEG,medium,north,seg_tww2_0_50,seg_tww1_0_200,airplane_CFBEG,airplane_DAEWH,seg_tww3_0_50] {+is-moving[airplane_CFBEG],+facing[airplane_CFBEG,north],+at-segment[airplane_CFBEG,seg_tww2_0_50],+not_occupied[seg_tww1_0_200],+not_blocked[seg_tww1_0_200,airplane_CFBEG],+not_blocked[seg_tww1_0_200,airplane_DAEWH]} {+not_blocked[seg_tww3_0_50,airplane_CFBEG],+not_occupied[seg_tww2_0_50],+at-segment[airplane_CFBEG,seg_tww1_0_200]} {+not_blocked[seg_tww1_0_200,airplane_CFBEG],+not_occupied[seg_tww1_0_200],+at-segment[airplane_CFBEG,seg_tww2_0_50]}
16 move_seg_tww3_0_50_seg_tww2_0_50_north_north_medium[airplane_CFBEG,medium,north,seg_tww3_0_50,seg_tww2_0_50,airplane_CFBEG,airplane_DAEWH,seg_tww4_0_50] {+is-moving[airplane_CFBEG],+facing[airplane_CFBEG,north],+at-segment[airplane_CFBEG,seg_tww3_0_50],+not_occupied[seg_tww2_0_50],+not_blocked[seg_tww2_0_50,airplane_CFBEG],+not_blocked[seg_tww2_0_50,airplane_DAEWH]} {+not_occupied[seg_tww3_0_50],+not_blocked[seg_tww4_0_50,airplane_CFBEG],+at-segment[airplane_CFBEG,seg_tww2_0_50]} {+not_occupied[seg_tww2_0_50],+not_blocked[seg_tww2_0_50,airplane_CFBEG],+at-segment[airplane_CFBEG,seg_tww3_0_50]}
17 move_seg_tww4_0_50_seg_tww3_0_50_north_north_medium[airplane_CFBEG,medium,north,seg_tww4_0_50,seg_tww3_0_50,airplane_CFBEG,airplane_DAEWH,seg_rww_0_50,seg_rwtw1_0_10] {+is-moving[airplane_CFBEG],+facing[airplane_CFBEG,north],+at-segment[airplane_CFBEG,seg_tww4_0_50],+not_occupied[seg_tww3_0_50],+not_blocked[seg_tww3_0_50,airplane_CFBEG],+not_blocked[seg_tww3_0_50,airplane_DAEWH]} {+at-segment[airplane_CFBEG,seg_tww3_0_50],+not_blocked[seg_rww_0_50,airplane_CFBEG],+not_blocked[seg_rwtw1_0_10,airplane_CFBEG],+not_occupied[seg_tww4_0_50]} {+not_blocked[seg_tww3_0_50,airplane_CFBEG],+not_occupied[seg_tww3_0_50],+at-segment[airplane_CFBEG,seg_tww4_0_50]}
18 startup_seg_tww1_0_200_north_medium[airplane_DAEWH,seg_tww1_0_200,seg_tww2_0_50] {+is-pushing[airplane_DAEWH],+at-segment[airplane_DAEWH,seg_tww1_0_200],+not_occupied[seg_tww2_0_50]} {+is-moving[airplane_DAEWH]} {+is-pushing[airplane_DAEWH],+not_blocked[seg_tww2_0_50,airplane_DAEWH]}
98
2 +airborne[airplane_DAEWH,seg_rwe_0_50] 1
3 +at-segment[airplane_DAEWH,seg_rwe_0_50] 2
4 +at-segment[airplane_DAEWH,seg_twe4_0_50] 3
5 +at-segment[airplane_DAEWH,seg_twe3_0_50] 4
6 +at-segment[airplane_DAEWH,seg_twe2_0_50] 5
7 +at-segment[airplane_DAEWH,seg_twe1_0_200] 6
8 +is-parked[airplane_CFBEG,seg_pp_0_60] 1
9 +at-segment[airplane_CFBEG,seg_pp_0_60] 8
10 +not_blocked[seg_rwe_0_50,airplane_CFBEG] 3
11 +at-segment[airplane_CFBEG,seg_rww_0_50] 10
12 +facing[airplane_DAEWH,north] 7
0 +is-moving[airplane_CFBEG] 8
0 +is-moving[airplane_CFBEG] 9
13 +at-segment[airplane_CFBEG,seg_ppdoor_0_40] 9
14 +not_blocked[seg_pp_0_60,airplane_DAEWH] 9
0 +is-moving[airplane_CFBEG] 10
0 +is-moving[airplane_CFBEG] 11
0 +is-pushing[airplane_DAEWH] 12
0 +is-moving[airplane_CFBEG] 13
10 +facing[airplane_CFBEG,north] 13
15 +at-segment[airplane_CFBEG,seg_tww1_0_200] 13
16 +at-segment[airplane_CFBEG,seg_tww2_0_50] 15
17 +at-segment[airplane_CFBEG,seg_tww3_0_50] 16
0 +is-pushing[airplane_DAEWH] 14
0 +is-moving[airplane_CFBEG] 15
10 +facing[airplane_CFBEG,north] 15
0 +is-moving[airplane_CFBEG] 16
10 +facing[airplane_CFBEG,north] 16
0 +is-moving[airplane_CFBEG] 17
10 +facing[airplane_CFBEG,north] 17
10 +at-segment[airplane_CFBEG,seg_tww4_0_50] 17
0 +not_blocked[seg_twe3_0_50,airplane_CFBEG] 5
0 +not_blocked[seg_twe3_0_50,airplane_DAEWH] 5
0 +not_blocked[seg_twe2_0_50,airplane_CFBEG] 6
0 +not_blocked[seg_twe2_0_50,airplane_DAEWH] 6
0 +not_blocked[seg_pp_0_60,airplane_CFBEG] 9
0 +at-segment[airplane_CFBEG,seg_rw_0_400] 11
0 +at-segment[airplane_DAEWH,seg_pp_0_60] 14
0 +not_blocked[seg_tww3_0_50,airplane_CFBEG] 17
0 +not_blocked[seg_tww3_0_50,airplane_DAEWH] 17
0 +not_blocked[seg_rwe_0_50,airplane_DAEWH] 3
0 +not_occupied[seg_twe4_0_50] 4
0 +not_blocked[seg_twe4_0_50,airplane_CFBEG] 4
0 +not_blocked[seg_twe4_0_50,airplane_DAEWH] 4
0 +not_occupied[seg_twe3_0_50] 5
0 +not_occupied[seg_twe2_0_50] 6
12 +at-segment[airplane_DAEWH,seg_tww1_0_200] 7
0 +not_occupied[seg_twe1_0_200] 7
0 +not_blocked[seg_twe1_0_200,airplane_DAEWH] 7
14 +not_occupied[seg_pp_0_60] 9
0 +not_occupied[seg_tww4_0_50] 10
0 +not_blocked[seg_tww4_0_50,airplane_CFBEG] 10
0 +not_blocked[seg_tww4_0_50,airplane_DAEWH] 10
0 +not_blocked[seg_rww_0_50,airplane_CFBEG] 11
0 +not_blocked[seg_rww_0_50,airplane_DAEWH] 11
14 +at-segment[airplane_DAEWH,seg_ppdoor_0_40] 12
0 +not_blocked[seg_tww1_0_200,airplane_DAEWH] 12
0 +not_blocked[seg_ppdoor_0_40,airplane_CFBEG] 13
0 +not_blocked[seg_ppdoor_0_40,airplane_CFBEG] 14
0 +not_blocked[seg_tww1_0_200,airplane_CFBEG] 15
0 +not_occupied[seg_tww2_0_50] 16
0 +not_blocked[seg_tww2_0_50,airplane_CFBEG] 16
0 +not_occupied[seg_tww3_0_50] 17
0 +not_blocked[seg_twe1_0_200,airplane_CFBEG] 7
0 +not_blocked[seg_tww1_0_200,airplane_CFBEG] 12
0 +facing[airplane_CFBEG,south] 10
0 +facing[airplane_CFBEG,south] 11
0 +facing[airplane_DAEWH,south] 12
6 +not_occupied[seg_twe1_0_200] 13
0 +facing[airplane_DAEWH,south] 14
0 +not_blocked[seg_ppdoor_0_40,airplane_DAEWH] 14
6 +not_blocked[seg_tww1_0_200,airplane_DAEWH] 15
7 +not_blocked[seg_tww2_0_50,airplane_DAEWH] 16
7 +facing[airplane_DAEWH,south] 2
7 +facing[airplane_DAEWH,south] 3
0 +not_occupied[seg_rwe_0_50] 3
7 +facing[airplane_DAEWH,south] 4
7 +facing[airplane_DAEWH,south] 5
7 +facing[airplane_DAEWH,south] 6
13 +facing[airplane_CFBEG,south] 8
13 +facing[airplane_CFBEG,south] 9
0 +not_occupied[seg_rww_0_50] 11
0 +not_occupied[seg_rwe_0_50] 11
0 +not_occupied[seg_tww1_0_200] 12
6 +not_blocked[seg_ppdoor_0_40,airplane_DAEWH] 13
0 +not_occupied[seg_ppdoor_0_40] 14
7 +not_occupied[seg_tww1_0_200] 15
12 +not_occupied[seg_ppdoor_0_40] 7
12 +not_occupied[seg_ppdoor_0_40] 13
18 +is-moving[airplane_DAEWH] 2
0 +is-pushing[airplane_DAEWH] 18
12 +at-segment[airplane_DAEWH,seg_tww1_0_200] 18
0 +not_occupied[seg_tww2_0_50] 18
18 +is-moving[airplane_DAEWH] 3
18 +is-moving[airplane_DAEWH] 4
18 +is-moving[airplane_DAEWH] 5
18 +is-moving[airplane_DAEWH] 6
18 +is-moving[airplane_DAEWH] 7
127
0 1
0 2
0 3
0 4
0 5
0 6
0 7
0 8
0 9
0 10
0 11
0 12
0 13
0 14
0 15
0 16
0 17
0 18
5 1
5 2
5 3
5 4
10 1
10 2
10 3
10 8
10 9
10 13
10 15
10 16
10 17
14 1
14 2
14 3
14 4
14 5
14 6
14 7
14 8
14 9
14 12
14 13
14 15
14 16
14 18
6 1
6 2
6 3
6 4
6 5
6 8
6 9
6 13
6 15
9 1
9 8
13 1
13 8
13 9
2 1
17 1
17 8
17 9
17 13
17 15
17 16
12 1
12 2
12 3
12 4
12 5
12 6
12 7
12 8
12 9
12 13
12 15
12 16
12 18
7 1
7 2
7 3
7 4
7 5
7 6
7 8
7 9
7 13
7 15
7 16
3 1
3 2
18 1
18 2
18 3
18 4
18 5
18 6
18 7
18 8
18 9
18 13
18 15
18 16
16 1
16 8
16 9
16 13
16 15
11 1
11 2
11 3
11 8
11 9
11 10
11 13
11 15
11 16
11 17
8 1
4 1
4 2
4 3
15 1
15 8
15 9
15 13
