Domain: ../resources/IPC2/logistic/domain/domain.pddl
Problem: ../resources/IPC2/logistic/problems/probLOGISTICS-09-1.pddl
DETAILED SOLUTION
34
0 init(<Instance>)[apn1,apt3,pos3,apt2,pos2,apt1,pos1,cit3,cit2,cit1,tru3,tru2,tru1,obj33,obj32,obj31,obj23,obj22,obj21,obj13,obj12,obj11] {} {+at[obj13,pos1],+at[obj21,pos2],+at[obj32,pos3],+at[obj31,pos3],+at[obj12,pos1],+at[tru3,pos3],+at[tru2,pos2],+at[obj11,pos1],+at[obj23,pos2],+at[apn1,apt1],+at[obj33,pos3],+at[obj22,pos2],+at[tru1,pos1]} {}
1 goal(<Instance>)[apn1,apt3,pos3,apt2,pos2,apt1,pos1,cit3,cit2,cit1,tru3,tru2,tru1,obj33,obj32,obj31,obj23,obj22,obj21,obj13,obj12,obj11] {+at[obj11,apt2],+at[obj31,pos3],+at[obj13,pos3],+at[obj23,apt3],+at[obj33,apt3],+at[obj22,pos2],+at[obj32,apt3],+at[obj21,pos2],+at[obj12,pos3]} {} {}
2 unload-truck[obj13,tru3,pos3] {+at[tru3,pos3],+in[obj13,tru3]} {+at[obj13,pos3]} {+in[obj13,tru3]}
3 unload-truck[obj12,tru3,pos3] {+at[tru3,pos3],+in[obj12,tru3]} {+at[obj12,pos3]} {+in[obj12,tru3]}
4 unload-airplane[obj11,apn1,apt2] {+in[obj11,apn1],+at[apn1,apt2]} {+at[obj11,apt2]} {+in[obj11,apn1]}
5 unload-airplane[obj23,apn1,apt3] {+in[obj23,apn1],+at[apn1,apt3]} {+at[obj23,apt3]} {+in[obj23,apn1]}
6 unload-truck[obj33,tru3,apt3] {+at[tru3,apt3],+in[obj33,tru3]} {+at[obj33,apt3]} {+in[obj33,tru3]}
7 unload-truck[obj32,tru3,apt3] {+at[tru3,apt3],+in[obj32,tru3]} {+at[obj32,apt3]} {+in[obj32,tru3]}
8 load-truck[obj13,tru3,apt3] {+at[tru3,apt3],+at[obj13,apt3]} {+in[obj13,tru3]} {+at[obj13,apt3]}
9 load-truck[obj12,tru3,apt3] {+at[tru3,apt3],+at[obj12,apt3]} {+in[obj12,tru3]} {+at[obj12,apt3]}
10 drive-truck[tru3,pos3,apt3,cit3] {+at[tru3,pos3]} {+at[tru3,apt3]} {+at[tru3,pos3]}
11 load-truck[obj33,tru3,pos3] {+at[tru3,pos3],+at[obj33,pos3]} {+in[obj33,tru3]} {+at[obj33,pos3]}
12 load-truck[obj32,tru3,pos3] {+at[tru3,pos3],+at[obj32,pos3]} {+in[obj32,tru3]} {+at[obj32,pos3]}
13 unload-airplane[obj13,apn1,apt3] {+in[obj13,apn1],+at[apn1,apt3]} {+at[obj13,apt3]} {+in[obj13,apn1]}
14 unload-airplane[obj12,apn1,apt3] {+in[obj12,apn1],+at[apn1,apt3]} {+at[obj12,apt3]} {+in[obj12,apn1]}
15 load-airplane[obj11,apn1,apt1] {+at[obj11,apt1],+at[apn1,apt1]} {+in[obj11,apn1]} {+at[obj11,apt1]}
16 unload-truck[obj11,tru1,apt1] {+at[tru1,apt1],+in[obj11,tru1]} {+at[obj11,apt1]} {+in[obj11,tru1]}
17 drive-truck[tru1,pos1,apt1,cit1] {+at[tru1,pos1]} {+at[tru1,apt1]} {+at[tru1,pos1]}
18 load-truck[obj11,tru1,pos1] {+at[tru1,pos1],+at[obj11,pos1]} {+in[obj11,tru1]} {+at[obj11,pos1]}
19 fly-airplane[apn1,apt1,apt2] {+at[apn1,apt1]} {+at[apn1,apt2]} {+at[apn1,apt1]}
20 load-airplane[obj23,apn1,apt2] {+at[obj23,apt2],+at[apn1,apt2]} {+in[obj23,apn1]} {+at[obj23,apt2]}
21 unload-truck[obj23,tru2,apt2] {+at[tru2,apt2],+in[obj23,tru2]} {+at[obj23,apt2]} {+in[obj23,tru2]}
22 drive-truck[tru2,pos2,apt2,cit2] {+at[tru2,pos2]} {+at[tru2,apt2]} {+at[tru2,pos2]}
23 load-truck[obj23,tru2,pos2] {+at[tru2,pos2],+at[obj23,pos2]} {+in[obj23,tru2]} {+at[obj23,pos2]}
24 fly-airplane[apn1,apt1,apt3] {+at[apn1,apt1]} {+at[apn1,apt3]} {+at[apn1,apt1]}
25 load-airplane[obj13,apn1,apt1] {+at[obj13,apt1],+at[apn1,apt1]} {+in[obj13,apn1]} {+at[obj13,apt1]}
26 unload-truck[obj13,tru1,apt1] {+at[tru1,apt1],+in[obj13,tru1]} {+at[obj13,apt1]} {+in[obj13,tru1]}
27 load-truck[obj13,tru1,pos1] {+at[tru1,pos1],+at[obj13,pos1]} {+in[obj13,tru1]} {+at[obj13,pos1]}
28 load-airplane[obj12,apn1,apt1] {+at[obj12,apt1],+at[apn1,apt1]} {+in[obj12,apn1]} {+at[obj12,apt1]}
29 unload-truck[obj12,tru1,apt1] {+at[tru1,apt1],+in[obj12,tru1]} {+at[obj12,apt1]} {+in[obj12,tru1]}
30 load-truck[obj12,tru1,pos1] {+at[tru1,pos1],+at[obj12,pos1]} {+in[obj12,tru1]} {+at[obj12,pos1]}
31 drive-truck[tru3,pos3,pos3,cit3] {+at[tru3,pos3]} {+at[tru3,pos3]} {}
32 drive-truck[tru3,apt3,pos3,cit3] {+at[tru3,apt3]} {+at[tru3,pos3]} {+at[tru3,apt3]}
33 fly-airplane[apn1,apt2,apt1] {+at[apn1,apt2]} {+at[apn1,apt1]} {+at[apn1,apt2]}
65
2 +at[obj13,pos3] 1
3 +at[obj12,pos3] 1
4 +at[obj11,apt2] 1
5 +at[obj23,apt3] 1
6 +at[obj33,apt3] 1
7 +at[obj32,apt3] 1
8 +in[obj13,tru3] 2
9 +in[obj12,tru3] 3
10 +at[tru3,apt3] 6
11 +in[obj33,tru3] 6
12 +in[obj32,tru3] 7
13 +at[obj13,apt3] 8
14 +at[obj12,apt3] 9
0 +at[obj31,pos3] 1
0 +at[obj22,pos2] 1
0 +at[obj21,pos2] 1
15 +in[obj11,apn1] 4
16 +at[obj11,apt1] 15
17 +at[tru1,apt1] 16
18 +in[obj11,tru1] 16
19 +at[apn1,apt2] 4
20 +in[obj23,apn1] 5
21 +at[obj23,apt2] 20
22 +at[tru2,apt2] 21
23 +in[obj23,tru2] 21
24 +at[apn1,apt3] 5
10 +at[tru3,apt3] 7
10 +at[tru3,apt3] 8
10 +at[tru3,apt3] 9
0 +at[obj33,pos3] 11
0 +at[obj32,pos3] 12
25 +in[obj13,apn1] 13
26 +at[obj13,apt1] 25
27 +in[obj13,tru1] 26
28 +in[obj12,apn1] 14
29 +at[obj12,apt1] 28
30 +in[obj12,tru1] 29
0 +at[obj11,pos1] 18
0 +at[obj23,pos2] 23
17 +at[tru1,apt1] 26
0 +at[obj13,pos1] 27
17 +at[tru1,apt1] 29
0 +at[obj12,pos1] 30
31 +at[tru3,pos3] 2
0 +at[tru3,pos3] 10
24 +at[apn1,apt3] 13
24 +at[apn1,apt3] 14
0 +at[tru1,pos1] 17
0 +at[tru1,pos1] 18
19 +at[apn1,apt2] 20
0 +at[tru2,pos2] 22
0 +at[tru2,pos2] 23
0 +at[tru1,pos1] 27
0 +at[tru1,pos1] 30
32 +at[tru3,pos3] 31
10 +at[tru3,apt3] 32
0 +at[tru3,pos3] 11
0 +at[tru3,pos3] 12
0 +at[apn1,apt1] 15
0 +at[apn1,apt1] 19
33 +at[apn1,apt1] 24
19 +at[apn1,apt2] 33
31 +at[tru3,pos3] 3
0 +at[apn1,apt1] 25
0 +at[apn1,apt1] 28
385
0 1
0 2
0 3
0 4
0 5
0 6
0 7
0 8
0 9
0 10
0 11
0 12
0 13
0 14
0 15
0 16
0 17
0 18
0 19
0 20
0 21
0 22
0 23
0 24
0 25
0 26
0 27
0 28
0 29
0 30
0 31
0 32
0 33
5 1
10 1
10 2
10 3
10 6
10 7
10 8
10 9
10 31
10 32
24 1
24 2
24 3
24 5
24 8
24 9
24 13
24 14
24 31
24 32
25 1
25 2
25 3
25 4
25 5
25 8
25 9
25 13
25 14
25 19
25 20
25 24
25 31
25 32
25 33
14 1
14 2
14 3
14 9
14 31
14 32
20 1
20 2
20 3
20 5
20 8
20 9
20 13
20 14
20 24
20 31
20 32
20 33
29 1
29 2
29 3
29 4
29 5
29 8
29 9
29 13
29 14
29 19
29 20
29 24
29 28
29 31
29 32
29 33
6 1
6 2
6 3
6 31
6 32
28 1
28 2
28 3
28 4
28 5
28 8
28 9
28 13
28 14
28 19
28 20
28 24
28 31
28 32
28 33
21 1
21 2
21 3
21 5
21 8
21 9
21 13
21 14
21 20
21 24
21 31
21 32
21 33
33 1
33 2
33 3
33 5
33 8
33 9
33 13
33 14
33 24
33 31
33 32
9 1
9 2
9 3
9 31
9 32
13 1
13 2
13 3
13 8
13 31
13 32
2 1
32 1
32 2
32 3
32 31
17 1
17 2
17 3
17 4
17 5
17 8
17 9
17 13
17 14
17 15
17 16
17 19
17 20
17 24
17 25
17 26
17 28
17 29
17 31
17 32
17 33
22 1
22 2
22 3
22 5
22 8
22 9
22 13
22 14
22 20
22 21
22 24
22 31
22 32
22 33
27 1
27 2
27 3
27 4
27 5
27 8
27 9
27 13
27 14
27 15
27 16
27 17
27 19
27 20
27 24
27 25
27 26
27 28
27 29
27 31
27 32
27 33
12 1
12 2
12 3
12 6
12 7
12 8
12 9
12 10
12 31
12 32
7 1
7 2
7 3
7 31
7 32
3 1
18 1
18 2
18 3
18 4
18 5
18 8
18 9
18 13
18 14
18 15
18 16
18 17
18 19
18 20
18 24
18 25
18 26
18 28
18 29
18 31
18 32
18 33
16 1
16 2
16 3
16 4
16 5
16 8
16 9
16 13
16 14
16 15
16 19
16 20
16 24
16 31
16 32
16 33
31 1
31 2
31 3
11 1
11 2
11 3
11 6
11 7
11 8
11 9
11 10
11 31
11 32
26 1
26 2
26 3
26 4
26 5
26 8
26 9
26 13
26 14
26 19
26 20
26 24
26 25
26 31
26 32
26 33
23 1
23 2
23 3
23 5
23 8
23 9
23 13
23 14
23 20
23 21
23 22
23 24
23 31
23 32
23 33
8 1
8 2
8 3
8 31
8 32
30 1
30 2
30 3
30 4
30 5
30 8
30 9
30 13
30 14
30 15
30 16
30 17
30 19
30 20
30 24
30 25
30 26
30 28
30 29
30 31
30 32
30 33
19 1
19 2
19 3
19 4
19 5
19 8
19 9
19 13
19 14
19 20
19 24
19 31
19 32
19 33
4 1
4 2
4 3
4 5
4 8
4 9
4 13
4 14
4 24
4 31
4 32
4 33
15 1
15 2
15 3
15 4
15 5
15 8
15 9
15 13
15 14
15 19
15 20
15 24
15 31
15 32
15 33
